<?xml version="1.0" encoding="UTF-8"?>
<robot generator="Robot 7.3.2 (Python 3.12.3 on linux)" generated="2025-10-05T15:44:58.550044" rpa="false" schemaversion="5">
<suite id="s1" name="Event Logs" source="/mnt/c/Users/sacpa/Projects/robot/robotframework/tests/test22_event_logs/event_logs.robot">
<kw name="Initialize Event Logs Test Environment" owner="logs_keywords" type="SETUP">
<kw name="Log" owner="BuiltIn">
<msg time="2025-10-05T15:45:09.836192" level="INFO">🚀 Initializing Test-22: Event Logs &amp; Critical Error Validation Environment...</msg>
<arg>🚀 Initializing Test-22: Event Logs &amp; Critical Error Validation Environment...</arg>
<arg>console=yes</arg>
<doc>Logs the given message with the given level.</doc>
<status status="PASS" start="2025-10-05T15:45:09.835945" elapsed="0.000398"/>
</kw>
<kw name="Create Directory" owner="OperatingSystem">
<msg time="2025-10-05T15:45:09.837592" level="INFO" html="true">Directory '&lt;a href="file:///mnt/c/Users/sacpa/Projects/robot/robotframework/results/test22_event_logs/data"&gt;/mnt/c/Users/sacpa/Projects/robot/robotframework/results/test22_event_logs/data&lt;/a&gt;' already exists.</msg>
<arg>${DATA_DIR}</arg>
<doc>Creates the specified directory.</doc>
<status status="PASS" start="2025-10-05T15:45:09.836520" elapsed="0.001203"/>
</kw>
<kw name="Lookup Server Config" owner="EDSLookup">
<msg time="2025-10-05T15:45:09.869118" level="INFO">Found matching row for hostname 'alhxvdvitap01'</msg>
<msg time="2025-10-05T15:45:09.869334" level="INFO">Extracted IP from EDS: 172.30.16.186</msg>
<msg time="2025-10-05T15:45:09.869373" level="INFO">Extracted subnet from EDS: 10.26.216.0/24</msg>
<msg time="2025-10-05T15:45:09.869402" level="INFO">Extracted mask from EDS: 255.255.255.0</msg>
<msg time="2025-10-05T15:45:09.869423" level="INFO">Extracted gateway from EDS: 10.26.216.4</msg>
<msg time="2025-10-05T15:45:09.869445" level="INFO">Extracted CNAME from EDS: alhxvdvitap01</msg>
<msg time="2025-10-05T15:45:09.869465" level="INFO">Extracted domain from EDS: gnscet.com</msg>
<msg time="2025-10-05T15:45:09.869490" level="INFO">Extracted CPU cores from EDS: 8</msg>
<msg time="2025-10-05T15:45:09.869512" level="INFO">Extracted RAM from EDS: 16</msg>
<msg time="2025-10-05T15:45:09.869535" level="INFO">Extracted storage type from EDS: VSAN</msg>
<msg time="2025-10-05T15:45:09.869572" level="INFO">Extracted storage total TB from EDS: 0.465</msg>
<msg time="2025-10-05T15:45:09.869595" level="INFO">Extracted drive/volume group from EDS: rootvg:</msg>
<msg time="2025-10-05T15:45:09.869616" level="INFO">Extracted file system from EDS: /dev/mapper/rootvg-rootlv</msg>
<msg time="2025-10-05T15:45:09.869638" level="INFO">Extracted logical volume/partition from EDS: /</msg>
<msg time="2025-10-05T15:45:09.869660" level="INFO">Extracted storage allocation GB from EDS: 20</msg>
<msg time="2025-10-05T15:45:09.869680" level="INFO">Extracted recommended storage allocation GB from EDS: 20</msg>
<msg time="2025-10-05T15:45:09.869700" level="INFO">Extracted drive purpose from EDS: OS</msg>
<msg time="2025-10-05T15:45:09.869719" level="INFO">Extracted OS type from EDS: RHEL 9.6</msg>
<msg time="2025-10-05T15:45:09.869741" level="INFO">EDS configuration for alhxvdvitap01: {'ip': '172.30.16.186', 'subnet': '10.26.216.0/24', 'mask': '255.255.255.0', 'gateway': '10.26.216.4', 'cname': 'alhxvdvitap01', 'domain': 'gnscet.com', 'cpu_cores': '8', 'ram': '16', 'storage_type': 'VSAN', 'storage_total_tb': '0.465', 'drive_volume_group': 'rootvg:', 'file_system': '/dev/mapper/rootvg-rootlv', 'logical_volume_partition': '/', 'storage_allocation_gb': '20', 'recommended_storage_gb': '20', 'drive_purpose': 'OS', 'os_type': 'RHEL 9.6'}</msg>
<msg time="2025-10-05T15:45:09.869864" level="INFO">${eds_config} = {'ip': '172.30.16.186', 'subnet': '10.26.216.0/24', 'mask': '255.255.255.0', 'gateway': '10.26.216.4', 'cname': 'alhxvdvitap01', 'domain': 'gnscet.com', 'cpu_cores': '8', 'ram': '16', 'storage_type': ...</msg>
<var>${eds_config}</var>
<arg>${TARGET_HOSTNAME}</arg>
<doc>Lookup server configuration from EDS sheet based on hostname</doc>
<status status="PASS" start="2025-10-05T15:45:09.837900" elapsed="0.031989"/>
</kw>
<kw name="Set Suite Variable" owner="BuiltIn">
<msg time="2025-10-05T15:45:09.871881" level="INFO">${TARGET_IP} = 172.30.16.186</msg>
<arg>${TARGET_IP}</arg>
<arg>${eds_config['ip']}</arg>
<doc>Makes a variable available everywhere within the scope of the current suite.</doc>
<status status="PASS" start="2025-10-05T15:45:09.870096" elapsed="0.001847"/>
</kw>
<kw name="Log" owner="BuiltIn">
<msg time="2025-10-05T15:45:09.872333" level="INFO">📋 Target Server: alhxvdvitap01</msg>
<arg>📋 Target Server: ${TARGET_HOSTNAME}</arg>
<arg>console=yes</arg>
<doc>Logs the given message with the given level.</doc>
<status status="PASS" start="2025-10-05T15:45:09.872080" elapsed="0.000382"/>
</kw>
<kw name="Log" owner="BuiltIn">
<msg time="2025-10-05T15:45:09.872796" level="INFO">📋 Target IP: 172.30.16.186</msg>
<arg>📋 Target IP: ${TARGET_IP}</arg>
<arg>console=yes</arg>
<doc>Logs the given message with the given level.</doc>
<status status="PASS" start="2025-10-05T15:45:09.872608" elapsed="0.000312"/>
</kw>
<kw name="Log" owner="BuiltIn">
<msg time="2025-10-05T15:45:09.873215" level="INFO">🔗 Connecting to target server: 172.30.16.186...</msg>
<arg>🔗 Connecting to target server: ${TARGET_IP}...</arg>
<arg>console=yes</arg>
<doc>Logs the given message with the given level.</doc>
<status status="PASS" start="2025-10-05T15:45:09.873061" elapsed="0.000294"/>
</kw>
<kw name="Open Connection" owner="SSHLibrary">
<arg>${TARGET_IP}</arg>
<doc>Opens a new SSH connection to the given ``host`` and ``port``.</doc>
<status status="PASS" start="2025-10-05T15:45:09.873535" elapsed="0.000222"/>
</kw>
<kw name="Login" owner="SSHLibrary">
<msg time="2025-10-05T15:45:09.874059" level="INFO">Logging into '172.30.16.186:22' as 'sac'.</msg>
<msg time="2025-10-05T15:45:11.175888" level="INFO">Read output: Welcome to Ubuntu 24.04.3 LTS (GNU/Linux 6.6.87.2-microsoft-standard-WSL2 x86_64)

 * Documentation:  https://help.ubuntu.com
 * Management:     https://landscape.canonical.com
 * Support:        https://ubuntu.com/pro

 System information as of Sun Oct  5 15:44:11 CDT 2025

  System load:  0.79                Processes:             40
  Usage of /:   0.7% of 1006.85GB   Users logged in:       1
  Memory usage: 6%                  IPv4 address for eth0: 172.30.16.186
  Swap usage:   0%

 * Strictly confined Kubernetes makes edge and IoT secure. Learn how MicroK8s
   just raised the bar for easy, resilient and secure K8s cluster deployment.

   https://ubuntu.com/engage/secure-kubernetes-at-the-edge
Last login: Sun Oct  5 15:44:41 2025 from 172.30.16.186
[?2004hsac@alhxvdvitap01:~$</msg>
<arg>${SSH_USERNAME}</arg>
<arg>${SSH_PASSWORD}</arg>
<doc>Logs into the SSH server with the given ``username`` and ``password``.</doc>
<status status="PASS" start="2025-10-05T15:45:09.873863" elapsed="1.302473"/>
</kw>
<kw name="Log" owner="BuiltIn">
<msg time="2025-10-05T15:45:11.177809" level="INFO">✅ SSH connection established successfully</msg>
<arg>✅ SSH connection established successfully</arg>
<arg>console=yes</arg>
<doc>Logs the given message with the given level.</doc>
<status status="PASS" start="2025-10-05T15:45:11.176966" elapsed="0.001191"/>
</kw>
<kw name="Log" owner="BuiltIn">
<msg time="2025-10-05T15:45:11.179169" level="INFO">✅ Test-22 environment initialized</msg>
<arg>✅ Test-22 environment initialized</arg>
<arg>console=yes</arg>
<doc>Logs the given message with the given level.</doc>
<status status="PASS" start="2025-10-05T15:45:11.178619" elapsed="0.000887"/>
</kw>
<doc>🏗️ Set up test environment for event log validation</doc>
<status status="PASS" start="2025-10-05T15:45:09.835279" elapsed="1.344481"/>
</kw>
<test id="s1-t1" name="Critical - Connect to Target Server" line="20">
<kw name="Log Test Start" owner="logs_keywords" type="SETUP">
<kw name="Log" owner="BuiltIn">
<msg time="2025-10-05T15:45:11.183674" level="INFO">
================================================================================</msg>
<arg>\n================================================================================</arg>
<arg>console=yes</arg>
<doc>Logs the given message with the given level.</doc>
<status status="PASS" start="2025-10-05T15:45:11.183153" elapsed="0.000837"/>
</kw>
<kw name="Log" owner="BuiltIn">
<msg time="2025-10-05T15:45:11.192964" level="INFO">🏁 Starting Test: Critical - Connect to Target Server</msg>
<arg>🏁 Starting Test: ${test_name}</arg>
<arg>console=yes</arg>
<doc>Logs the given message with the given level.</doc>
<status status="PASS" start="2025-10-05T15:45:11.192389" elapsed="0.000839"/>
</kw>
<kw name="Log" owner="BuiltIn">
<msg time="2025-10-05T15:45:11.194572" level="INFO">================================================================================</msg>
<arg>================================================================================</arg>
<arg>console=yes</arg>
<doc>Logs the given message with the given level.</doc>
<status status="PASS" start="2025-10-05T15:45:11.193568" elapsed="0.001249"/>
</kw>
<arg>${TEST_NAME}</arg>
<doc>📝 Log the start of a test case</doc>
<status status="PASS" start="2025-10-05T15:45:11.181969" elapsed="0.013132"/>
</kw>
<kw name="Log" owner="BuiltIn">
<msg time="2025-10-05T15:45:11.195743" level="INFO">🔍 Verifying SSH connection to target server...</msg>
<arg>🔍 Verifying SSH connection to target server...</arg>
<arg>console=yes</arg>
<doc>Logs the given message with the given level.</doc>
<status status="PASS" start="2025-10-05T15:45:11.195441" elapsed="0.000556"/>
</kw>
<kw name="Log" owner="BuiltIn">
<msg time="2025-10-05T15:45:11.196768" level="INFO">📋 Target: alhxvdvitap01 (172.30.16.186)</msg>
<arg>📋 Target: ${TARGET_HOSTNAME} (${TARGET_IP})</arg>
<arg>console=yes</arg>
<doc>Logs the given message with the given level.</doc>
<status status="PASS" start="2025-10-05T15:45:11.196301" elapsed="0.000673"/>
</kw>
<kw name="Execute Command" owner="logs_keywords">
<kw name="Execute Command" owner="SSHLibrary">
<msg time="2025-10-05T15:45:11.207002" level="INFO">Executing command 'echo "Connection active"'.</msg>
<msg time="2025-10-05T15:45:11.219869" level="INFO">Command exited with return code 0.</msg>
<msg time="2025-10-05T15:45:11.220223" level="INFO">${output} = Connection active</msg>
<var>${output}</var>
<arg>${command}</arg>
<doc>Executes ``command`` on the remote machine and returns its outputs.</doc>
<status status="PASS" start="2025-10-05T15:45:11.206598" elapsed="0.013670"/>
</kw>
<return>
<value>${output}</value>
<status status="PASS" start="2025-10-05T15:45:11.220447" elapsed="0.000122"/>
</return>
<msg time="2025-10-05T15:45:11.220849" level="INFO">${connection_status} = Connection active</msg>
<var>${connection_status}</var>
<arg>echo "Connection active"</arg>
<doc>🔧 Execute a command on the remote server via SSH</doc>
<status status="PASS" start="2025-10-05T15:45:11.197441" elapsed="0.023446"/>
</kw>
<kw name="Should Contain" owner="BuiltIn">
<arg>${connection_status}</arg>
<arg>Connection active</arg>
<doc>Fails if ``container`` does not contain ``item`` one or more times.</doc>
<status status="PASS" start="2025-10-05T15:45:11.221173" elapsed="0.000296"/>
</kw>
<kw name="Log" owner="BuiltIn">
<msg time="2025-10-05T15:45:11.221904" level="INFO">✅ SSH connection verified and active</msg>
<arg>✅ SSH connection verified and active</arg>
<arg>console=yes</arg>
<doc>Logs the given message with the given level.</doc>
<status status="PASS" start="2025-10-05T15:45:11.221654" elapsed="0.000436"/>
</kw>
<kw name="Log Test End" owner="logs_keywords" type="TEARDOWN">
<kw name="Log" owner="BuiltIn">
<msg time="2025-10-05T15:45:11.223535" level="INFO">================================================================================</msg>
<arg>================================================================================</arg>
<arg>console=yes</arg>
<doc>Logs the given message with the given level.</doc>
<status status="PASS" start="2025-10-05T15:45:11.223284" elapsed="0.000435"/>
</kw>
<kw name="Log" owner="BuiltIn">
<msg time="2025-10-05T15:45:11.224303" level="INFO">🏁 Completed Test: Critical - Connect to Target Server | Status: PASS</msg>
<arg>🏁 Completed Test: ${test_name} | Status: ${status}</arg>
<arg>console=yes</arg>
<doc>Logs the given message with the given level.</doc>
<status status="PASS" start="2025-10-05T15:45:11.223940" elapsed="0.000520"/>
</kw>
<kw name="Log" owner="BuiltIn">
<msg time="2025-10-05T15:45:11.224892" level="INFO">================================================================================
</msg>
<arg>================================================================================\n</arg>
<arg>console=yes</arg>
<doc>Logs the given message with the given level.</doc>
<status status="PASS" start="2025-10-05T15:45:11.224660" elapsed="0.000381"/>
</kw>
<arg>${TEST_NAME}</arg>
<arg>${TEST_STATUS}</arg>
<doc>📝 Log the end of a test case with status</doc>
<status status="PASS" start="2025-10-05T15:45:11.222606" elapsed="0.002540"/>
</kw>
<doc>🔗 Establish direct connection to target machine via SSH</doc>
<tag>connection</tag>
<tag>critical</tag>
<tag>infrastructure</tag>
<tag>ssh</tag>
<status status="PASS" start="2025-10-05T15:45:11.180001" elapsed="0.045231"/>
</test>
<test id="s1-t2" name="Critical - Collect System Journal Logs (journalctl)" line="33">
<kw name="Log Test Start" owner="logs_keywords" type="SETUP">
<kw name="Log" owner="BuiltIn">
<msg time="2025-10-05T15:45:11.227654" level="INFO">
================================================================================</msg>
<arg>\n================================================================================</arg>
<arg>console=yes</arg>
<doc>Logs the given message with the given level.</doc>
<status status="PASS" start="2025-10-05T15:45:11.227389" elapsed="0.000416"/>
</kw>
<kw name="Log" owner="BuiltIn">
<msg time="2025-10-05T15:45:11.228253" level="INFO">🏁 Starting Test: Critical - Collect System Journal Logs (journalctl)</msg>
<arg>🏁 Starting Test: ${test_name}</arg>
<arg>console=yes</arg>
<doc>Logs the given message with the given level.</doc>
<status status="PASS" start="2025-10-05T15:45:11.227997" elapsed="0.000410"/>
</kw>
<kw name="Log" owner="BuiltIn">
<msg time="2025-10-05T15:45:11.228837" level="INFO">================================================================================</msg>
<arg>================================================================================</arg>
<arg>console=yes</arg>
<doc>Logs the given message with the given level.</doc>
<status status="PASS" start="2025-10-05T15:45:11.228620" elapsed="0.000371"/>
</kw>
<arg>${TEST_NAME}</arg>
<doc>📝 Log the start of a test case</doc>
<status status="PASS" start="2025-10-05T15:45:11.226784" elapsed="0.002315"/>
</kw>
<kw name="Log" owner="BuiltIn">
<msg time="2025-10-05T15:45:11.229560" level="INFO">🔍 Collecting system journal logs...</msg>
<arg>🔍 Collecting system journal logs...</arg>
<arg>console=yes</arg>
<doc>Logs the given message with the given level.</doc>
<status status="PASS" start="2025-10-05T15:45:11.229311" elapsed="0.000375"/>
</kw>
<kw name="Collect Journalctl Logs" owner="logs_keywords">
<kw name="Log" owner="BuiltIn">
<msg time="2025-10-05T15:45:11.232595" level="INFO">📋 Collecting journalctl logs...</msg>
<arg>📋 Collecting journalctl logs...</arg>
<arg>console=yes</arg>
<doc>Logs the given message with the given level.</doc>
<status status="PASS" start="2025-10-05T15:45:11.230376" elapsed="0.002437"/>
</kw>
<kw name="Execute Command" owner="logs_keywords">
<kw name="Execute Command" owner="SSHLibrary">
<msg time="2025-10-05T15:45:11.237832" level="INFO">Executing command 'journalctl --no-pager -n 500 2&gt;&amp;1 || echo "journalctl not available"'.</msg>
<msg time="2025-10-05T15:45:11.582456" level="INFO">Command exited with return code 0.</msg>
<msg time="2025-10-05T15:45:11.582872" level="INFO">${output} = Oct 05 15:18:05 alhxvdvitap01 systemd-resolved[153]: Clock change detected. Flushing caches.
Oct 05 15:18:24 alhxvdvitap01 wsl-pro-service[173]: INFO Daemon: connecting to Windows Agent
Oct 05 15:18:2...</msg>
<var>${output}</var>
<arg>${command}</arg>
<doc>Executes ``command`` on the remote machine and returns its outputs.</doc>
<status status="PASS" start="2025-10-05T15:45:11.237573" elapsed="0.345357"/>
</kw>
<return>
<value>${output}</value>
<status status="PASS" start="2025-10-05T15:45:11.583721" elapsed="0.000093"/>
</return>
<msg time="2025-10-05T15:45:11.584003" level="INFO">${journal_all} = Oct 05 15:18:05 alhxvdvitap01 systemd-resolved[153]: Clock change detected. Flushing caches.
Oct 05 15:18:24 alhxvdvitap01 wsl-pro-service[173]: INFO Daemon: connecting to Windows Agent
Oct 05 15:18:2...</msg>
<var>${journal_all}</var>
<arg>journalctl --no-pager -n ${LOG_LINES_TO_COLLECT} 2&gt;&amp;1 || echo "journalctl not available"</arg>
<doc>🔧 Execute a command on the remote server via SSH</doc>
<status status="PASS" start="2025-10-05T15:45:11.236829" elapsed="0.347201"/>
</kw>
<kw name="Execute Command" owner="logs_keywords">
<kw name="Execute Command" owner="SSHLibrary">
<msg time="2025-10-05T15:45:11.584753" level="INFO">Executing command 'journalctl --no-pager -p warning -n 500 2&gt;&amp;1 || echo "Priority filter not available"'.</msg>
<msg time="2025-10-05T15:45:11.903675" level="INFO">Command exited with return code 0.</msg>
<msg time="2025-10-05T15:45:11.903926" level="INFO">${output} = Sep 28 09:14:09 DESKTOP-933PGUE Exception: 
Sep 28 09:14:09 DESKTOP-933PGUE unknown: Operation canceled @p9io.cpp:258 (AcceptAsync)
Sep 28 09:14:09 DESKTOP-933PGUE unknown: 
Sep 28 09:14:09 DESKTOP-93...</msg>
<var>${output}</var>
<arg>${command}</arg>
<doc>Executes ``command`` on the remote machine and returns its outputs.</doc>
<status status="PASS" start="2025-10-05T15:45:11.584617" elapsed="0.319354"/>
</kw>
<return>
<value>${output}</value>
<status status="PASS" start="2025-10-05T15:45:11.904068" elapsed="0.000097"/>
</return>
<msg time="2025-10-05T15:45:11.904388" level="INFO">${journal_priority} = Sep 28 09:14:09 DESKTOP-933PGUE Exception: 
Sep 28 09:14:09 DESKTOP-933PGUE unknown: Operation canceled @p9io.cpp:258 (AcceptAsync)
Sep 28 09:14:09 DESKTOP-933PGUE unknown: 
Sep 28 09:14:09 DESKTOP-93...</msg>
<var>${journal_priority}</var>
<arg>journalctl --no-pager -p ${MIN_LOG_PRIORITY} -n ${LOG_LINES_TO_COLLECT} 2&gt;&amp;1 || echo "Priority filter not available"</arg>
<doc>🔧 Execute a command on the remote server via SSH</doc>
<status status="PASS" start="2025-10-05T15:45:11.584251" elapsed="0.320173"/>
</kw>
<kw name="Execute Command" owner="logs_keywords">
<kw name="Execute Command" owner="SSHLibrary">
<msg time="2025-10-05T15:45:11.905699" level="INFO">Executing command 'journalctl --no-pager -b 2&gt;&amp;1 | tail -500 || echo "Boot log not available"'.</msg>
<msg time="2025-10-05T15:45:12.046414" level="INFO">Command exited with return code 0.</msg>
<msg time="2025-10-05T15:45:12.046662" level="INFO">${output} = Oct 05 15:20:07 alhxvdvitap01 python3[7754]: ansible-find Invoked with paths=['/mnt/c/Users/sacpa/Projects/robot/robotframework/tests/test11_services_validation'] patterns=['*.robot'] file_type=file r...</msg>
<var>${output}</var>
<arg>${command}</arg>
<doc>Executes ``command`` on the remote machine and returns its outputs.</doc>
<status status="PASS" start="2025-10-05T15:45:11.905503" elapsed="0.141189"/>
</kw>
<return>
<value>${output}</value>
<status status="PASS" start="2025-10-05T15:45:12.046792" elapsed="0.000123"/>
</return>
<msg time="2025-10-05T15:45:12.047118" level="INFO">${journal_boot} = Oct 05 15:20:07 alhxvdvitap01 python3[7754]: ansible-find Invoked with paths=['/mnt/c/Users/sacpa/Projects/robot/robotframework/tests/test11_services_validation'] patterns=['*.robot'] file_type=file r...</msg>
<var>${journal_boot}</var>
<arg>journalctl --no-pager -b 2&gt;&amp;1 | tail -${LOG_LINES_TO_COLLECT} || echo "Boot log not available"</arg>
<doc>🔧 Execute a command on the remote server via SSH</doc>
<status status="PASS" start="2025-10-05T15:45:11.904706" elapsed="0.142438"/>
</kw>
<kw name="Execute Command" owner="logs_keywords">
<kw name="Execute Command" owner="SSHLibrary">
<msg time="2025-10-05T15:45:12.047896" level="INFO">Executing command 'journalctl --no-pager -p err -n 500 2&gt;&amp;1 || echo "Error priority filter not available"'.</msg>
<msg time="2025-10-05T15:45:12.233641" level="INFO">Command exited with return code 0.</msg>
<msg time="2025-10-05T15:45:12.233918" level="INFO">${output} = Sep 07 15:13:15 DESKTOP-933PGUE unknown: WSL (218) ERROR: CheckConnection: getaddrinfo() failed: -5
Sep 07 18:19:19 DESKTOP-933PGUE unknown: WSL (218) ERROR: CheckConnection: getaddrinfo() failed: -5
...</msg>
<var>${output}</var>
<arg>${command}</arg>
<doc>Executes ``command`` on the remote machine and returns its outputs.</doc>
<status status="PASS" start="2025-10-05T15:45:12.047727" elapsed="0.186229"/>
</kw>
<return>
<value>${output}</value>
<status status="PASS" start="2025-10-05T15:45:12.234062" elapsed="0.000065"/>
</return>
<msg time="2025-10-05T15:45:12.234345" level="INFO">${journal_errors} = Sep 07 15:13:15 DESKTOP-933PGUE unknown: WSL (218) ERROR: CheckConnection: getaddrinfo() failed: -5
Sep 07 18:19:19 DESKTOP-933PGUE unknown: WSL (218) ERROR: CheckConnection: getaddrinfo() failed: -5
...</msg>
<var>${journal_errors}</var>
<arg>journalctl --no-pager -p err -n ${LOG_LINES_TO_COLLECT} 2&gt;&amp;1 || echo "Error priority filter not available"</arg>
<doc>🔧 Execute a command on the remote server via SSH</doc>
<status status="PASS" start="2025-10-05T15:45:12.047396" elapsed="0.186988"/>
</kw>
<kw name="Catenate" owner="BuiltIn">
<msg time="2025-10-05T15:45:12.235414" level="INFO">${journal_logs} = === Journal - Recent 500 Entries ===
Oct 05 15:18:05 alhxvdvitap01 systemd-resolved[153]: Clock change detected. Flushing caches.
Oct 05 15:18:24 alhxvdvitap01 wsl-pro-service[173]: INFO Daemon: conne...</msg>
<var>${journal_logs}</var>
<arg>SEPARATOR=\n</arg>
<arg>=== Journal - Recent ${LOG_LINES_TO_COLLECT} Entries ===</arg>
<arg>${journal_all}</arg>
<arg>=== Journal - Priority ${MIN_LOG_PRIORITY} and Above ===</arg>
<arg>${journal_priority}</arg>
<arg>=== Journal - Current Boot ===</arg>
<arg>${journal_boot}</arg>
<arg>=== Journal - Error Level Only ===</arg>
<arg>${journal_errors}</arg>
<doc>Catenates the given items together and returns the resulted string.</doc>
<status status="PASS" start="2025-10-05T15:45:12.234717" elapsed="0.000724"/>
</kw>
<kw name="Set Suite Variable" owner="BuiltIn">
<msg time="2025-10-05T15:45:12.235842" level="INFO">${JOURNAL_LOGS} = === Journal - Recent 500 Entries ===
Oct 05 15:18:05 alhxvdvitap01 systemd-resolved[153]: Clock change detected. Flushing caches.
Oct 05 15:18:24 alhxvdvitap01 wsl-pro-service[173]: INFO Daemon: conne...</msg>
<arg>${JOURNAL_LOGS}</arg>
<arg>${journal_logs}</arg>
<doc>Makes a variable available everywhere within the scope of the current suite.</doc>
<status status="PASS" start="2025-10-05T15:45:12.235598" elapsed="0.000284"/>
</kw>
<kw name="Log" owner="BuiltIn">
<msg time="2025-10-05T15:45:12.236151" level="INFO">✅ Journalctl logs collected</msg>
<arg>✅ Journalctl logs collected</arg>
<arg>console=yes</arg>
<doc>Logs the given message with the given level.</doc>
<status status="PASS" start="2025-10-05T15:45:12.235990" elapsed="0.000278"/>
</kw>
<return>
<value>${journal_logs}</value>
<status status="PASS" start="2025-10-05T15:45:12.236331" elapsed="0.000040"/>
</return>
<msg time="2025-10-05T15:45:12.236485" level="INFO">${journal_logs} = === Journal - Recent 500 Entries ===
Oct 05 15:18:05 alhxvdvitap01 systemd-resolved[153]: Clock change detected. Flushing caches.
Oct 05 15:18:24 alhxvdvitap01 wsl-pro-service[173]: INFO Daemon: conne...</msg>
<var>${journal_logs}</var>
<doc>📋 Collect system journal logs using journalctl</doc>
<status status="PASS" start="2025-10-05T15:45:11.230001" elapsed="1.006504"/>
</kw>
<kw name="Save Journal Logs to File" owner="logs_keywords">
<kw name="Get Current Date" owner="DateTime">
<msg time="2025-10-05T15:45:12.237212" level="INFO">${timestamp} = 20251005_154512</msg>
<var>${timestamp}</var>
<arg>result_format=%Y%m%d_%H%M%S</arg>
<doc>Returns current local or UTC time with an optional increment.</doc>
<status status="PASS" start="2025-10-05T15:45:12.236990" elapsed="0.000247"/>
</kw>
<kw name="Set Variable" owner="BuiltIn">
<msg time="2025-10-05T15:45:12.238140" level="INFO">${journal_file} = results/test22_event_logs/data/journalctl_20251005_154512.txt</msg>
<var>${journal_file}</var>
<arg>${DATA_DIR}/journalctl_${timestamp}.txt</arg>
<doc>Returns the given values which can then be assigned to a variables.</doc>
<status status="PASS" start="2025-10-05T15:45:12.237940" elapsed="0.000244"/>
</kw>
<kw name="Catenate" owner="BuiltIn">
<msg time="2025-10-05T15:45:12.238988" level="INFO">${report} = =========================================
=== System Journal Logs (journalctl) ===
=========================================
Timestamp: 20251005_154512
Target Server: alhxvdvitap01 (172.30.16.186)
Lin...</msg>
<var>${report}</var>
<arg>SEPARATOR=\n</arg>
<arg>=========================================</arg>
<arg>=== System Journal Logs (journalctl) ===</arg>
<arg>=========================================</arg>
<arg>Timestamp: ${timestamp}</arg>
<arg>Target Server: ${TARGET_HOSTNAME} (${TARGET_IP})</arg>
<arg>Lines Collected: ${LOG_LINES_TO_COLLECT}</arg>
<arg>Minimum Priority: ${MIN_LOG_PRIORITY}</arg>
<arg>${journal_logs}</arg>
<arg>=========================================</arg>
<doc>Catenates the given items together and returns the resulted string.</doc>
<status status="PASS" start="2025-10-05T15:45:12.238291" elapsed="0.000736"/>
</kw>
<kw name="Create File" owner="OperatingSystem">
<msg time="2025-10-05T15:45:12.247106" level="INFO" html="true">Created file '&lt;a href="file:///mnt/c/Users/sacpa/Projects/robot/robotframework/results/test22_event_logs/data/journalctl_20251005_154512.txt"&gt;/mnt/c/Users/sacpa/Projects/robot/robotframework/results/test22_event_logs/data/journalctl_20251005_154512.txt&lt;/a&gt;'.</msg>
<arg>${journal_file}</arg>
<arg>${report}</arg>
<doc>Creates a file with the given content and encoding.</doc>
<status status="PASS" start="2025-10-05T15:45:12.239187" elapsed="0.008036"/>
</kw>
<kw name="Log" owner="BuiltIn">
<msg time="2025-10-05T15:45:12.247617" level="INFO">📄 Journal logs saved to: results/test22_event_logs/data/journalctl_20251005_154512.txt</msg>
<arg>📄 Journal logs saved to: ${journal_file}</arg>
<arg>console=yes</arg>
<doc>Logs the given message with the given level.</doc>
<status status="PASS" start="2025-10-05T15:45:12.247409" elapsed="0.000357"/>
</kw>
<return>
<value>${journal_file}</value>
<status status="PASS" start="2025-10-05T15:45:12.247838" elapsed="0.000056"/>
</return>
<msg time="2025-10-05T15:45:12.248047" level="INFO">${journal_file} = results/test22_event_logs/data/journalctl_20251005_154512.txt</msg>
<var>${journal_file}</var>
<arg>${journal_logs}</arg>
<doc>💾 Save journal logs to file</doc>
<status status="PASS" start="2025-10-05T15:45:12.236683" elapsed="0.011387"/>
</kw>
<kw name="File Should Exist" owner="SSHLibrary">
<msg time="2025-10-05T15:45:12.248184" level="WARN">Keyword 'File Should Exist' found both from a custom library 'SSHLibrary' and a standard library 'OperatingSystem'. The custom keyword is used. To select explicitly, and to get rid of this warning, use either 'SSHLibrary.File Should Exist' or 'OperatingSystem.File Should Exist'.</msg>
<msg time="2025-10-05T15:45:12.275526" level="INFO">[chan 6] Opened sftp connection (server version 3)</msg>
<msg time="2025-10-05T15:45:12.276896" level="FAIL">File 'results/test22_event_logs/data/journalctl_20251005_154512.txt' does not exist.</msg>
<arg>${journal_file}</arg>
<doc>Fails if the given ``path`` does NOT point to an existing file.</doc>
<status status="FAIL" start="2025-10-05T15:45:12.248223" elapsed="0.037217">File 'results/test22_event_logs/data/journalctl_20251005_154512.txt' does not exist.</status>
</kw>
<kw name="Log" owner="BuiltIn">
<arg>📄 Journal logs saved to: ${journal_file}</arg>
<arg>console=yes</arg>
<doc>Logs the given message with the given level.</doc>
<status status="NOT RUN" start="2025-10-05T15:45:12.285666" elapsed="0.000027"/>
</kw>
<kw name="Log" owner="BuiltIn">
<arg>✅ System journal logs collected successfully</arg>
<arg>console=yes</arg>
<doc>Logs the given message with the given level.</doc>
<status status="NOT RUN" start="2025-10-05T15:45:12.285787" elapsed="0.000015"/>
</kw>
<kw name="Log Test End" owner="logs_keywords" type="TEARDOWN">
<kw name="Log" owner="BuiltIn">
<msg time="2025-10-05T15:45:12.286844" level="INFO">================================================================================</msg>
<arg>================================================================================</arg>
<arg>console=yes</arg>
<doc>Logs the given message with the given level.</doc>
<status status="PASS" start="2025-10-05T15:45:12.286642" elapsed="0.000347"/>
</kw>
<kw name="Log" owner="BuiltIn">
<msg time="2025-10-05T15:45:12.287361" level="INFO">🏁 Completed Test: Critical - Collect System Journal Logs (journalctl) | Status: FAIL</msg>
<arg>🏁 Completed Test: ${test_name} | Status: ${status}</arg>
<arg>console=yes</arg>
<doc>Logs the given message with the given level.</doc>
<status status="PASS" start="2025-10-05T15:45:12.287130" elapsed="0.000331"/>
</kw>
<kw name="Log" owner="BuiltIn">
<msg time="2025-10-05T15:45:12.287717" level="INFO">================================================================================
</msg>
<arg>================================================================================\n</arg>
<arg>console=yes</arg>
<doc>Logs the given message with the given level.</doc>
<status status="PASS" start="2025-10-05T15:45:12.287588" elapsed="0.000219"/>
</kw>
<arg>${TEST_NAME}</arg>
<arg>${TEST_STATUS}</arg>
<doc>📝 Log the end of a test case with status</doc>
<status status="PASS" start="2025-10-05T15:45:12.286135" elapsed="0.001746"/>
</kw>
<doc>📋 Collect system journal logs using journalctl</doc>
<tag>critical</tag>
<tag>journalctl</tag>
<tag>logs</tag>
<tag>systemd</tag>
<status status="FAIL" start="2025-10-05T15:45:11.225735" elapsed="1.062193">File 'results/test22_event_logs/data/journalctl_20251005_154512.txt' does not exist.</status>
</test>
<test id="s1-t3" name="Critical - Collect Boot Messages (dmesg)" line="51">
<kw name="Log Test Start" owner="logs_keywords" type="SETUP">
<kw name="Log" owner="BuiltIn">
<msg time="2025-10-05T15:45:12.289218" level="INFO">
================================================================================</msg>
<arg>\n================================================================================</arg>
<arg>console=yes</arg>
<doc>Logs the given message with the given level.</doc>
<status status="PASS" start="2025-10-05T15:45:12.289061" elapsed="0.000250"/>
</kw>
<kw name="Log" owner="BuiltIn">
<msg time="2025-10-05T15:45:12.289623" level="INFO">🏁 Starting Test: Critical - Collect Boot Messages (dmesg)</msg>
<arg>🏁 Starting Test: ${test_name}</arg>
<arg>console=yes</arg>
<doc>Logs the given message with the given level.</doc>
<status status="PASS" start="2025-10-05T15:45:12.289455" elapsed="0.000257"/>
</kw>
<kw name="Log" owner="BuiltIn">
<msg time="2025-10-05T15:45:12.289930" level="INFO">================================================================================</msg>
<arg>================================================================================</arg>
<arg>console=yes</arg>
<doc>Logs the given message with the given level.</doc>
<status status="PASS" start="2025-10-05T15:45:12.289823" elapsed="0.000191"/>
</kw>
<arg>${TEST_NAME}</arg>
<doc>📝 Log the start of a test case</doc>
<status status="PASS" start="2025-10-05T15:45:12.288743" elapsed="0.001378"/>
</kw>
<kw name="Log" owner="BuiltIn">
<msg time="2025-10-05T15:45:12.290397" level="INFO">🔍 Collecting kernel boot messages...</msg>
<arg>🔍 Collecting kernel boot messages...</arg>
<arg>console=yes</arg>
<doc>Logs the given message with the given level.</doc>
<status status="PASS" start="2025-10-05T15:45:12.290282" elapsed="0.000311"/>
</kw>
<kw name="Collect Dmesg Output" owner="logs_keywords">
<kw name="Log" owner="BuiltIn">
<msg time="2025-10-05T15:45:12.291526" level="INFO">🚀 Collecting dmesg output...</msg>
<arg>🚀 Collecting dmesg output...</arg>
<arg>console=yes</arg>
<doc>Logs the given message with the given level.</doc>
<status status="PASS" start="2025-10-05T15:45:12.291413" elapsed="0.000247"/>
</kw>
<kw name="Execute Command" owner="logs_keywords">
<kw name="Execute Command" owner="SSHLibrary">
<msg time="2025-10-05T15:45:12.292583" level="INFO">Executing command 'dmesg 2&gt;&amp;1 || echo "dmesg not available"'.</msg>
<msg time="2025-10-05T15:45:12.324753" level="INFO">Command exited with return code 0.</msg>
<msg time="2025-10-05T15:45:12.325055" level="INFO">${output} = [    0.000000] Linux version 6.6.87.2-microsoft-standard-WSL2 (root@439a258ad544) (gcc (GCC) 11.2.0, GNU ld (GNU Binutils) 2.37) #1 SMP PREEMPT_DYNAMIC Thu Jun  5 18:30:46 UTC 2025
[    0.000000] Comm...</msg>
<var>${output}</var>
<arg>${command}</arg>
<doc>Executes ``command`` on the remote machine and returns its outputs.</doc>
<status status="PASS" start="2025-10-05T15:45:12.292478" elapsed="0.032611"/>
</kw>
<return>
<value>${output}</value>
<status status="PASS" start="2025-10-05T15:45:12.325184" elapsed="0.000055"/>
</return>
<msg time="2025-10-05T15:45:12.325411" level="INFO">${dmesg_all} = [    0.000000] Linux version 6.6.87.2-microsoft-standard-WSL2 (root@439a258ad544) (gcc (GCC) 11.2.0, GNU ld (GNU Binutils) 2.37) #1 SMP PREEMPT_DYNAMIC Thu Jun  5 18:30:46 UTC 2025
[    0.000000] Comm...</msg>
<var>${dmesg_all}</var>
<arg>dmesg 2&gt;&amp;1 || echo "dmesg not available"</arg>
<doc>🔧 Execute a command on the remote server via SSH</doc>
<status status="PASS" start="2025-10-05T15:45:12.292256" elapsed="0.033185"/>
</kw>
<kw name="Execute Command" owner="logs_keywords">
<kw name="Execute Command" owner="SSHLibrary">
<msg time="2025-10-05T15:45:12.326248" level="INFO">Executing command 'dmesg --level=err,crit,alert,emerg 2&gt;&amp;1 || dmesg | grep -i "error|fail|critical" || echo "dmesg error filter not available"'.</msg>
<msg time="2025-10-05T15:45:12.377469" level="INFO">Command exited with return code 0.</msg>
<msg time="2025-10-05T15:45:12.377886" level="INFO">${output} = [    0.367906] PCI: Fatal: No config space access function found
[    3.296026] misc dxg: dxgk: dxgkio_is_feature_enabled: Ioctl failed: -22
[    3.300988] misc dxg: dxgk: dxgkio_query_adapter_info: I...</msg>
<var>${output}</var>
<arg>${command}</arg>
<doc>Executes ``command`` on the remote machine and returns its outputs.</doc>
<status status="PASS" start="2025-10-05T15:45:12.326050" elapsed="0.051895"/>
</kw>
<return>
<value>${output}</value>
<status status="PASS" start="2025-10-05T15:45:12.378072" elapsed="0.000078"/>
</return>
<msg time="2025-10-05T15:45:12.378502" level="INFO">${dmesg_errors} = [    0.367906] PCI: Fatal: No config space access function found
[    3.296026] misc dxg: dxgk: dxgkio_is_feature_enabled: Ioctl failed: -22
[    3.300988] misc dxg: dxgk: dxgkio_query_adapter_info: I...</msg>
<var>${dmesg_errors}</var>
<arg>dmesg --level=err,crit,alert,emerg 2&gt;&amp;1 || dmesg | grep -i "error\|fail\|critical" || echo "dmesg error filter not available"</arg>
<doc>🔧 Execute a command on the remote server via SSH</doc>
<status status="PASS" start="2025-10-05T15:45:12.325686" elapsed="0.052917"/>
</kw>
<kw name="Execute Command" owner="logs_keywords">
<kw name="Execute Command" owner="SSHLibrary">
<msg time="2025-10-05T15:45:12.380040" level="INFO">Executing command 'dmesg --level=warn 2&gt;&amp;1 || dmesg | grep -i "warn" || echo "dmesg warning filter not available"'.</msg>
<msg time="2025-10-05T15:45:12.443348" level="INFO">Command exited with return code 0.</msg>
<msg time="2025-10-05T15:45:12.443685" level="INFO">${output} = [    0.301784] Hyper-V: Disabling IBT because of Hyper-V bug
[    0.411062] PCI: System does not support PCI
[    0.614724] device-mapper: core: CONFIG_IMA_DISABLE_HTABLE is disabled. Duplicate IMA me...</msg>
<var>${output}</var>
<arg>${command}</arg>
<doc>Executes ``command`` on the remote machine and returns its outputs.</doc>
<status status="PASS" start="2025-10-05T15:45:12.379805" elapsed="0.063934"/>
</kw>
<return>
<value>${output}</value>
<status status="PASS" start="2025-10-05T15:45:12.443900" elapsed="0.000086"/>
</return>
<msg time="2025-10-05T15:45:12.444394" level="INFO">${dmesg_warnings} = [    0.301784] Hyper-V: Disabling IBT because of Hyper-V bug
[    0.411062] PCI: System does not support PCI
[    0.614724] device-mapper: core: CONFIG_IMA_DISABLE_HTABLE is disabled. Duplicate IMA me...</msg>
<var>${dmesg_warnings}</var>
<arg>dmesg --level=warn 2&gt;&amp;1 || dmesg | grep -i "warn" || echo "dmesg warning filter not available"</arg>
<doc>🔧 Execute a command on the remote server via SSH</doc>
<status status="PASS" start="2025-10-05T15:45:12.379205" elapsed="0.065242"/>
</kw>
<kw name="Execute Command" owner="logs_keywords">
<kw name="Execute Command" owner="SSHLibrary">
<msg time="2025-10-05T15:45:12.446224" level="INFO">Executing command 'dmesg -T 2&gt;&amp;1 | tail -500 || echo "dmesg timestamp format not available"'.</msg>
<msg time="2025-10-05T15:45:12.499662" level="INFO">Command exited with return code 0.</msg>
<msg time="2025-10-05T15:45:12.499976" level="INFO">${output} = [Sun Oct  5 13:05:26 2025] Linux version 6.6.87.2-microsoft-standard-WSL2 (root@439a258ad544) (gcc (GCC) 11.2.0, GNU ld (GNU Binutils) 2.37) #1 SMP PREEMPT_DYNAMIC Thu Jun  5 18:30:46 UTC 2025
[Sun Oc...</msg>
<var>${output}</var>
<arg>${command}</arg>
<doc>Executes ``command`` on the remote machine and returns its outputs.</doc>
<status status="PASS" start="2025-10-05T15:45:12.445809" elapsed="0.054215"/>
</kw>
<return>
<value>${output}</value>
<status status="PASS" start="2025-10-05T15:45:12.500149" elapsed="0.000075"/>
</return>
<msg time="2025-10-05T15:45:12.500494" level="INFO">${dmesg_human} = [Sun Oct  5 13:05:26 2025] Linux version 6.6.87.2-microsoft-standard-WSL2 (root@439a258ad544) (gcc (GCC) 11.2.0, GNU ld (GNU Binutils) 2.37) #1 SMP PREEMPT_DYNAMIC Thu Jun  5 18:30:46 UTC 2025
[Sun Oc...</msg>
<var>${dmesg_human}</var>
<arg>dmesg -T 2&gt;&amp;1 | tail -${LOG_LINES_TO_COLLECT} || echo "dmesg timestamp format not available"</arg>
<doc>🔧 Execute a command on the remote server via SSH</doc>
<status status="PASS" start="2025-10-05T15:45:12.444826" elapsed="0.055734"/>
</kw>
<kw name="Catenate" owner="BuiltIn">
<msg time="2025-10-05T15:45:12.501509" level="INFO">${dmesg_output} = === dmesg - All Messages ===
[    0.000000] Linux version 6.6.87.2-microsoft-standard-WSL2 (root@439a258ad544) (gcc (GCC) 11.2.0, GNU ld (GNU Binutils) 2.37) #1 SMP PREEMPT_DYNAMIC Thu Jun  5 18:30:46...</msg>
<var>${dmesg_output}</var>
<arg>SEPARATOR=\n</arg>
<arg>=== dmesg - All Messages ===</arg>
<arg>${dmesg_all}</arg>
<arg>=== dmesg - Errors and Critical ===</arg>
<arg>${dmesg_errors}</arg>
<arg>=== dmesg - Warnings ===</arg>
<arg>${dmesg_warnings}</arg>
<arg>=== dmesg - Recent (Human Readable) ===</arg>
<arg>${dmesg_human}</arg>
<doc>Catenates the given items together and returns the resulted string.</doc>
<status status="PASS" start="2025-10-05T15:45:12.500841" elapsed="0.000741"/>
</kw>
<kw name="Set Suite Variable" owner="BuiltIn">
<msg time="2025-10-05T15:45:12.502205" level="INFO">${DMESG_OUTPUT} = === dmesg - All Messages ===
[    0.000000] Linux version 6.6.87.2-microsoft-standard-WSL2 (root@439a258ad544) (gcc (GCC) 11.2.0, GNU ld (GNU Binutils) 2.37) #1 SMP PREEMPT_DYNAMIC Thu Jun  5 18:30:46...</msg>
<arg>${DMESG_OUTPUT}</arg>
<arg>${dmesg_output}</arg>
<doc>Makes a variable available everywhere within the scope of the current suite.</doc>
<status status="PASS" start="2025-10-05T15:45:12.501884" elapsed="0.000389"/>
</kw>
<kw name="Log" owner="BuiltIn">
<msg time="2025-10-05T15:45:12.503063" level="INFO">✅ dmesg output collected</msg>
<arg>✅ dmesg output collected</arg>
<arg>console=yes</arg>
<doc>Logs the given message with the given level.</doc>
<status status="PASS" start="2025-10-05T15:45:12.502554" elapsed="0.000745"/>
</kw>
<return>
<value>${dmesg_output}</value>
<status status="PASS" start="2025-10-05T15:45:12.503463" elapsed="0.000080"/>
</return>
<msg time="2025-10-05T15:45:12.503833" level="INFO">${dmesg_output} = === dmesg - All Messages ===
[    0.000000] Linux version 6.6.87.2-microsoft-standard-WSL2 (root@439a258ad544) (gcc (GCC) 11.2.0, GNU ld (GNU Binutils) 2.37) #1 SMP PREEMPT_DYNAMIC Thu Jun  5 18:30:46...</msg>
<var>${dmesg_output}</var>
<doc>🚀 Collect kernel boot messages using dmesg</doc>
<status status="PASS" start="2025-10-05T15:45:12.290959" elapsed="0.213819"/>
</kw>
<kw name="Save Dmesg to File" owner="logs_keywords">
<kw name="Get Current Date" owner="DateTime">
<msg time="2025-10-05T15:45:12.506273" level="INFO">${timestamp} = 20251005_154512</msg>
<var>${timestamp}</var>
<arg>result_format=%Y%m%d_%H%M%S</arg>
<doc>Returns current local or UTC time with an optional increment.</doc>
<status status="PASS" start="2025-10-05T15:45:12.505843" elapsed="0.000481"/>
</kw>
<kw name="Set Variable" owner="BuiltIn">
<msg time="2025-10-05T15:45:12.507197" level="INFO">${dmesg_file} = results/test22_event_logs/data/dmesg_20251005_154512.txt</msg>
<var>${dmesg_file}</var>
<arg>${DATA_DIR}/dmesg_${timestamp}.txt</arg>
<doc>Returns the given values which can then be assigned to a variables.</doc>
<status status="PASS" start="2025-10-05T15:45:12.506669" elapsed="0.000602"/>
</kw>
<kw name="Catenate" owner="BuiltIn">
<msg time="2025-10-05T15:45:12.508019" level="INFO">${report} = =========================================
=== Kernel Boot Messages (dmesg) ===
=========================================
Timestamp: 20251005_154512
Target Server: alhxvdvitap01 (172.30.16.186)

=== dm...</msg>
<var>${report}</var>
<arg>SEPARATOR=\n</arg>
<arg>=========================================</arg>
<arg>=== Kernel Boot Messages (dmesg) ===</arg>
<arg>=========================================</arg>
<arg>Timestamp: ${timestamp}</arg>
<arg>Target Server: ${TARGET_HOSTNAME} (${TARGET_IP})</arg>
<arg>${dmesg_output}</arg>
<arg>=========================================</arg>
<doc>Catenates the given items together and returns the resulted string.</doc>
<status status="PASS" start="2025-10-05T15:45:12.507503" elapsed="0.000558"/>
</kw>
<kw name="Create File" owner="OperatingSystem">
<msg time="2025-10-05T15:45:12.517654" level="INFO" html="true">Created file '&lt;a href="file:///mnt/c/Users/sacpa/Projects/robot/robotframework/results/test22_event_logs/data/dmesg_20251005_154512.txt"&gt;/mnt/c/Users/sacpa/Projects/robot/robotframework/results/test22_event_logs/data/dmesg_20251005_154512.txt&lt;/a&gt;'.</msg>
<arg>${dmesg_file}</arg>
<arg>${report}</arg>
<doc>Creates a file with the given content and encoding.</doc>
<status status="PASS" start="2025-10-05T15:45:12.508255" elapsed="0.009505"/>
</kw>
<kw name="Log" owner="BuiltIn">
<msg time="2025-10-05T15:45:12.518183" level="INFO">📄 dmesg output saved to: results/test22_event_logs/data/dmesg_20251005_154512.txt</msg>
<arg>📄 dmesg output saved to: ${dmesg_file}</arg>
<arg>console=yes</arg>
<doc>Logs the given message with the given level.</doc>
<status status="PASS" start="2025-10-05T15:45:12.517941" elapsed="0.000440"/>
</kw>
<return>
<value>${dmesg_file}</value>
<status status="PASS" start="2025-10-05T15:45:12.518540" elapsed="0.000058"/>
</return>
<msg time="2025-10-05T15:45:12.518787" level="INFO">${dmesg_file} = results/test22_event_logs/data/dmesg_20251005_154512.txt</msg>
<var>${dmesg_file}</var>
<arg>${dmesg_output}</arg>
<doc>💾 Save dmesg output to file</doc>
<status status="PASS" start="2025-10-05T15:45:12.505276" elapsed="0.013591"/>
</kw>
<kw name="File Should Exist" owner="SSHLibrary">
<msg time="2025-10-05T15:45:12.519072" level="WARN">Keyword 'File Should Exist' found both from a custom library 'SSHLibrary' and a standard library 'OperatingSystem'. The custom keyword is used. To select explicitly, and to get rid of this warning, use either 'SSHLibrary.File Should Exist' or 'OperatingSystem.File Should Exist'.</msg>
<msg time="2025-10-05T15:45:12.536409" level="FAIL">File 'results/test22_event_logs/data/dmesg_20251005_154512.txt' does not exist.</msg>
<arg>${dmesg_file}</arg>
<doc>Fails if the given ``path`` does NOT point to an existing file.</doc>
<status status="FAIL" start="2025-10-05T15:45:12.519127" elapsed="0.021032">File 'results/test22_event_logs/data/dmesg_20251005_154512.txt' does not exist.</status>
</kw>
<kw name="Should Not Be Empty" owner="BuiltIn">
<arg>${dmesg_output}</arg>
<doc>Verifies that the given item is not empty.</doc>
<status status="NOT RUN" start="2025-10-05T15:45:12.540494" elapsed="0.000049"/>
</kw>
<kw name="Log" owner="BuiltIn">
<arg>📄 dmesg output saved to: ${dmesg_file}</arg>
<arg>console=yes</arg>
<doc>Logs the given message with the given level.</doc>
<status status="NOT RUN" start="2025-10-05T15:45:12.540707" elapsed="0.000033"/>
</kw>
<kw name="Log" owner="BuiltIn">
<arg>✅ Kernel boot messages collected successfully</arg>
<arg>console=yes</arg>
<doc>Logs the given message with the given level.</doc>
<status status="NOT RUN" start="2025-10-05T15:45:12.540916" elapsed="0.000027"/>
</kw>
<kw name="Log Test End" owner="logs_keywords" type="TEARDOWN">
<kw name="Log" owner="BuiltIn">
<msg time="2025-10-05T15:45:12.542364" level="INFO">================================================================================</msg>
<arg>================================================================================</arg>
<arg>console=yes</arg>
<doc>Logs the given message with the given level.</doc>
<status status="PASS" start="2025-10-05T15:45:12.542081" elapsed="0.000547"/>
</kw>
<kw name="Log" owner="BuiltIn">
<msg time="2025-10-05T15:45:12.544046" level="INFO">🏁 Completed Test: Critical - Collect Boot Messages (dmesg) | Status: FAIL</msg>
<arg>🏁 Completed Test: ${test_name} | Status: ${status}</arg>
<arg>console=yes</arg>
<doc>Logs the given message with the given level.</doc>
<status status="PASS" start="2025-10-05T15:45:12.542967" elapsed="0.001294"/>
</kw>
<kw name="Log" owner="BuiltIn">
<msg time="2025-10-05T15:45:12.544904" level="INFO">================================================================================
</msg>
<arg>================================================================================\n</arg>
<arg>console=yes</arg>
<doc>Logs the given message with the given level.</doc>
<status status="PASS" start="2025-10-05T15:45:12.544624" elapsed="0.000518"/>
</kw>
<arg>${TEST_NAME}</arg>
<arg>${TEST_STATUS}</arg>
<doc>📝 Log the end of a test case with status</doc>
<status status="PASS" start="2025-10-05T15:45:12.541520" elapsed="0.003786"/>
</kw>
<doc>🚀 Collect kernel boot messages using dmesg</doc>
<tag>boot</tag>
<tag>critical</tag>
<tag>dmesg</tag>
<tag>kernel</tag>
<tag>logs</tag>
<status status="FAIL" start="2025-10-05T15:45:12.288216" elapsed="0.257169">File 'results/test22_event_logs/data/dmesg_20251005_154512.txt' does not exist.</status>
</test>
<test id="s1-t4" name="Critical - Collect System Log Files" line="70">
<kw name="Log Test Start" owner="logs_keywords" type="SETUP">
<kw name="Log" owner="BuiltIn">
<msg time="2025-10-05T15:45:12.547821" level="INFO">
================================================================================</msg>
<arg>\n================================================================================</arg>
<arg>console=yes</arg>
<doc>Logs the given message with the given level.</doc>
<status status="PASS" start="2025-10-05T15:45:12.547606" elapsed="0.000404"/>
</kw>
<kw name="Log" owner="BuiltIn">
<msg time="2025-10-05T15:45:12.548399" level="INFO">🏁 Starting Test: Critical - Collect System Log Files</msg>
<arg>🏁 Starting Test: ${test_name}</arg>
<arg>console=yes</arg>
<doc>Logs the given message with the given level.</doc>
<status status="PASS" start="2025-10-05T15:45:12.548185" elapsed="0.001725"/>
</kw>
<kw name="Log" owner="BuiltIn">
<msg time="2025-10-05T15:45:12.550591" level="INFO">================================================================================</msg>
<arg>================================================================================</arg>
<arg>console=yes</arg>
<doc>Logs the given message with the given level.</doc>
<status status="PASS" start="2025-10-05T15:45:12.550257" elapsed="0.001880"/>
</kw>
<arg>${TEST_NAME}</arg>
<doc>📝 Log the start of a test case</doc>
<status status="PASS" start="2025-10-05T15:45:12.547234" elapsed="0.005027"/>
</kw>
<kw name="Log" owner="BuiltIn">
<msg time="2025-10-05T15:45:12.553221" level="INFO">🔍 Collecting system log files from /var/log...</msg>
<arg>🔍 Collecting system log files from /var/log...</arg>
<arg>console=yes</arg>
<doc>Logs the given message with the given level.</doc>
<status status="PASS" start="2025-10-05T15:45:12.553050" elapsed="0.000286"/>
</kw>
<kw name="Collect System Log Files" owner="logs_keywords">
<kw name="Log" owner="BuiltIn">
<msg time="2025-10-05T15:45:12.553929" level="INFO">📂 Collecting system log files from /var/log...</msg>
<arg>📂 Collecting system log files from /var/log...</arg>
<arg>console=yes</arg>
<doc>Logs the given message with the given level.</doc>
<status status="PASS" start="2025-10-05T15:45:12.553811" elapsed="0.000230"/>
</kw>
<kw name="Execute Command" owner="logs_keywords">
<kw name="Execute Command" owner="SSHLibrary">
<msg time="2025-10-05T15:45:12.554918" level="INFO">Executing command 'tail -500 /var/log/messages 2&gt;/dev/null || echo "No /var/log/messages"'.</msg>
<msg time="2025-10-05T15:45:12.567370" level="INFO">Command exited with return code 0.</msg>
<msg time="2025-10-05T15:45:12.567566" level="INFO">${output} = No /var/log/messages</msg>
<var>${output}</var>
<arg>${command}</arg>
<doc>Executes ``command`` on the remote machine and returns its outputs.</doc>
<status status="PASS" start="2025-10-05T15:45:12.554660" elapsed="0.012929"/>
</kw>
<return>
<value>${output}</value>
<status status="PASS" start="2025-10-05T15:45:12.567664" elapsed="0.000049"/>
</return>
<msg time="2025-10-05T15:45:12.567846" level="INFO">${messages} = No /var/log/messages</msg>
<var>${messages}</var>
<arg>tail -${LOG_LINES_TO_COLLECT} /var/log/messages 2&gt;/dev/null || echo "No /var/log/messages"</arg>
<doc>🔧 Execute a command on the remote server via SSH</doc>
<status status="PASS" start="2025-10-05T15:45:12.554279" elapsed="0.013590"/>
</kw>
<kw name="Execute Command" owner="logs_keywords">
<kw name="Execute Command" owner="SSHLibrary">
<msg time="2025-10-05T15:45:12.568616" level="INFO">Executing command 'tail -500 /var/log/syslog 2&gt;/dev/null || echo "No /var/log/syslog"'.</msg>
<msg time="2025-10-05T15:45:12.617511" level="INFO">Command exited with return code 0.</msg>
<msg time="2025-10-05T15:45:12.617957" level="INFO">${output} = 2025-10-05T15:01:19.103982-05:00 DESKTOP-933PGUE wsl-pro-service[173]: #033[36mINFO#033[0m Reconnecting to Windows host in 60 seconds
2025-10-05T15:01:19.104033-05:00 DESKTOP-933PGUE wsl-pro-service[1...</msg>
<var>${output}</var>
<arg>${command}</arg>
<doc>Executes ``command`` on the remote machine and returns its outputs.</doc>
<status status="PASS" start="2025-10-05T15:45:12.568461" elapsed="0.049556"/>
</kw>
<return>
<value>${output}</value>
<status status="PASS" start="2025-10-05T15:45:12.618140" elapsed="0.000077"/>
</return>
<msg time="2025-10-05T15:45:12.618580" level="INFO">${syslog} = 2025-10-05T15:01:19.103982-05:00 DESKTOP-933PGUE wsl-pro-service[173]: #033[36mINFO#033[0m Reconnecting to Windows host in 60 seconds
2025-10-05T15:01:19.104033-05:00 DESKTOP-933PGUE wsl-pro-service[1...</msg>
<var>${syslog}</var>
<arg>tail -${LOG_LINES_TO_COLLECT} /var/log/syslog 2&gt;/dev/null || echo "No /var/log/syslog"</arg>
<doc>🔧 Execute a command on the remote server via SSH</doc>
<status status="PASS" start="2025-10-05T15:45:12.568082" elapsed="0.050572"/>
</kw>
<kw name="Execute Command" owner="logs_keywords">
<kw name="Execute Command" owner="SSHLibrary">
<msg time="2025-10-05T15:45:12.620196" level="INFO">Executing command 'tail -500 /var/log/secure 2&gt;/dev/null || tail -500 /var/log/auth.log 2&gt;/dev/null || echo "No secure/auth.log"'.</msg>
<msg time="2025-10-05T15:45:12.694480" level="INFO">Command exited with return code 0.</msg>
<msg time="2025-10-05T15:45:12.694984" level="INFO">${output} = 2025-09-28T08:48:24.976178-05:00 DESKTOP-933PGUE systemd-logind[174]: New seat seat0.
2025-09-28T08:48:26.751638-05:00 DESKTOP-933PGUE login[300]: PAM unable to dlopen(pam_lastlog.so): /usr/lib/securi...</msg>
<var>${output}</var>
<arg>${command}</arg>
<doc>Executes ``command`` on the remote machine and returns its outputs.</doc>
<status status="PASS" start="2025-10-05T15:45:12.619916" elapsed="0.075127"/>
</kw>
<return>
<value>${output}</value>
<status status="PASS" start="2025-10-05T15:45:12.695180" elapsed="0.000085"/>
</return>
<msg time="2025-10-05T15:45:12.695514" level="INFO">${secure} = 2025-09-28T08:48:24.976178-05:00 DESKTOP-933PGUE systemd-logind[174]: New seat seat0.
2025-09-28T08:48:26.751638-05:00 DESKTOP-933PGUE login[300]: PAM unable to dlopen(pam_lastlog.so): /usr/lib/securi...</msg>
<var>${secure}</var>
<arg>tail -${LOG_LINES_TO_COLLECT} /var/log/secure 2&gt;/dev/null || tail -${LOG_LINES_TO_COLLECT} /var/log/auth.log 2&gt;/dev/null || echo "No secure/auth.log"</arg>
<doc>🔧 Execute a command on the remote server via SSH</doc>
<status status="PASS" start="2025-10-05T15:45:12.619277" elapsed="0.076275"/>
</kw>
<kw name="Execute Command" owner="logs_keywords">
<kw name="Execute Command" owner="SSHLibrary">
<msg time="2025-10-05T15:45:12.696889" level="INFO">Executing command 'tail -500 /var/log/cron 2&gt;/dev/null || tail -500 /var/log/cron.log 2&gt;/dev/null || echo "No cron log"'.</msg>
<msg time="2025-10-05T15:45:12.759780" level="INFO">Command exited with return code 0.</msg>
<msg time="2025-10-05T15:45:12.760193" level="INFO">${output} = No cron log</msg>
<var>${output}</var>
<arg>${command}</arg>
<doc>Executes ``command`` on the remote machine and returns its outputs.</doc>
<status status="PASS" start="2025-10-05T15:45:12.696622" elapsed="0.063655"/>
</kw>
<return>
<value>${output}</value>
<status status="PASS" start="2025-10-05T15:45:12.760414" elapsed="0.000082"/>
</return>
<msg time="2025-10-05T15:45:12.760754" level="INFO">${cron} = No cron log</msg>
<var>${cron}</var>
<arg>tail -${LOG_LINES_TO_COLLECT} /var/log/cron 2&gt;/dev/null || tail -${LOG_LINES_TO_COLLECT} /var/log/cron.log 2&gt;/dev/null || echo "No cron log"</arg>
<doc>🔧 Execute a command on the remote server via SSH</doc>
<status status="PASS" start="2025-10-05T15:45:12.695981" elapsed="0.064817"/>
</kw>
<kw name="Execute Command" owner="logs_keywords">
<kw name="Execute Command" owner="SSHLibrary">
<msg time="2025-10-05T15:45:12.762393" level="INFO">Executing command 'tail -500 /var/log/boot.log 2&gt;/dev/null || echo "No /var/log/boot.log"'.</msg>
<msg time="2025-10-05T15:45:12.809981" level="INFO">Command exited with return code 0.</msg>
<msg time="2025-10-05T15:45:12.810285" level="INFO">${output} = No /var/log/boot.log</msg>
<var>${output}</var>
<arg>${command}</arg>
<doc>Executes ``command`` on the remote machine and returns its outputs.</doc>
<status status="PASS" start="2025-10-05T15:45:12.762046" elapsed="0.048278"/>
</kw>
<return>
<value>${output}</value>
<status status="PASS" start="2025-10-05T15:45:12.810484" elapsed="0.000112"/>
</return>
<msg time="2025-10-05T15:45:12.810907" level="INFO">${boot} = No /var/log/boot.log</msg>
<var>${boot}</var>
<arg>tail -${LOG_LINES_TO_COLLECT} /var/log/boot.log 2&gt;/dev/null || echo "No /var/log/boot.log"</arg>
<doc>🔧 Execute a command on the remote server via SSH</doc>
<status status="PASS" start="2025-10-05T15:45:12.761306" elapsed="0.049636"/>
</kw>
<kw name="Execute Command" owner="logs_keywords">
<kw name="Execute Command" owner="SSHLibrary">
<msg time="2025-10-05T15:45:12.814668" level="INFO">Executing command 'tail -500 /var/log/kern.log 2&gt;/dev/null || echo "No /var/log/kern.log"'.</msg>
<msg time="2025-10-05T15:45:12.879937" level="INFO">Command exited with return code 0.</msg>
<msg time="2025-10-05T15:45:12.880364" level="INFO">${output} = 2025-09-29T22:05:14.153276-05:00 DESKTOP-933PGUE kernel: hv_pci cb70a81e-f157-4555-9eeb-a7bd93232cad: PCI VMBus probing: Using version 0x10004
2025-09-29T22:05:14.153277-05:00 DESKTOP-933PGUE kernel: ...</msg>
<var>${output}</var>
<arg>${command}</arg>
<doc>Executes ``command`` on the remote machine and returns its outputs.</doc>
<status status="PASS" start="2025-10-05T15:45:12.811843" elapsed="0.068578"/>
</kw>
<return>
<value>${output}</value>
<status status="PASS" start="2025-10-05T15:45:12.881331" elapsed="0.000069"/>
</return>
<msg time="2025-10-05T15:45:12.881648" level="INFO">${kern} = 2025-09-29T22:05:14.153276-05:00 DESKTOP-933PGUE kernel: hv_pci cb70a81e-f157-4555-9eeb-a7bd93232cad: PCI VMBus probing: Using version 0x10004
2025-09-29T22:05:14.153277-05:00 DESKTOP-933PGUE kernel: ...</msg>
<var>${kern}</var>
<arg>tail -${LOG_LINES_TO_COLLECT} /var/log/kern.log 2&gt;/dev/null || echo "No /var/log/kern.log"</arg>
<doc>🔧 Execute a command on the remote server via SSH</doc>
<status status="PASS" start="2025-10-05T15:45:12.811257" elapsed="0.070423"/>
</kw>
<kw name="Execute Command" owner="logs_keywords">
<kw name="Execute Command" owner="SSHLibrary">
<msg time="2025-10-05T15:45:12.882667" level="INFO">Executing command 'ls -lh /var/log/*.log /var/log/messages /var/log/syslog 2&gt;/dev/null || echo "Log file listing not available"'.</msg>
<msg time="2025-10-05T15:45:12.939793" level="INFO">Command exited with return code 0.</msg>
<msg time="2025-10-05T15:45:12.940149" level="INFO">${output} = -rw-r--r-- 1 root   root  32K Sep 28 10:17 /var/log/alternatives.log
-rw-r----- 1 syslog adm   57K Oct  5 15:45 /var/log/auth.log
-rw-r--r-- 1 root   root 116K Aug  5 11:55 /var/log/bootstrap.log
-rw-...</msg>
<var>${output}</var>
<arg>${command}</arg>
<doc>Executes ``command`` on the remote machine and returns its outputs.</doc>
<status status="PASS" start="2025-10-05T15:45:12.882403" elapsed="0.057908"/>
</kw>
<return>
<value>${output}</value>
<status status="PASS" start="2025-10-05T15:45:12.940506" elapsed="0.000090"/>
</return>
<msg time="2025-10-05T15:45:12.940882" level="INFO">${log_list} = -rw-r--r-- 1 root   root  32K Sep 28 10:17 /var/log/alternatives.log
-rw-r----- 1 syslog adm   57K Oct  5 15:45 /var/log/auth.log
-rw-r--r-- 1 root   root 116K Aug  5 11:55 /var/log/bootstrap.log
-rw-...</msg>
<var>${log_list}</var>
<arg>ls -lh /var/log/*.log /var/log/messages /var/log/syslog 2&gt;/dev/null || echo "Log file listing not available"</arg>
<doc>🔧 Execute a command on the remote server via SSH</doc>
<status status="PASS" start="2025-10-05T15:45:12.882005" elapsed="0.058928"/>
</kw>
<kw name="Catenate" owner="BuiltIn">
<msg time="2025-10-05T15:45:12.942222" level="INFO">${system_logs} = === /var/log Directory ===
-rw-r--r-- 1 root   root  32K Sep 28 10:17 /var/log/alternatives.log
-rw-r----- 1 syslog adm   57K Oct  5 15:45 /var/log/auth.log
-rw-r--r-- 1 root   root 116K Aug  5 11:55 ...</msg>
<var>${system_logs}</var>
<arg>SEPARATOR=\n</arg>
<arg>=== /var/log Directory ===</arg>
<arg>${log_list}</arg>
<arg>=== /var/log/messages ===</arg>
<arg>${messages}</arg>
<arg>=== /var/log/syslog ===</arg>
<arg>${syslog}</arg>
<arg>=== /var/log/secure (auth.log) ===</arg>
<arg>${secure}</arg>
<arg>=== /var/log/cron ===</arg>
<arg>${cron}</arg>
<arg>=== /var/log/boot.log ===</arg>
<arg>${boot}</arg>
<arg>=== /var/log/kern.log ===</arg>
<arg>${kern}</arg>
<doc>Catenates the given items together and returns the resulted string.</doc>
<status status="PASS" start="2025-10-05T15:45:12.941279" elapsed="0.000996"/>
</kw>
<kw name="Set Suite Variable" owner="BuiltIn">
<msg time="2025-10-05T15:45:12.943392" level="INFO">${SYSTEM_LOGS} = === /var/log Directory ===
-rw-r--r-- 1 root   root  32K Sep 28 10:17 /var/log/alternatives.log
-rw-r----- 1 syslog adm   57K Oct  5 15:45 /var/log/auth.log
-rw-r--r-- 1 root   root 116K Aug  5 11:55 ...</msg>
<arg>${SYSTEM_LOGS}</arg>
<arg>${system_logs}</arg>
<doc>Makes a variable available everywhere within the scope of the current suite.</doc>
<status status="PASS" start="2025-10-05T15:45:12.942948" elapsed="0.000524"/>
</kw>
<kw name="Log" owner="BuiltIn">
<msg time="2025-10-05T15:45:12.943974" level="INFO">✅ System log files collected</msg>
<arg>✅ System log files collected</arg>
<arg>console=yes</arg>
<doc>Logs the given message with the given level.</doc>
<status status="PASS" start="2025-10-05T15:45:12.943672" elapsed="0.000516"/>
</kw>
<return>
<value>${system_logs}</value>
<status status="PASS" start="2025-10-05T15:45:12.944315" elapsed="0.000068"/>
</return>
<msg time="2025-10-05T15:45:12.944616" level="INFO">${system_logs} = === /var/log Directory ===
-rw-r--r-- 1 root   root  32K Sep 28 10:17 /var/log/alternatives.log
-rw-r----- 1 syslog adm   57K Oct  5 15:45 /var/log/auth.log
-rw-r--r-- 1 root   root 116K Aug  5 11:55 ...</msg>
<var>${system_logs}</var>
<doc>📂 Collect important system log files from /var/log</doc>
<status status="PASS" start="2025-10-05T15:45:12.553579" elapsed="0.391082"/>
</kw>
<kw name="Save System Logs to File" owner="logs_keywords">
<kw name="Get Current Date" owner="DateTime">
<msg time="2025-10-05T15:45:12.946388" level="INFO">${timestamp} = 20251005_154512</msg>
<var>${timestamp}</var>
<arg>result_format=%Y%m%d_%H%M%S</arg>
<doc>Returns current local or UTC time with an optional increment.</doc>
<status status="PASS" start="2025-10-05T15:45:12.946002" elapsed="0.000465"/>
</kw>
<kw name="Set Variable" owner="BuiltIn">
<msg time="2025-10-05T15:45:12.947438" level="INFO">${syslog_file} = results/test22_event_logs/data/system_logs_20251005_154512.txt</msg>
<var>${syslog_file}</var>
<arg>${DATA_DIR}/system_logs_${timestamp}.txt</arg>
<doc>Returns the given values which can then be assigned to a variables.</doc>
<status status="PASS" start="2025-10-05T15:45:12.946870" elapsed="0.000621"/>
</kw>
<kw name="Catenate" owner="BuiltIn">
<msg time="2025-10-05T15:45:12.948605" level="INFO">${report} = =========================================
=== System Log Files (/var/log) ===
=========================================
Timestamp: 20251005_154512
Target Server: alhxvdvitap01 (172.30.16.186)
Lines pe...</msg>
<var>${report}</var>
<arg>SEPARATOR=\n</arg>
<arg>=========================================</arg>
<arg>=== System Log Files (/var/log) ===</arg>
<arg>=========================================</arg>
<arg>Timestamp: ${timestamp}</arg>
<arg>Target Server: ${TARGET_HOSTNAME} (${TARGET_IP})</arg>
<arg>Lines per Log: ${LOG_LINES_TO_COLLECT}</arg>
<arg>${system_logs}</arg>
<arg>=========================================</arg>
<doc>Catenates the given items together and returns the resulted string.</doc>
<status status="PASS" start="2025-10-05T15:45:12.947698" elapsed="0.000960"/>
</kw>
<kw name="Create File" owner="OperatingSystem">
<msg time="2025-10-05T15:45:12.961000" level="INFO" html="true">Created file '&lt;a href="file:///mnt/c/Users/sacpa/Projects/robot/robotframework/results/test22_event_logs/data/system_logs_20251005_154512.txt"&gt;/mnt/c/Users/sacpa/Projects/robot/robotframework/results/test22_event_logs/data/system_logs_20251005_154512.txt&lt;/a&gt;'.</msg>
<arg>${syslog_file}</arg>
<arg>${report}</arg>
<doc>Creates a file with the given content and encoding.</doc>
<status status="PASS" start="2025-10-05T15:45:12.948925" elapsed="0.012240"/>
</kw>
<kw name="Log" owner="BuiltIn">
<msg time="2025-10-05T15:45:12.961688" level="INFO">📄 System logs saved to: results/test22_event_logs/data/system_logs_20251005_154512.txt</msg>
<arg>📄 System logs saved to: ${syslog_file}</arg>
<arg>console=yes</arg>
<doc>Logs the given message with the given level.</doc>
<status status="PASS" start="2025-10-05T15:45:12.961357" elapsed="0.000480"/>
</kw>
<return>
<value>${syslog_file}</value>
<status status="PASS" start="2025-10-05T15:45:12.961936" elapsed="0.000052"/>
</return>
<msg time="2025-10-05T15:45:12.962166" level="INFO">${syslog_file} = results/test22_event_logs/data/system_logs_20251005_154512.txt</msg>
<var>${syslog_file}</var>
<arg>${system_logs}</arg>
<doc>💾 Save system logs to file</doc>
<status status="PASS" start="2025-10-05T15:45:12.945198" elapsed="0.016999"/>
</kw>
<kw name="File Should Exist" owner="SSHLibrary">
<msg time="2025-10-05T15:45:12.962322" level="WARN">Keyword 'File Should Exist' found both from a custom library 'SSHLibrary' and a standard library 'OperatingSystem'. The custom keyword is used. To select explicitly, and to get rid of this warning, use either 'SSHLibrary.File Should Exist' or 'OperatingSystem.File Should Exist'.</msg>
<msg time="2025-10-05T15:45:12.972317" level="FAIL">File 'results/test22_event_logs/data/system_logs_20251005_154512.txt' does not exist.</msg>
<arg>${syslog_file}</arg>
<doc>Fails if the given ``path`` does NOT point to an existing file.</doc>
<status status="FAIL" start="2025-10-05T15:45:12.962369" elapsed="0.013026">File 'results/test22_event_logs/data/system_logs_20251005_154512.txt' does not exist.</status>
</kw>
<kw name="Log" owner="BuiltIn">
<arg>📄 System logs saved to: ${syslog_file}</arg>
<arg>console=yes</arg>
<doc>Logs the given message with the given level.</doc>
<status status="NOT RUN" start="2025-10-05T15:45:12.975765" elapsed="0.000059"/>
</kw>
<kw name="Log" owner="BuiltIn">
<arg>✅ System log files collected successfully</arg>
<arg>console=yes</arg>
<doc>Logs the given message with the given level.</doc>
<status status="NOT RUN" start="2025-10-05T15:45:12.975996" elapsed="0.000031"/>
</kw>
<kw name="Log Test End" owner="logs_keywords" type="TEARDOWN">
<kw name="Log" owner="BuiltIn">
<msg time="2025-10-05T15:45:12.977388" level="INFO">================================================================================</msg>
<arg>================================================================================</arg>
<arg>console=yes</arg>
<doc>Logs the given message with the given level.</doc>
<status status="PASS" start="2025-10-05T15:45:12.977155" elapsed="0.000407"/>
</kw>
<kw name="Log" owner="BuiltIn">
<msg time="2025-10-05T15:45:12.978035" level="INFO">🏁 Completed Test: Critical - Collect System Log Files | Status: FAIL</msg>
<arg>🏁 Completed Test: ${test_name} | Status: ${status}</arg>
<arg>console=yes</arg>
<doc>Logs the given message with the given level.</doc>
<status status="PASS" start="2025-10-05T15:45:12.977744" elapsed="0.000436"/>
</kw>
<kw name="Log" owner="BuiltIn">
<msg time="2025-10-05T15:45:12.978656" level="INFO">================================================================================
</msg>
<arg>================================================================================\n</arg>
<arg>console=yes</arg>
<doc>Logs the given message with the given level.</doc>
<status status="PASS" start="2025-10-05T15:45:12.978347" elapsed="0.000465"/>
</kw>
<arg>${TEST_NAME}</arg>
<arg>${TEST_STATUS}</arg>
<doc>📝 Log the end of a test case with status</doc>
<status status="PASS" start="2025-10-05T15:45:12.976473" elapsed="0.002491"/>
</kw>
<doc>📂 Collect important system log files from /var/log</doc>
<tag>critical</tag>
<tag>logs</tag>
<tag>system</tag>
<tag>var_log</tag>
<status status="FAIL" start="2025-10-05T15:45:12.546148" elapsed="0.432904">File 'results/test22_event_logs/data/system_logs_20251005_154512.txt' does not exist.</status>
</test>
<test id="s1-t5" name="Critical - Check for Critical Errors in Journalctl" line="88">
<kw name="Log Test Start" owner="logs_keywords" type="SETUP">
<kw name="Log" owner="BuiltIn">
<msg time="2025-10-05T15:45:12.980875" level="INFO">
================================================================================</msg>
<arg>\n================================================================================</arg>
<arg>console=yes</arg>
<doc>Logs the given message with the given level.</doc>
<status status="PASS" start="2025-10-05T15:45:12.980698" elapsed="0.000322"/>
</kw>
<kw name="Log" owner="BuiltIn">
<msg time="2025-10-05T15:45:12.981464" level="INFO">🏁 Starting Test: Critical - Check for Critical Errors in Journalctl</msg>
<arg>🏁 Starting Test: ${test_name}</arg>
<arg>console=yes</arg>
<doc>Logs the given message with the given level.</doc>
<status status="PASS" start="2025-10-05T15:45:12.981214" elapsed="0.000388"/>
</kw>
<kw name="Log" owner="BuiltIn">
<msg time="2025-10-05T15:45:12.981954" level="INFO">================================================================================</msg>
<arg>================================================================================</arg>
<arg>console=yes</arg>
<doc>Logs the given message with the given level.</doc>
<status status="PASS" start="2025-10-05T15:45:12.981799" elapsed="0.000282"/>
</kw>
<arg>${TEST_NAME}</arg>
<doc>📝 Log the start of a test case</doc>
<status status="PASS" start="2025-10-05T15:45:12.980354" elapsed="0.001830"/>
</kw>
<kw name="Log" owner="BuiltIn">
<msg time="2025-10-05T15:45:12.982694" level="INFO">🔍 Searching for critical errors in journal...</msg>
<arg>🔍 Searching for critical errors in journal...</arg>
<arg>console=yes</arg>
<doc>Logs the given message with the given level.</doc>
<status status="PASS" start="2025-10-05T15:45:12.982351" elapsed="0.000648"/>
</kw>
<kw name="Search Critical Errors in Journal" owner="logs_keywords">
<kw name="Log" owner="BuiltIn">
<msg time="2025-10-05T15:45:12.983853" level="INFO">⚠️ Searching for critical errors...</msg>
<arg>⚠️ Searching for critical errors...</arg>
<arg>console=yes</arg>
<doc>Logs the given message with the given level.</doc>
<status status="PASS" start="2025-10-05T15:45:12.983688" elapsed="0.000269"/>
</kw>
<kw name="Execute Command" owner="logs_keywords">
<kw name="Execute Command" owner="SSHLibrary">
<msg time="2025-10-05T15:45:12.984518" level="INFO">Executing command 'journalctl --no-pager -p emerg -n 100 2&gt;&amp;1 || echo "Emergency level search not available"'.</msg>
<msg time="2025-10-05T15:45:12.997236" level="INFO">Command exited with return code 0.</msg>
<msg time="2025-10-05T15:45:12.997459" level="INFO">${output} = -- No entries --</msg>
<var>${output}</var>
<arg>${command}</arg>
<doc>Executes ``command`` on the remote machine and returns its outputs.</doc>
<status status="PASS" start="2025-10-05T15:45:12.984399" elapsed="0.013085"/>
</kw>
<return>
<value>${output}</value>
<status status="PASS" start="2025-10-05T15:45:12.997560" elapsed="0.000049"/>
</return>
<msg time="2025-10-05T15:45:12.997852" level="INFO">${emerg_errors} = -- No entries --</msg>
<var>${emerg_errors}</var>
<arg>journalctl --no-pager -p emerg -n 100 2&gt;&amp;1 || echo "Emergency level search not available"</arg>
<doc>🔧 Execute a command on the remote server via SSH</doc>
<status status="PASS" start="2025-10-05T15:45:12.984132" elapsed="0.013760"/>
</kw>
<kw name="Execute Command" owner="logs_keywords">
<kw name="Execute Command" owner="SSHLibrary">
<msg time="2025-10-05T15:45:12.998945" level="INFO">Executing command 'journalctl --no-pager -p alert -n 100 2&gt;&amp;1 || echo "Alert level search not available"'.</msg>
<msg time="2025-10-05T15:45:13.063235" level="INFO">Command exited with return code 0.</msg>
<msg time="2025-10-05T15:45:13.063481" level="INFO">${output} = Oct 05 12:31:21 alhxvdvitap01 sudo[626]:      sac : unable to resolve host alhxvdvitap01: Temporary failure in name resolution
Oct 05 12:31:55 alhxvdvitap01 sudo[953]:      sac : unable to resolve hos...</msg>
<var>${output}</var>
<arg>${command}</arg>
<doc>Executes ``command`` on the remote machine and returns its outputs.</doc>
<status status="PASS" start="2025-10-05T15:45:12.998714" elapsed="0.064804"/>
</kw>
<return>
<value>${output}</value>
<status status="PASS" start="2025-10-05T15:45:13.063597" elapsed="0.000048"/>
</return>
<msg time="2025-10-05T15:45:13.063814" level="INFO">${alert_errors} = Oct 05 12:31:21 alhxvdvitap01 sudo[626]:      sac : unable to resolve host alhxvdvitap01: Temporary failure in name resolution
Oct 05 12:31:55 alhxvdvitap01 sudo[953]:      sac : unable to resolve hos...</msg>
<var>${alert_errors}</var>
<arg>journalctl --no-pager -p alert -n 100 2&gt;&amp;1 || echo "Alert level search not available"</arg>
<doc>🔧 Execute a command on the remote server via SSH</doc>
<status status="PASS" start="2025-10-05T15:45:12.998235" elapsed="0.065644"/>
</kw>
<kw name="Execute Command" owner="logs_keywords">
<kw name="Execute Command" owner="SSHLibrary">
<msg time="2025-10-05T15:45:13.064640" level="INFO">Executing command 'journalctl --no-pager -p crit -n 100 2&gt;&amp;1 || echo "Critical level search not available"'.</msg>
<msg time="2025-10-05T15:45:13.125629" level="INFO">Command exited with return code 0.</msg>
<msg time="2025-10-05T15:45:13.125906" level="INFO">${output} = Sep 28 08:51:05 DESKTOP-933PGUE sudo[1026]: pam_unix(sudo:auth): auth could not identify password for [sac]
-- Boot 1eee50944e4745269e3cc8421a05f8ec --
Sep 29 14:21:47 DESKTOP-933PGUE sudo[10015]: pam...</msg>
<var>${output}</var>
<arg>${command}</arg>
<doc>Executes ``command`` on the remote machine and returns its outputs.</doc>
<status status="PASS" start="2025-10-05T15:45:13.064502" elapsed="0.061444"/>
</kw>
<return>
<value>${output}</value>
<status status="PASS" start="2025-10-05T15:45:13.126051" elapsed="0.000064"/>
</return>
<msg time="2025-10-05T15:45:13.126315" level="INFO">${crit_errors} = Sep 28 08:51:05 DESKTOP-933PGUE sudo[1026]: pam_unix(sudo:auth): auth could not identify password for [sac]
-- Boot 1eee50944e4745269e3cc8421a05f8ec --
Sep 29 14:21:47 DESKTOP-933PGUE sudo[10015]: pam...</msg>
<var>${crit_errors}</var>
<arg>journalctl --no-pager -p crit -n 100 2&gt;&amp;1 || echo "Critical level search not available"</arg>
<doc>🔧 Execute a command on the remote server via SSH</doc>
<status status="PASS" start="2025-10-05T15:45:13.064156" elapsed="0.062193"/>
</kw>
<kw name="Execute Command" owner="logs_keywords">
<kw name="Execute Command" owner="SSHLibrary">
<msg time="2025-10-05T15:45:13.127491" level="INFO">Executing command 'journalctl --no-pager -n 500 | grep -i "critical|emergency|fatal|panic" || echo "No critical keywords found"'.</msg>
<msg time="2025-10-05T15:45:13.245734" level="INFO">Command exited with return code 0.</msg>
<msg time="2025-10-05T15:45:13.246064" level="INFO">${output} = No critical keywords found</msg>
<var>${output}</var>
<arg>${command}</arg>
<doc>Executes ``command`` on the remote machine and returns its outputs.</doc>
<status status="PASS" start="2025-10-05T15:45:13.127354" elapsed="0.118755"/>
</kw>
<return>
<value>${output}</value>
<status status="PASS" start="2025-10-05T15:45:13.246242" elapsed="0.000084"/>
</return>
<msg time="2025-10-05T15:45:13.246728" level="INFO">${error_keywords} = No critical keywords found</msg>
<var>${error_keywords}</var>
<arg>journalctl --no-pager -n ${LOG_LINES_TO_COLLECT} | grep -i "critical\|emergency\|fatal\|panic" || echo "No critical keywords found"</arg>
<doc>🔧 Execute a command on the remote server via SSH</doc>
<status status="PASS" start="2025-10-05T15:45:13.126770" elapsed="0.120026"/>
</kw>
<kw name="Catenate" owner="BuiltIn">
<msg time="2025-10-05T15:45:13.247753" level="INFO">${critical_errors} = === Emergency Level (Priority 0) ===
-- No entries --

=== Alert Level (Priority 1) ===
Oct 05 12:31:21 alhxvdvitap01 sudo[626]:      sac : unable to resolve host alhxvdvitap01: Temporary failure in n...</msg>
<var>${critical_errors}</var>
<arg>SEPARATOR=\n</arg>
<arg>=== Emergency Level (Priority 0) ===</arg>
<arg>${emerg_errors}</arg>
<arg>=== Alert Level (Priority 1) ===</arg>
<arg>${alert_errors}</arg>
<arg>=== Critical Level (Priority 2) ===</arg>
<arg>${crit_errors}</arg>
<arg>=== Critical Keywords in Recent Logs ===</arg>
<arg>${error_keywords}</arg>
<doc>Catenates the given items together and returns the resulted string.</doc>
<status status="PASS" start="2025-10-05T15:45:13.247231" elapsed="0.000586"/>
</kw>
<kw name="Set Suite Variable" owner="BuiltIn">
<msg time="2025-10-05T15:45:13.248317" level="INFO">${CRITICAL_ERRORS} = === Emergency Level (Priority 0) ===
-- No entries --

=== Alert Level (Priority 1) ===
Oct 05 12:31:21 alhxvdvitap01 sudo[626]:      sac : unable to resolve host alhxvdvitap01: Temporary failure in n...</msg>
<arg>${CRITICAL_ERRORS}</arg>
<arg>${critical_errors}</arg>
<doc>Makes a variable available everywhere within the scope of the current suite.</doc>
<status status="PASS" start="2025-10-05T15:45:13.248032" elapsed="0.000356"/>
</kw>
<kw name="Log" owner="BuiltIn">
<msg time="2025-10-05T15:45:13.248831" level="INFO">✅ Critical error search completed</msg>
<arg>✅ Critical error search completed</arg>
<arg>console=yes</arg>
<doc>Logs the given message with the given level.</doc>
<status status="PASS" start="2025-10-05T15:45:13.248605" elapsed="0.000382"/>
</kw>
<return>
<value>${critical_errors}</value>
<status status="PASS" start="2025-10-05T15:45:13.249067" elapsed="0.000062"/>
</return>
<msg time="2025-10-05T15:45:13.249373" level="INFO">${critical_errors} = === Emergency Level (Priority 0) ===
-- No entries --

=== Alert Level (Priority 1) ===
Oct 05 12:31:21 alhxvdvitap01 sudo[626]:      sac : unable to resolve host alhxvdvitap01: Temporary failure in n...</msg>
<var>${critical_errors}</var>
<doc>⚠️ Search for critical and emergency level errors</doc>
<status status="PASS" start="2025-10-05T15:45:12.983282" elapsed="0.266131"/>
</kw>
<kw name="Save Critical Errors to File" owner="logs_keywords">
<kw name="Get Current Date" owner="DateTime">
<msg time="2025-10-05T15:45:13.250524" level="INFO">${timestamp} = 20251005_154513</msg>
<var>${timestamp}</var>
<arg>result_format=%Y%m%d_%H%M%S</arg>
<doc>Returns current local or UTC time with an optional increment.</doc>
<status status="PASS" start="2025-10-05T15:45:13.250201" elapsed="0.000366"/>
</kw>
<kw name="Set Variable" owner="BuiltIn">
<msg time="2025-10-05T15:45:13.251078" level="INFO">${errors_file} = results/test22_event_logs/data/critical_errors_20251005_154513.txt</msg>
<var>${errors_file}</var>
<arg>${DATA_DIR}/critical_errors_${timestamp}.txt</arg>
<doc>Returns the given values which can then be assigned to a variables.</doc>
<status status="PASS" start="2025-10-05T15:45:13.250747" elapsed="0.000361"/>
</kw>
<kw name="Catenate" owner="BuiltIn">
<msg time="2025-10-05T15:45:13.251598" level="INFO">${report} = =========================================
=== Critical Errors Analysis ===
=========================================
Timestamp: 20251005_154513
Target Server: alhxvdvitap01 (172.30.16.186)
Search Keyw...</msg>
<var>${report}</var>
<arg>SEPARATOR=\n</arg>
<arg>=========================================</arg>
<arg>=== Critical Errors Analysis ===</arg>
<arg>=========================================</arg>
<arg>Timestamp: ${timestamp}</arg>
<arg>Target Server: ${TARGET_HOSTNAME} (${TARGET_IP})</arg>
<arg>Search Keywords: ${CRITICAL_ERROR_KEYWORDS}</arg>
<arg>${critical_errors}</arg>
<arg>=========================================</arg>
<doc>Catenates the given items together and returns the resulted string.</doc>
<status status="PASS" start="2025-10-05T15:45:13.251218" elapsed="0.000409"/>
</kw>
<kw name="Create File" owner="OperatingSystem">
[...]
</kw>
<kw name="Catenate" owner="BuiltIn">
<msg time="2025-10-05T15:45:31.753761" level="INFO">${uptime_analysis} = === Current Uptime ===
 15:45:28 up  2:40,  2 users,  load average: 1.02, 0.50, 0.41

=== Last Boot Time ===
         system boot  2025-10-05 12:18

=== Reboot History (last reboot) ===
reboot   syste...</msg>
<var>${uptime_analysis}</var>
<arg>SEPARATOR=\n</arg>
<arg>=== Current Uptime ===</arg>
<arg>${uptime}</arg>
<arg>=== Last Boot Time ===</arg>
<arg>${who_boot}</arg>
<arg>=== Reboot History (last reboot) ===</arg>
<arg>${last_reboot}</arg>
<arg>=== Boot List (journalctl) ===</arg>
<arg>${reboot_history}</arg>
<doc>Catenates the given items together and returns the resulted string.</doc>
<status status="PASS" start="2025-10-05T15:45:31.753187" elapsed="0.000622"/>
</kw>
<kw name="Log" owner="BuiltIn">
<msg time="2025-10-05T15:45:31.754249" level="INFO">✅ Uptime and reboot history collected</msg>
<arg>✅ Uptime and reboot history collected</arg>
<arg>console=yes</arg>
<doc>Logs the given message with the given level.</doc>
<status status="PASS" start="2025-10-05T15:45:31.754028" elapsed="0.000402"/>
</kw>
<return>
<value>${uptime_analysis}</value>
<status status="PASS" start="2025-10-05T15:45:31.754514" elapsed="0.000056"/>
</return>
<msg time="2025-10-05T15:45:31.754788" level="INFO">${uptime_analysis} = === Current Uptime ===
 15:45:28 up  2:40,  2 users,  load average: 1.02, 0.50, 0.41

=== Last Boot Time ===
         system boot  2025-10-05 12:18

=== Reboot History (last reboot) ===
reboot   syste...</msg>
<var>${uptime_analysis}</var>
<doc>⏱️ Check system uptime and reboot history</doc>
<status status="PASS" start="2025-10-05T15:45:28.378173" elapsed="3.377449"/>
</kw>
<kw name="Save Uptime Analysis to File" owner="logs_keywords">
<kw name="Get Current Date" owner="DateTime">
<msg time="2025-10-05T15:45:31.756786" level="INFO">${timestamp} = 20251005_154531</msg>
<var>${timestamp}</var>
<arg>result_format=%Y%m%d_%H%M%S</arg>
<doc>Returns current local or UTC time with an optional increment.</doc>
<status status="PASS" start="2025-10-05T15:45:31.756426" elapsed="0.000404"/>
</kw>
<kw name="Set Variable" owner="BuiltIn">
<msg time="2025-10-05T15:45:31.757284" level="INFO">${uptime_file} = results/test22_event_logs/data/uptime_analysis_20251005_154531.txt</msg>
<var>${uptime_file}</var>
<arg>${DATA_DIR}/uptime_analysis_${timestamp}.txt</arg>
<doc>Returns the given values which can then be assigned to a variables.</doc>
<status status="PASS" start="2025-10-05T15:45:31.757022" elapsed="0.000297"/>
</kw>
<kw name="Catenate" owner="BuiltIn">
<msg time="2025-10-05T15:45:31.757931" level="INFO">${report} = =========================================
=== Uptime and Reboot History ===
=========================================
Timestamp: 20251005_154531
Target Server: alhxvdvitap01 (172.30.16.186)

=== Curre...</msg>
<var>${report}</var>
<arg>SEPARATOR=\n</arg>
<arg>=========================================</arg>
<arg>=== Uptime and Reboot History ===</arg>
<arg>=========================================</arg>
<arg>Timestamp: ${timestamp}</arg>
<arg>Target Server: ${TARGET_HOSTNAME} (${TARGET_IP})</arg>
<arg>${uptime_analysis}</arg>
<arg>=========================================</arg>
<doc>Catenates the given items together and returns the resulted string.</doc>
<status status="PASS" start="2025-10-05T15:45:31.757465" elapsed="0.000507"/>
</kw>
<kw name="Create File" owner="OperatingSystem">
<msg time="2025-10-05T15:45:31.768186" level="INFO" html="true">Created file '&lt;a href="file:///mnt/c/Users/sacpa/Projects/robot/robotframework/results/test22_event_logs/data/uptime_analysis_20251005_154531.txt"&gt;/mnt/c/Users/sacpa/Projects/robot/robotframework/results/test22_event_logs/data/uptime_analysis_20251005_154531.txt&lt;/a&gt;'.</msg>
<arg>${uptime_file}</arg>
<arg>${report}</arg>
<doc>Creates a file with the given content and encoding.</doc>
<status status="PASS" start="2025-10-05T15:45:31.758195" elapsed="0.010126"/>
</kw>
<kw name="Log" owner="BuiltIn">
<msg time="2025-10-05T15:45:31.768921" level="INFO">📄 Uptime analysis saved to: results/test22_event_logs/data/uptime_analysis_20251005_154531.txt</msg>
<arg>📄 Uptime analysis saved to: ${uptime_file}</arg>
<arg>console=yes</arg>
<doc>Logs the given message with the given level.</doc>
<status status="PASS" start="2025-10-05T15:45:31.768624" elapsed="0.000420"/>
</kw>
<return>
<value>${uptime_file}</value>
<status status="PASS" start="2025-10-05T15:45:31.769118" elapsed="0.000044"/>
</return>
<msg time="2025-10-05T15:45:31.769350" level="INFO">${uptime_file} = results/test22_event_logs/data/uptime_analysis_20251005_154531.txt</msg>
<var>${uptime_file}</var>
<arg>${uptime_analysis}</arg>
<doc>💾 Save uptime analysis to file</doc>
<status status="PASS" start="2025-10-05T15:45:31.755980" elapsed="0.013396"/>
</kw>
<kw name="Log" owner="BuiltIn">
<msg time="2025-10-05T15:45:31.769831" level="INFO">📄 Uptime analysis saved to: results/test22_event_logs/data/uptime_analysis_20251005_154531.txt</msg>
<arg>📄 Uptime analysis saved to: ${uptime_file}</arg>
<arg>console=yes</arg>
<doc>Logs the given message with the given level.</doc>
<status status="PASS" start="2025-10-05T15:45:31.769559" elapsed="0.000422"/>
</kw>
<kw name="Log" owner="BuiltIn">
<msg time="2025-10-05T15:45:31.770367" level="INFO">✅ Uptime and reboot history checked</msg>
<arg>✅ Uptime and reboot history checked</arg>
<arg>console=yes</arg>
<doc>Logs the given message with the given level.</doc>
<status status="PASS" start="2025-10-05T15:45:31.770206" elapsed="0.000285"/>
</kw>
<kw name="Log Test End" owner="logs_keywords" type="TEARDOWN">
<kw name="Log" owner="BuiltIn">
<msg time="2025-10-05T15:45:31.771682" level="INFO">================================================================================</msg>
<arg>================================================================================</arg>
<arg>console=yes</arg>
<doc>Logs the given message with the given level.</doc>
<status status="PASS" start="2025-10-05T15:45:31.771460" elapsed="0.000376"/>
</kw>
<kw name="Log" owner="BuiltIn">
<msg time="2025-10-05T15:45:31.772352" level="INFO">🏁 Completed Test: Normal - Check System Uptime and Reboot History | Status: PASS</msg>
<arg>🏁 Completed Test: ${test_name} | Status: ${status}</arg>
<arg>console=yes</arg>
<doc>Logs the given message with the given level.</doc>
<status status="PASS" start="2025-10-05T15:45:31.772012" elapsed="0.000502"/>
</kw>
<kw name="Log" owner="BuiltIn">
<msg time="2025-10-05T15:45:31.772890" level="INFO">================================================================================
</msg>
<arg>================================================================================\n</arg>
<arg>console=yes</arg>
<doc>Logs the given message with the given level.</doc>
<status status="PASS" start="2025-10-05T15:45:31.772724" elapsed="0.000273"/>
</kw>
<arg>${TEST_NAME}</arg>
<arg>${TEST_STATUS}</arg>
<doc>📝 Log the end of a test case with status</doc>
<status status="PASS" start="2025-10-05T15:45:31.770871" elapsed="0.002219"/>
</kw>
<doc>⏱️ Check system uptime and analyze reboot history</doc>
<tag>normal</tag>
<tag>reboot</tag>
<tag>stability</tag>
<tag>uptime</tag>
<status status="PASS" start="2025-10-05T15:45:28.374894" elapsed="3.398241"/>
</test>
<test id="s1-t19" name="Normal - Comprehensive Log Health Summary" line="299">
<kw name="Log Test Start" owner="logs_keywords" type="SETUP">
<kw name="Log" owner="BuiltIn">
<msg time="2025-10-05T15:45:31.774777" level="INFO">
================================================================================</msg>
<arg>\n================================================================================</arg>
<arg>console=yes</arg>
<doc>Logs the given message with the given level.</doc>
<status status="PASS" start="2025-10-05T15:45:31.774631" elapsed="0.000252"/>
</kw>
<kw name="Log" owner="BuiltIn">
<msg time="2025-10-05T15:45:31.775180" level="INFO">🏁 Starting Test: Normal - Comprehensive Log Health Summary</msg>
<arg>🏁 Starting Test: ${test_name}</arg>
<arg>console=yes</arg>
<doc>Logs the given message with the given level.</doc>
<status status="PASS" start="2025-10-05T15:45:31.775007" elapsed="0.000263"/>
</kw>
<kw name="Log" owner="BuiltIn">
<msg time="2025-10-05T15:45:31.775512" level="INFO">================================================================================</msg>
<arg>================================================================================</arg>
<arg>console=yes</arg>
<doc>Logs the given message with the given level.</doc>
<status status="PASS" start="2025-10-05T15:45:31.775391" elapsed="0.000218"/>
</kw>
<arg>${TEST_NAME}</arg>
<doc>📝 Log the start of a test case</doc>
<status status="PASS" start="2025-10-05T15:45:31.774243" elapsed="0.001474"/>
</kw>
<kw name="Log" owner="BuiltIn">
<msg time="2025-10-05T15:45:31.775973" level="INFO">🔍 Generating comprehensive log health summary...</msg>
<arg>🔍 Generating comprehensive log health summary...</arg>
<arg>console=yes</arg>
<doc>Logs the given message with the given level.</doc>
<status status="PASS" start="2025-10-05T15:45:31.775864" elapsed="0.000196"/>
</kw>
<kw name="Validate All Log Health Metrics" owner="logs_keywords">
<kw name="Log" owner="BuiltIn">
<msg time="2025-10-05T15:45:31.776643" level="INFO">📊 Validating all log health metrics...</msg>
<arg>📊 Validating all log health metrics...</arg>
<arg>console=yes</arg>
<doc>Logs the given message with the given level.</doc>
<status status="PASS" start="2025-10-05T15:45:31.776473" elapsed="0.000305"/>
</kw>
<kw name="Log" owner="BuiltIn">
<msg time="2025-10-05T15:45:31.777898" level="INFO">✅ All log health data collected and validated</msg>
<arg>✅ All log health data collected and validated</arg>
<arg>console=yes</arg>
<doc>Logs the given message with the given level.</doc>
<status status="PASS" start="2025-10-05T15:45:31.777752" elapsed="0.000253"/>
</kw>
<doc>📊 Validate all log health metrics</doc>
<status status="PASS" start="2025-10-05T15:45:31.776253" elapsed="0.001824"/>
</kw>
<kw name="Log" owner="BuiltIn">
<msg time="2025-10-05T15:45:31.778312" level="INFO">📊 Comprehensive log health summary:</msg>
<arg>📊 Comprehensive log health summary:</arg>
<arg>console=yes</arg>
<doc>Logs the given message with the given level.</doc>
<status status="PASS" start="2025-10-05T15:45:31.778196" elapsed="0.000206"/>
</kw>
<kw name="Log" owner="BuiltIn">
<msg time="2025-10-05T15:45:31.778625" level="INFO">📊 - Journal Logs: Collected ✅</msg>
<arg>📊 - Journal Logs: Collected ✅</arg>
<arg>console=yes</arg>
<doc>Logs the given message with the given level.</doc>
<status status="PASS" start="2025-10-05T15:45:31.778509" elapsed="0.000193"/>
</kw>
<kw name="Log" owner="BuiltIn">
<msg time="2025-10-05T15:45:31.778914" level="INFO">📊 - Boot Messages: Collected ✅</msg>
<arg>📊 - Boot Messages: Collected ✅</arg>
<arg>console=yes</arg>
<doc>Logs the given message with the given level.</doc>
<status status="PASS" start="2025-10-05T15:45:31.778800" elapsed="0.000187"/>
</kw>
<kw name="Log" owner="BuiltIn">
<msg time="2025-10-05T15:45:31.779189" level="INFO">📊 - System Logs: Collected ✅</msg>
<arg>📊 - System Logs: Collected ✅</arg>
<arg>console=yes</arg>
<doc>Logs the given message with the given level.</doc>
<status status="PASS" start="2025-10-05T15:45:31.779081" elapsed="0.000198"/>
</kw>
<kw name="Log" owner="BuiltIn">
<msg time="2025-10-05T15:45:31.779478" level="INFO">📊 - Critical Errors: Validated ✅</msg>
<arg>📊 - Critical Errors: Validated ✅</arg>
<arg>console=yes</arg>
<doc>Logs the given message with the given level.</doc>
<status status="PASS" start="2025-10-05T15:45:31.779384" elapsed="0.000168"/>
</kw>
<kw name="Log" owner="BuiltIn">
<msg time="2025-10-05T15:45:31.780029" level="INFO">📊 - Boot Sequence: Validated ✅</msg>
<arg>📊 - Boot Sequence: Validated ✅</arg>
<arg>console=yes</arg>
<doc>Logs the given message with the given level.</doc>
<status status="PASS" start="2025-10-05T15:45:31.779645" elapsed="0.000476"/>
</kw>
<kw name="Log" owner="BuiltIn">
<msg time="2025-10-05T15:45:31.780373" level="INFO">📊 - Service Startup: Validated ✅</msg>
<arg>📊 - Service Startup: Validated ✅</arg>
<arg>console=yes</arg>
<doc>Logs the given message with the given level.</doc>
<status status="PASS" start="2025-10-05T15:45:31.780241" elapsed="0.000216"/>
</kw>
<kw name="Log" owner="BuiltIn">
<msg time="2025-10-05T15:45:31.780954" level="INFO">📊 - Log Rotation: Validated ✅</msg>
<arg>📊 - Log Rotation: Validated ✅</arg>
<arg>console=yes</arg>
<doc>Logs the given message with the given level.</doc>
<status status="PASS" start="2025-10-05T15:45:31.780788" elapsed="0.000253"/>
</kw>
<kw name="Log" owner="BuiltIn">
<msg time="2025-10-05T15:45:31.781268" level="INFO">📊 - Error Patterns: Analyzed ✅</msg>
<arg>📊 - Error Patterns: Analyzed ✅</arg>
<arg>console=yes</arg>
<doc>Logs the given message with the given level.</doc>
<status status="PASS" start="2025-10-05T15:45:31.781171" elapsed="0.000181"/>
</kw>
<kw name="Log" owner="BuiltIn">
<msg time="2025-10-05T15:45:31.781598" level="INFO">✅ Comprehensive log health validation: COMPLETED</msg>
<arg>✅ Comprehensive log health validation: COMPLETED</arg>
<arg>console=yes</arg>
<doc>Logs the given message with the given level.</doc>
<status status="PASS" start="2025-10-05T15:45:31.781503" elapsed="0.000173"/>
</kw>
<kw name="Log Test End" owner="logs_keywords" type="TEARDOWN">
<kw name="Log" owner="BuiltIn">
<msg time="2025-10-05T15:45:31.782360" level="INFO">================================================================================</msg>
<arg>================================================================================</arg>
<arg>console=yes</arg>
<doc>Logs the given message with the given level.</doc>
<status status="PASS" start="2025-10-05T15:45:31.782250" elapsed="0.000201"/>
</kw>
<kw name="Log" owner="BuiltIn">
<msg time="2025-10-05T15:45:31.782767" level="INFO">🏁 Completed Test: Normal - Comprehensive Log Health Summary | Status: PASS</msg>
<arg>🏁 Completed Test: ${test_name} | Status: ${status}</arg>
<arg>console=yes</arg>
<doc>Logs the given message with the given level.</doc>
<status status="PASS" start="2025-10-05T15:45:31.782584" elapsed="0.000269"/>
</kw>
<kw name="Log" owner="BuiltIn">
<msg time="2025-10-05T15:45:31.783090" level="INFO">================================================================================
</msg>
<arg>================================================================================\n</arg>
<arg>console=yes</arg>
<doc>Logs the given message with the given level.</doc>
<status status="PASS" start="2025-10-05T15:45:31.782951" elapsed="0.000216"/>
</kw>
<arg>${TEST_NAME}</arg>
<arg>${TEST_STATUS}</arg>
<doc>📝 Log the end of a test case with status</doc>
<status status="PASS" start="2025-10-05T15:45:31.781913" elapsed="0.001311"/>
</kw>
<doc>📊 Generate comprehensive summary of log health analysis</doc>
<tag>compliance</tag>
<tag>comprehensive</tag>
<tag>normal</tag>
<tag>summary</tag>
<status status="PASS" start="2025-10-05T15:45:31.773459" elapsed="0.009801"/>
</test>
<kw name="Close All SSH Connections" owner="logs_keywords" type="TEARDOWN">
<kw name="Log" owner="BuiltIn">
<msg time="2025-10-05T15:45:31.784310" level="INFO">🔌 Closing SSH connections...</msg>
<arg>🔌 Closing SSH connections...</arg>
<arg>console=yes</arg>
<doc>Logs the given message with the given level.</doc>
<status status="PASS" start="2025-10-05T15:45:31.784197" elapsed="0.000202"/>
</kw>
<kw name="Close All Connections" owner="SSHLibrary">
<doc>Closes all open connections.</doc>
<status status="PASS" start="2025-10-05T15:45:31.784556" elapsed="0.000512"/>
</kw>
<kw name="Log" owner="BuiltIn">
<msg time="2025-10-05T15:45:31.785352" level="INFO">✅ SSH connections closed</msg>
<arg>✅ SSH connections closed</arg>
<arg>console=yes</arg>
<doc>Logs the given message with the given level.</doc>
<status status="PASS" start="2025-10-05T15:45:31.785240" elapsed="0.000198"/>
</kw>
<doc>🔌 Close all SSH connections</doc>
<status status="PASS" start="2025-10-05T15:45:31.783924" elapsed="0.001573"/>
</kw>
<doc>📋 Event Logs &amp; Critical Error Validation Test Suite - Test-22
🔍 Process: Find hostname in EDS → SSH to server → Collect system logs → Validate no critical errors
✅ Validates: No critical errors in logs, clean boot sequence, successful service starts, proper log rotation
📊 Documents: journalctl output, dmesg, /var/log files, error patterns, boot messages, service status
⚠️ Focus: System health validation through comprehensive log analysis</doc>
<status status="FAIL" start="2025-10-05T15:44:58.553154" elapsed="33.232374"/>
</suite>
<statistics>
<total>
<stat pass="15" fail="4" skip="0">All Tests</stat>
</total>
<tag>
<stat pass="1" fail="0" skip="0">analysis</stat>
<stat pass="1" fail="0" skip="0">applications</stat>
<stat pass="1" fail="0" skip="0">audit</stat>
<stat pass="0" fail="1" skip="0">authentication</stat>
<stat pass="1" fail="1" skip="0">boot</stat>
<stat pass="1" fail="0" skip="0">capacity</stat>
<stat pass="1" fail="0" skip="0">compliance</stat>
<stat pass="1" fail="0" skip="0">comprehensive</stat>
<stat pass="2" fail="0" skip="0">configuration</stat>
<stat pass="1" fail="0" skip="0">connection</stat>
<stat pass="5" fail="3" skip="0">critical</stat>
<stat pass="1" fail="0" skip="0">disk_space</stat>
<stat pass="0" fail="1" skip="0">dmesg</stat>
<stat pass="3" fail="0" skip="0">errors</stat>
<stat pass="1" fail="0" skip="0">growth</stat>
<stat pass="1" fail="0" skip="0">hardware</stat>
<stat pass="1" fail="0" skip="0">infrastructure</stat>
<stat pass="1" fail="1" skip="0">journalctl</stat>
<stat pass="1" fail="1" skip="0">kernel</stat>
<stat pass="1" fail="0" skip="0">logging</stat>
<stat pass="1" fail="0" skip="0">logrotate</stat>
<stat pass="3" fail="4" skip="0">logs</stat>
<stat pass="1" fail="0" skip="0">log_size</stat>
<stat pass="1" fail="0" skip="0">monitoring</stat>
<stat pass="10" fail="1" skip="0">normal</stat>
<stat pass="1" fail="0" skip="0">patterns</stat>
<stat pass="1" fail="0" skip="0">permissions</stat>
<stat pass="1" fail="0" skip="0">reboot</stat>
<stat pass="1" fail="0" skip="0">rsyslog</stat>
<stat pass="2" fail="1" skip="0">security</stat>
<stat pass="1" fail="0" skip="0">selinux</stat>
<stat pass="1" fail="0" skip="0">sequence</stat>
<stat pass="1" fail="0" skip="0">services</stat>
<stat pass="1" fail="0" skip="0">ssh</stat>
<stat pass="1" fail="0" skip="0">stability</stat>
<stat pass="1" fail="0" skip="0">startup</stat>
<stat pass="1" fail="0" skip="0">summary</stat>
<stat pass="0" fail="1" skip="0">system</stat>
<stat pass="0" fail="1" skip="0">systemd</stat>
<stat pass="1" fail="0" skip="0">uptime</stat>
<stat pass="5" fail="0" skip="0">validation</stat>
<stat pass="0" fail="1" skip="0">var_log</stat>
</tag>
<suite>
<stat name="Event Logs" id="s1" pass="15" fail="4" skip="0">Event Logs</stat>
</suite>
</statistics>
<errors>
<msg time="2025-10-05T15:45:12.248184" level="WARN">Keyword 'File Should Exist' found both from a custom library 'SSHLibrary' and a standard library 'OperatingSystem'. The custom keyword is used. To select explicitly, and to get rid of this warning, use either 'SSHLibrary.File Should Exist' or 'OperatingSystem.File Should Exist'.</msg>
<msg time="2025-10-05T15:45:12.519072" level="WARN">Keyword 'File Should Exist' found both from a custom library 'SSHLibrary' and a standard library 'OperatingSystem'. The custom keyword is used. To select explicitly, and to get rid of this warning, use either 'SSHLibrary.File Should Exist' or 'OperatingSystem.File Should Exist'.</msg>
<msg time="2025-10-05T15:45:12.962322" level="WARN">Keyword 'File Should Exist' found both from a custom library 'SSHLibrary' and a standard library 'OperatingSystem'. The custom keyword is used. To select explicitly, and to get rid of this warning, use either 'SSHLibrary.File Should Exist' or 'OperatingSystem.File Should Exist'.</msg>
</errors>
</robot>
