<?xml version="1.0" encoding="UTF-8"?>
<robot generator="Robot 7.3.2 (Python 3.12.3 on linux)" generated="2025-09-28T14:10:21.540697" rpa="false" schemaversion="5">
<suite id="s1" name="Time Configuration Validation" source="/mnt/c/Users/sacpa/Projects/robot/robotframework/tests/test7/time_configuration_validation.robot">
<kw name="Initialize Test Environment" owner="time_keywords" type="SETUP">
<kw name="Get Current Date" owner="DateTime">
<msg time="2025-09-28T14:10:21.725630" level="INFO">${start_time} = 2025-09-28 14:10:21</msg>
<var>${start_time}</var>
<arg>result_format=%Y-%m-%d %H:%M:%S</arg>
<doc>Returns current local or UTC time with an optional increment.</doc>
<status status="PASS" start="2025-09-28T14:10:21.725262" elapsed="0.000420"/>
</kw>
<kw name="Set Suite Variable" owner="BuiltIn">
<msg time="2025-09-28T14:10:21.727102" level="INFO">${TEST_START_TIME} = 2025-09-28 14:10:21</msg>
<arg>${TEST_START_TIME}</arg>
<arg>${start_time}</arg>
<doc>Makes a variable available everywhere within the scope of the current suite.</doc>
<status status="PASS" start="2025-09-28T14:10:21.725865" elapsed="0.001301"/>
</kw>
<kw name="Create Directory" owner="OperatingSystem">
<msg time="2025-09-28T14:10:21.728161" level="INFO" html="true">Directory '&lt;a href="file:///mnt/c/Users/sacpa/Projects/robot/robotframework/results"&gt;/mnt/c/Users/sacpa/Projects/robot/robotframework/results&lt;/a&gt;' already exists.</msg>
<arg>${REPORTS_DIR}</arg>
<doc>Creates the specified directory.</doc>
<status status="PASS" start="2025-09-28T14:10:21.727295" elapsed="0.000971"/>
</kw>
<kw name="Create Directory" owner="OperatingSystem">
<msg time="2025-09-28T14:10:21.729846" level="INFO" html="true">Directory '&lt;a href="file:///mnt/c/Users/sacpa/Projects/robot/robotframework/results/test7/data"&gt;/mnt/c/Users/sacpa/Projects/robot/robotframework/results/test7/data&lt;/a&gt;' already exists.</msg>
<arg>${DATA_DIR}</arg>
<doc>Creates the specified directory.</doc>
<status status="PASS" start="2025-09-28T14:10:21.728425" elapsed="0.001544"/>
</kw>
<kw name="Create Directory" owner="OperatingSystem">
<msg time="2025-09-28T14:10:21.731516" level="INFO" html="true">Directory '&lt;a href="file:///mnt/c/Users/sacpa/Projects/robot/robotframework/results/test7/screenshots"&gt;/mnt/c/Users/sacpa/Projects/robot/robotframework/results/test7/screenshots&lt;/a&gt;' already exists.</msg>
<arg>${SCREENSHOTS_DIR}</arg>
<doc>Creates the specified directory.</doc>
<status status="PASS" start="2025-09-28T14:10:21.730186" elapsed="0.001421"/>
</kw>
<kw name="Set Suite Variable" owner="BuiltIn">
<msg time="2025-09-28T14:10:21.732085" level="INFO">${TOTAL_TESTS} = 0</msg>
<arg>${TOTAL_TESTS}</arg>
<arg>0</arg>
<doc>Makes a variable available everywhere within the scope of the current suite.</doc>
<status status="PASS" start="2025-09-28T14:10:21.731864" elapsed="0.000268"/>
</kw>
<kw name="Set Suite Variable" owner="BuiltIn">
<msg time="2025-09-28T14:10:21.732414" level="INFO">${PASSED_TESTS} = 0</msg>
<arg>${PASSED_TESTS}</arg>
<arg>0</arg>
<doc>Makes a variable available everywhere within the scope of the current suite.</doc>
<status status="PASS" start="2025-09-28T14:10:21.732261" elapsed="0.000190"/>
</kw>
<kw name="Set Suite Variable" owner="BuiltIn">
<msg time="2025-09-28T14:10:21.733306" level="INFO">@{TEST_RESULTS} = [ ]</msg>
<arg>@{TEST_RESULTS}</arg>
<arg>@{EMPTY}</arg>
<doc>Makes a variable available everywhere within the scope of the current suite.</doc>
<status status="PASS" start="2025-09-28T14:10:21.732605" elapsed="0.000750"/>
</kw>
<kw name="Set Suite Variable" owner="BuiltIn">
<msg time="2025-09-28T14:10:21.734107" level="INFO">@{PERFORMANCE_METRICS} = [ ]</msg>
<arg>@{PERFORMANCE_METRICS}</arg>
<arg>@{EMPTY}</arg>
<doc>Makes a variable available everywhere within the scope of the current suite.</doc>
<status status="PASS" start="2025-09-28T14:10:21.733475" elapsed="0.000681"/>
</kw>
<kw name="Get Hostname" owner="time_keywords">
<kw name="Run Process" owner="Process">
<msg time="2025-09-28T14:10:21.734837" level="INFO">Starting process:
hostname</msg>
<msg time="2025-09-28T14:10:21.735599" level="INFO">Waiting for process to complete.</msg>
<msg time="2025-09-28T14:10:21.738881" level="INFO">Process completed.</msg>
<msg time="2025-09-28T14:10:21.739138" level="INFO">${result} = &lt;result object with rc 0&gt;</msg>
<var>${result}</var>
<arg>hostname</arg>
<arg>shell=True</arg>
<doc>Runs a process and waits for it to complete.</doc>
<status status="PASS" start="2025-09-28T14:10:21.734583" elapsed="0.004606"/>
</kw>
<return>
<value>${result.stdout}</value>
<status status="PASS" start="2025-09-28T14:10:21.739337" elapsed="0.000101"/>
</return>
<msg time="2025-09-28T14:10:21.741017" level="INFO">${hostname} = DESKTOP-933PGUE</msg>
<var>${hostname}</var>
<doc>Gets the current hostname</doc>
<status status="PASS" start="2025-09-28T14:10:21.734362" elapsed="0.006723"/>
</kw>
<kw name="Get OS Information" owner="time_keywords">
<kw name="Run Process" owner="Process">
<msg time="2025-09-28T14:10:21.741947" level="INFO">Starting process:
uname -a</msg>
<msg time="2025-09-28T14:10:21.742656" level="INFO">Waiting for process to complete.</msg>
<msg time="2025-09-28T14:10:21.745697" level="INFO">Process completed.</msg>
<msg time="2025-09-28T14:10:21.745866" level="INFO">${result} = &lt;result object with rc 0&gt;</msg>
<var>${result}</var>
<arg>uname -a</arg>
<arg>shell=True</arg>
<doc>Runs a process and waits for it to complete.</doc>
<status status="PASS" start="2025-09-28T14:10:21.741725" elapsed="0.004170"/>
</kw>
<return>
<value>${result.stdout}</value>
<status status="PASS" start="2025-09-28T14:10:21.745989" elapsed="0.000067"/>
</return>
<msg time="2025-09-28T14:10:21.747086" level="INFO">${os_info} = Linux DESKTOP-933PGUE 6.6.87.2-microsoft-standard-WSL2 #1 SMP PREEMPT_DYNAMIC Thu Jun  5 18:30:46 UTC 2025 x86_64 x86_64 x86_64 GNU/Linux</msg>
<var>${os_info}</var>
<doc>Gets basic OS information</doc>
<status status="PASS" start="2025-09-28T14:10:21.741449" elapsed="0.005672"/>
</kw>
<kw name="Log To Console" owner="BuiltIn">
<arg>\n🚀 ===================================================</arg>
<doc>Logs the given message to the console.</doc>
<status status="PASS" start="2025-09-28T14:10:21.747444" elapsed="0.000278"/>
</kw>
<kw name="Log To Console" owner="BuiltIn">
<arg>🕒 TIME CONFIGURATION VALIDATION - TEST-7</arg>
<doc>Logs the given message to the console.</doc>
<status status="PASS" start="2025-09-28T14:10:21.747877" elapsed="0.000135"/>
</kw>
<kw name="Log To Console" owner="BuiltIn">
<arg>⚡ ===================================================</arg>
<doc>Logs the given message to the console.</doc>
<status status="PASS" start="2025-09-28T14:10:21.748113" elapsed="0.000115"/>
</kw>
<kw name="Log To Console" owner="BuiltIn">
<arg>📅 Start Time: ${start_time}</arg>
<doc>Logs the given message to the console.</doc>
<status status="PASS" start="2025-09-28T14:10:21.748322" elapsed="0.000154"/>
</kw>
<kw name="Log To Console" owner="BuiltIn">
<arg>🖥️ Hostname: ${hostname}</arg>
<doc>Logs the given message to the console.</doc>
<status status="PASS" start="2025-09-28T14:10:21.748674" elapsed="0.000173"/>
</kw>
<kw name="Log To Console" owner="BuiltIn">
<arg>💻 OS Info: ${os_info}</arg>
<doc>Logs the given message to the console.</doc>
<status status="PASS" start="2025-09-28T14:10:21.748950" elapsed="0.000142"/>
</kw>
<kw name="Log To Console" owner="BuiltIn">
<arg>📊 Reports: ${REPORTS_DIR}</arg>
<doc>Logs the given message to the console.</doc>
<status status="PASS" start="2025-09-28T14:10:21.749184" elapsed="0.000155"/>
</kw>
<kw name="Log To Console" owner="BuiltIn">
<arg>📁 Data: ${DATA_DIR}</arg>
<doc>Logs the given message to the console.</doc>
<status status="PASS" start="2025-09-28T14:10:21.749447" elapsed="0.000588"/>
</kw>
<kw name="Log To Console" owner="BuiltIn">
<arg>🎯 Target: ${TARGET_HOST}</arg>
<doc>Logs the given message to the console.</doc>
<status status="PASS" start="2025-09-28T14:10:21.750148" elapsed="0.000151"/>
</kw>
<kw name="Log To Console" owner="BuiltIn">
<arg>🌍 Required TZ: ${REQUIRED_TIMEZONE}</arg>
<doc>Logs the given message to the console.</doc>
<status status="PASS" start="2025-09-28T14:10:21.750392" elapsed="0.000134"/>
</kw>
<kw name="Log To Console" owner="BuiltIn">
<arg>🌐 Required NTP: ${REQUIRED_NTP_SERVER}</arg>
<doc>Logs the given message to the console.</doc>
<status status="PASS" start="2025-09-28T14:10:21.752102" elapsed="0.000365"/>
</kw>
<kw name="Log To Console" owner="BuiltIn">
<arg>===================================================</arg>
<doc>Logs the given message to the console.</doc>
<status status="PASS" start="2025-09-28T14:10:21.752788" elapsed="0.000194"/>
</kw>
<doc>🚀 Sets up test environment with enhanced logging for time validation</doc>
<status status="PASS" start="2025-09-28T14:10:21.724418" elapsed="0.028647"/>
</kw>
<test id="s1-t1" name="Critical - Target System Connection Establishment" line="29">
<kw name="Log Test Start" owner="time_keywords" type="SETUP">
<kw name="Log To Console" owner="BuiltIn">
<arg>\n🔍 Starting: ${test_name}</arg>
<doc>Logs the given message to the console.</doc>
<status status="PASS" start="2025-09-28T14:10:21.754262" elapsed="0.000158"/>
</kw>
<arg>${TEST_NAME}</arg>
<doc>Logs test start with formatting</doc>
<status status="PASS" start="2025-09-28T14:10:21.753984" elapsed="0.000494"/>
</kw>
<kw name="Log" owner="BuiltIn">
<msg time="2025-09-28T14:10:21.754746" level="INFO">🔍 Establishing connection to target system: 192.168.1.100</msg>
<arg>🔍 Establishing connection to target system: ${TARGET_HOST}</arg>
<arg>console=yes</arg>
<doc>Logs the given message with the given level.</doc>
<status status="PASS" start="2025-09-28T14:10:21.754583" elapsed="0.000222"/>
</kw>
<kw name="Evaluate" owner="BuiltIn">
<msg time="2025-09-28T14:10:21.755148" level="INFO">${total} = 1</msg>
<var>${total}</var>
<arg>${TOTAL_TESTS} + 1</arg>
<doc>Evaluates the given expression in Python and returns the result.</doc>
<status status="PASS" start="2025-09-28T14:10:21.754908" elapsed="0.000270"/>
</kw>
<kw name="Set Suite Variable" owner="BuiltIn">
<msg time="2025-09-28T14:10:21.755518" level="INFO">${TOTAL_TESTS} = 1</msg>
<arg>${TOTAL_TESTS}</arg>
<arg>${total}</arg>
<doc>Makes a variable available everywhere within the scope of the current suite.</doc>
<status status="PASS" start="2025-09-28T14:10:21.755329" elapsed="0.000258"/>
</kw>
<kw name="Establish System Connection" owner="time_keywords">
<kw name="Log" owner="BuiltIn">
<msg time="2025-09-28T14:10:21.756712" level="INFO">Simulating linux connection to 192.168.1.100 (running locally for demo)</msg>
<arg>Simulating ${os_type} connection to ${host} (running locally for demo)</arg>
<doc>Logs the given message with the given level.</doc>
<status status="PASS" start="2025-09-28T14:10:21.756471" elapsed="0.000303"/>
</kw>
<kw name="Set Variable" owner="BuiltIn">
<msg time="2025-09-28T14:10:21.757100" level="INFO">${connection_id} = local-connection-192.168.1.100</msg>
<var>${connection_id}</var>
<arg>local-connection-${host}</arg>
<doc>Returns the given values which can then be assigned to a variables.</doc>
<status status="PASS" start="2025-09-28T14:10:21.756902" elapsed="0.000255"/>
</kw>
<return>
<value>${connection_id}</value>
<status status="PASS" start="2025-09-28T14:10:21.757223" elapsed="0.000051"/>
</return>
<msg time="2025-09-28T14:10:21.757586" level="INFO">${connection_result} = local-connection-192.168.1.100</msg>
<var>${connection_result}</var>
<arg>${TARGET_HOST}</arg>
<arg>${TARGET_USERNAME}</arg>
<arg>${TARGET_PASSWORD}</arg>
<arg>${TARGET_OS_TYPE}</arg>
<doc>Establishes connection to target system (simplified for local testing)</doc>
<status status="PASS" start="2025-09-28T14:10:21.755778" elapsed="0.001837"/>
</kw>
<kw name="Should Not Be Empty" owner="BuiltIn">
<msg time="2025-09-28T14:10:21.757877" level="INFO">Length is 30.</msg>
<arg>${connection_result}</arg>
<arg>Failed to establish connection to target system</arg>
<doc>Verifies that the given item is not empty.</doc>
<status status="PASS" start="2025-09-28T14:10:21.757726" elapsed="0.000190"/>
</kw>
<kw name="Set Suite Variable" owner="BuiltIn">
<msg time="2025-09-28T14:10:21.759225" level="INFO">${SYSTEM_CONNECTION} = local-connection-192.168.1.100</msg>
<arg>${SYSTEM_CONNECTION}</arg>
<arg>${connection_result}</arg>
<doc>Makes a variable available everywhere within the scope of the current suite.</doc>
<status status="PASS" start="2025-09-28T14:10:21.758024" elapsed="0.001250"/>
</kw>
<kw name="Validate System Connection" owner="time_keywords">
<kw name="Log" owner="BuiltIn">
<msg time="2025-09-28T14:10:21.759900" level="INFO">Validating connection: local-connection-192.168.1.100</msg>
<arg>Validating connection: ${connection}</arg>
<doc>Logs the given message with the given level.</doc>
<status status="PASS" start="2025-09-28T14:10:21.759741" elapsed="0.000202"/>
</kw>
<return>
<value>connected</value>
<status status="PASS" start="2025-09-28T14:10:21.759998" elapsed="0.000044"/>
</return>
<msg time="2025-09-28T14:10:21.760156" level="INFO">${connection_status} = connected</msg>
<var>${connection_status}</var>
<arg>${connection_result}</arg>
<doc>Validates that the system connection is active</doc>
<status status="PASS" start="2025-09-28T14:10:21.759446" elapsed="0.000731"/>
</kw>
<kw name="Should Be Equal" owner="BuiltIn">
<arg>${connection_status}</arg>
<arg>connected</arg>
<doc>Fails if the given objects are unequal.</doc>
<status status="PASS" start="2025-09-28T14:10:21.760280" elapsed="0.000163"/>
</kw>
<kw name="Log" owner="BuiltIn">
<msg time="2025-09-28T14:10:21.760722" level="INFO">✅ System connection: ESTABLISHED</msg>
<arg>✅ System connection: ESTABLISHED</arg>
<arg>console=yes</arg>
<doc>Logs the given message with the given level.</doc>
<status status="PASS" start="2025-09-28T14:10:21.760572" elapsed="0.000223"/>
</kw>
<kw name="Log" owner="BuiltIn">
<msg time="2025-09-28T14:10:21.761070" level="INFO">🔑 Connection Type: linux</msg>
<arg>🔑 Connection Type: ${TARGET_OS_TYPE}</arg>
<arg>console=yes</arg>
<doc>Logs the given message with the given level.</doc>
<status status="PASS" start="2025-09-28T14:10:21.760892" elapsed="0.000235"/>
</kw>
<kw name="Log" owner="BuiltIn">
<msg time="2025-09-28T14:10:21.761401" level="INFO">📍 Target Host: 192.168.1.100</msg>
<arg>📍 Target Host: ${TARGET_HOST}</arg>
<arg>console=yes</arg>
<doc>Logs the given message with the given level.</doc>
<status status="PASS" start="2025-09-28T14:10:21.761223" elapsed="0.000257"/>
</kw>
<kw name="Append To List" owner="Collections">
<arg>${TEST_RESULTS}</arg>
<arg>System Connection: PASS - ${TARGET_OS_TYPE} connection to ${TARGET_HOST}</arg>
<doc>Adds ``values`` to the end of ``list``.</doc>
<status status="PASS" start="2025-09-28T14:10:21.761662" elapsed="0.000440"/>
</kw>
<kw name="Evaluate" owner="BuiltIn">
<msg time="2025-09-28T14:10:21.763071" level="INFO">${passed} = 1</msg>
<var>${passed}</var>
<arg>${PASSED_TESTS} + 1</arg>
<doc>Evaluates the given expression in Python and returns the result.</doc>
<status status="PASS" start="2025-09-28T14:10:21.762310" elapsed="0.000806"/>
</kw>
<kw name="Set Suite Variable" owner="BuiltIn">
<msg time="2025-09-28T14:10:21.763439" level="INFO">${PASSED_TESTS} = 1</msg>
<arg>${PASSED_TESTS}</arg>
<arg>${passed}</arg>
<doc>Makes a variable available everywhere within the scope of the current suite.</doc>
<status status="PASS" start="2025-09-28T14:10:21.763248" elapsed="0.000230"/>
</kw>
<kw name="Log Test End" owner="time_keywords" type="TEARDOWN">
<if>
<branch type="IF" condition="'${status}' == 'PASS'">
<kw name="Log To Console" owner="BuiltIn">
<arg>✅ Completed: ${test_name}</arg>
<doc>Logs the given message to the console.</doc>
<status status="PASS" start="2025-09-28T14:10:21.764309" elapsed="0.000181"/>
</kw>
<status status="PASS" start="2025-09-28T14:10:21.764107" elapsed="0.000424"/>
</branch>
<branch type="ELSE">
<kw name="Log To Console" owner="BuiltIn">
<arg>❌ Failed: ${test_name}</arg>
<doc>Logs the given message to the console.</doc>
<status status="NOT RUN" start="2025-09-28T14:10:21.764829" elapsed="0.000031"/>
</kw>
<status status="NOT RUN" start="2025-09-28T14:10:21.764656" elapsed="0.000245"/>
</branch>
<status status="PASS" start="2025-09-28T14:10:21.764076" elapsed="0.001415"/>
</if>
<arg>${TEST_NAME}</arg>
<arg>${TEST_STATUS}</arg>
<doc>Logs test end with status</doc>
<status status="PASS" start="2025-09-28T14:10:21.763783" elapsed="0.001803"/>
</kw>
<doc>🔗 Establish connection to target system via WinRM (Windows) or SSH (Linux)
Validates connectivity and authentication for time configuration validation tasks</doc>
<tag>authentication</tag>
<tag>automated</tag>
<tag>connection</tag>
<tag>critical</tag>
<tag>ssh</tag>
<tag>winrm</tag>
<status status="PASS" start="2025-09-28T14:10:21.753165" elapsed="0.012472"/>
</test>
<test id="s1-t2" name="Critical - Time Zone Configuration Collection" line="55">
<kw name="Log Test Start" owner="time_keywords" type="SETUP">
<kw name="Log To Console" owner="BuiltIn">
<arg>\n🔍 Starting: ${test_name}</arg>
<doc>Logs the given message to the console.</doc>
<status status="PASS" start="2025-09-28T14:10:21.766795" elapsed="0.000166"/>
</kw>
<arg>${TEST_NAME}</arg>
<doc>Logs test start with formatting</doc>
<status status="PASS" start="2025-09-28T14:10:21.766513" elapsed="0.000503"/>
</kw>
<kw name="Log" owner="BuiltIn">
<msg time="2025-09-28T14:10:21.767279" level="INFO">🔍 Collecting timezone configuration data...</msg>
<arg>🔍 Collecting timezone configuration data...</arg>
<arg>console=yes</arg>
<doc>Logs the given message with the given level.</doc>
<status status="PASS" start="2025-09-28T14:10:21.767117" elapsed="0.000225"/>
</kw>
<kw name="Evaluate" owner="BuiltIn">
<msg time="2025-09-28T14:10:21.767648" level="INFO">${total} = 2</msg>
<var>${total}</var>
<arg>${TOTAL_TESTS} + 1</arg>
<doc>Evaluates the given expression in Python and returns the result.</doc>
<status status="PASS" start="2025-09-28T14:10:21.767445" elapsed="0.000228"/>
</kw>
<kw name="Set Suite Variable" owner="BuiltIn">
<msg time="2025-09-28T14:10:21.767946" level="INFO">${TOTAL_TESTS} = 2</msg>
<arg>${TOTAL_TESTS}</arg>
<arg>${total}</arg>
<doc>Makes a variable available everywhere within the scope of the current suite.</doc>
<status status="PASS" start="2025-09-28T14:10:21.767783" elapsed="0.000197"/>
</kw>
<kw name="Execute Time Command" owner="time_keywords">
<kw name="Log" owner="BuiltIn">
<msg time="2025-09-28T14:10:21.768830" level="INFO">Executing: Timezone configuration - timedatectl</msg>
<arg>Executing: ${description} - ${command}</arg>
<doc>Logs the given message with the given level.</doc>
<status status="PASS" start="2025-09-28T14:10:21.768697" elapsed="0.000172"/>
</kw>
<kw name="Run Process" owner="Process">
<msg time="2025-09-28T14:10:21.769162" level="INFO">Starting process:
timedatectl</msg>
<msg time="2025-09-28T14:10:21.769774" level="INFO">Waiting for process to complete.</msg>
<msg time="2025-09-28T14:10:22.071219" level="INFO">Process completed.</msg>
<msg time="2025-09-28T14:10:22.071857" level="INFO">${result} = &lt;result object with rc 0&gt;</msg>
<var>${result}</var>
<arg>${command}</arg>
<arg>shell=True</arg>
<arg>timeout=30s</arg>
<doc>Runs a process and waits for it to complete.</doc>
<status status="PASS" start="2025-09-28T14:10:21.768962" elapsed="0.303377"/>
</kw>
<kw name="Should Be Equal As Numbers" owner="BuiltIn">
<msg time="2025-09-28T14:10:22.076017" level="INFO">Argument types are:
&lt;class 'int'&gt;
&lt;class 'str'&gt;</msg>
<arg>${result.rc}</arg>
<arg>0</arg>
<arg>Command failed: ${command}</arg>
<doc>Fails if objects are unequal after converting them to real numbers.</doc>
<status status="PASS" start="2025-09-28T14:10:22.073077" elapsed="0.003182"/>
</kw>
<kw name="Should Not Be Empty" owner="BuiltIn">
<msg time="2025-09-28T14:10:22.079534" level="INFO">Length is 311.</msg>
<arg>${result.stdout}</arg>
<arg>Command returned empty output: ${command}</arg>
<doc>Verifies that the given item is not empty.</doc>
<status status="PASS" start="2025-09-28T14:10:22.076926" elapsed="0.002751"/>
</kw>
<return>
<value>${result.stdout}</value>
<status status="PASS" start="2025-09-28T14:10:22.079827" elapsed="0.000155"/>
</return>
<msg time="2025-09-28T14:10:22.082201" level="INFO">${timedatectl_output} =                Local time: Sun 2025-09-28 14:10:21 CDT
           Universal time: Sun 2025-09-28 19:10:21 UTC
                 RTC time: Sun 2025-09-28 19:10:21
                Time zone: America/Chic...</msg>
<var>${timedatectl_output}</var>
<arg>${SYSTEM_CONNECTION}</arg>
<arg>timedatectl</arg>
<arg>Timezone configuration</arg>
<doc>Executes time-related command on target system with enhanced error handling</doc>
<status status="PASS" start="2025-09-28T14:10:21.768136" elapsed="0.314149"/>
</kw>
<kw name="Should Not Be Empty" owner="BuiltIn">
<msg time="2025-09-28T14:10:22.083943" level="INFO">Length is 311.</msg>
<arg>${timedatectl_output}</arg>
<arg>Failed to execute timedatectl command</arg>
<doc>Verifies that the given item is not empty.</doc>
<status status="PASS" start="2025-09-28T14:10:22.083122" elapsed="0.000961"/>
</kw>
<kw name="Set Suite Variable" owner="BuiltIn">
<msg time="2025-09-28T14:10:22.091511" level="INFO">${TIMEDATECTL_DATA} =                Local time: Sun 2025-09-28 14:10:21 CDT
           Universal time: Sun 2025-09-28 19:10:21 UTC
                 RTC time: Sun 2025-09-28 19:10:21
                Time zone: America/Chic...</msg>
<arg>${TIMEDATECTL_DATA}</arg>
<arg>${timedatectl_output}</arg>
<doc>Makes a variable available everywhere within the scope of the current suite.</doc>
<status status="PASS" start="2025-09-28T14:10:22.084464" elapsed="0.007231"/>
</kw>
<kw name="Save Command Output To File" owner="time_keywords">
<kw name="Get Current Date" owner="DateTime">
<msg time="2025-09-28T14:10:22.093829" level="INFO">${timestamp} = 2025-09-28 14:10:22</msg>
<var>${timestamp}</var>
<arg>result_format=%Y-%m-%d %H:%M:%S</arg>
<doc>Returns current local or UTC time with an optional increment.</doc>
<status status="PASS" start="2025-09-28T14:10:22.093301" elapsed="0.000595"/>
</kw>
<kw name="Set Variable" owner="BuiltIn">
<msg time="2025-09-28T14:10:22.094524" level="INFO">${header} = </msg>
<var>${header}</var>
<doc>Returns the given values which can then be assigned to a variables.</doc>
<status status="PASS" start="2025-09-28T14:10:22.094215" elapsed="0.000432"/>
</kw>
<kw name="Set Variable" owner="BuiltIn">
<msg time="2025-09-28T14:10:22.095321" level="INFO">${content} =                Local time: Sun 2025-09-28 14:10:21 CDT
           Universal time: Sun 2025-09-28 19:10:21 UTC
                 RTC time: Sun 2025-09-28 19:10:21
                Time zone: America/Chic...</msg>
<var>${content}</var>
<arg>${header}${output}</arg>
<doc>Returns the given values which can then be assigned to a variables.</doc>
<status status="PASS" start="2025-09-28T14:10:22.094886" elapsed="0.000495"/>
</kw>
<kw name="Set Variable" owner="BuiltIn">
<msg time="2025-09-28T14:10:22.095967" level="INFO">${filepath} = /mnt/c/Users/sacpa/Projects/robot/robotframework/tests/test7/../../results/test7/data/timedatectl_output.txt</msg>
<var>${filepath}</var>
<arg>${DATA_DIR}/${filename}</arg>
<doc>Returns the given values which can then be assigned to a variables.</doc>
<status status="PASS" start="2025-09-28T14:10:22.095642" elapsed="0.000369"/>
</kw>
<kw name="Create File" owner="OperatingSystem">
<msg time="2025-09-28T14:10:22.106988" level="INFO" html="true">Created file '&lt;a href="file:///mnt/c/Users/sacpa/Projects/robot/robotframework/results/test7/data/timedatectl_output.txt"&gt;/mnt/c/Users/sacpa/Projects/robot/robotframework/results/test7/data/timedatectl_output.txt&lt;/a&gt;'.</msg>
<arg>${filepath}</arg>
<arg>${content}</arg>
<doc>Creates a file with the given content and encoding.</doc>
<status status="PASS" start="2025-09-28T14:10:22.096203" elapsed="0.011083"/>
</kw>
<kw name="Log" owner="BuiltIn">
<msg time="2025-09-28T14:10:22.108303" level="INFO">Output saved to: /mnt/c/Users/sacpa/Projects/robot/robotframework/tests/test7/../../results/test7/data/timedatectl_output.txt</msg>
<arg>Output saved to: ${filepath}</arg>
<doc>Logs the given message with the given level.</doc>
<status status="PASS" start="2025-09-28T14:10:22.107666" elapsed="0.000756"/>
</kw>
<return>
<value>${filepath}</value>
<status status="PASS" start="2025-09-28T14:10:22.108647" elapsed="0.000086"/>
</return>
<msg time="2025-09-28T14:10:22.109708" level="INFO">${timedatectl_file} = /mnt/c/Users/sacpa/Projects/robot/robotframework/tests/test7/../../results/test7/data/timedatectl_output.txt</msg>
<var>${timedatectl_file}</var>
<arg>${timedatectl_output}</arg>
<arg>timedatectl_output.txt</arg>
<doc>Saves command output to specified file with timestamp</doc>
<status status="PASS" start="2025-09-28T14:10:22.092309" elapsed="0.017482"/>
</kw>
<kw name="Should Not Be Empty" owner="BuiltIn">
<msg time="2025-09-28T14:10:22.110339" level="INFO">Length is 108.</msg>
<arg>${timedatectl_file}</arg>
<arg>Failed to save timedatectl output to file</arg>
<doc>Verifies that the given item is not empty.</doc>
<status status="PASS" start="2025-09-28T14:10:22.110056" elapsed="0.000358"/>
</kw>
<kw name="Set Suite Variable" owner="BuiltIn">
<msg time="2025-09-28T14:10:22.110895" level="INFO">${TIMEDATECTL_FILE} = /mnt/c/Users/sacpa/Projects/robot/robotframework/tests/test7/../../results/test7/data/timedatectl_output.txt</msg>
<arg>${TIMEDATECTL_FILE}</arg>
<arg>${timedatectl_file}</arg>
<doc>Makes a variable available everywhere within the scope of the current suite.</doc>
<status status="PASS" start="2025-09-28T14:10:22.110627" elapsed="0.000322"/>
</kw>
<kw name="Extract Timezone From Output" owner="time_keywords">
<kw name="Split To Lines" owner="String">
<msg time="2025-09-28T14:10:22.111941" level="INFO">7 lines returned.</msg>
<msg time="2025-09-28T14:10:22.112062" level="INFO">${lines} = ['               Local time: Sun 2025-09-28 14:10:21 CDT', '           Universal time: Sun 2025-09-28 19:10:21 UTC', '                 RTC time: Sun 2025-09-28 19:10:21', '                Time zone: A...</msg>
<var>${lines}</var>
<arg>${output}</arg>
<doc>Splits the given string to lines.</doc>
<status status="PASS" start="2025-09-28T14:10:22.111731" elapsed="0.000365"/>
</kw>
<for flavor="IN">
<iter>
<kw name="Convert To Lower Case" owner="String">
<msg time="2025-09-28T14:10:22.112984" level="INFO">${line_lower} =                local time: sun 2025-09-28 14:10:21 cdt</msg>
<var>${line_lower}</var>
<arg>${line}</arg>
<doc>Converts string to lower case.</doc>
<status status="PASS" start="2025-09-28T14:10:22.112757" elapsed="0.000265"/>
</kw>
<kw name="Run Keyword And Return Status" owner="BuiltIn">
<kw name="Should Contain" owner="BuiltIn">
<msg time="2025-09-28T14:10:22.113757" level="FAIL">'               local time: sun 2025-09-28 14:10:21 cdt' does not contain 'time zone'</msg>
<arg>${line_lower}</arg>
<arg>time zone</arg>
<doc>Fails if ``container`` does not contain ``item`` one or more times.</doc>
<status status="FAIL" start="2025-09-28T14:10:22.113442" elapsed="0.000738">'               local time: sun 2025-09-28 14:10:21 cdt' does not contain 'time zone'</status>
</kw>
<msg time="2025-09-28T14:10:22.114411" level="INFO">${contains_tz} = False</msg>
<var>${contains_tz}</var>
<arg>Should Contain</arg>
<arg>${line_lower}</arg>
<arg>time zone</arg>
<doc>Runs the given keyword with given arguments and returns the status as a Boolean value.</doc>
<status status="PASS" start="2025-09-28T14:10:22.113193" elapsed="0.001268"/>
</kw>
<if>
<branch type="IF" condition="${contains_tz}">
<kw name="Split String" owner="String">
<var>${parts}</var>
<arg>${line}</arg>
<arg>:</arg>
<doc>Splits the ``string`` using ``separator`` as a delimiter string.</doc>
<status status="NOT RUN" start="2025-09-28T14:10:22.114968" elapsed="0.000042"/>
</kw>
<kw name="Strip String" owner="String">
<var>${timezone}</var>
<arg>${parts}[1]</arg>
<doc>Remove leading and/or trailing whitespaces from the given string.</doc>
<status status="NOT RUN" start="2025-09-28T14:10:22.115223" elapsed="0.000034"/>
</kw>
<kw name="Split String" owner="String">
<var>${tz_parts}</var>
<arg>${timezone}</arg>
<arg>${SPACE}</arg>
<doc>Splits the ``string`` using ``separator`` as a delimiter string.</doc>
<status status="NOT RUN" start="2025-09-28T14:10:22.115438" elapsed="0.000034"/>
</kw>
<return>
<value>${tz_parts}[0]</value>
<status status="NOT RUN" start="2025-09-28T14:10:22.115557" elapsed="0.000033"/>
</return>
<status status="NOT RUN" start="2025-09-28T14:10:22.114648" elapsed="0.001049"/>
</branch>
<status status="PASS" start="2025-09-28T14:10:22.114587" elapsed="0.001177"/>
</if>
<var name="${line}">               Local time: Sun 2025-09-28 14:10:21 CDT</var>
<status status="PASS" start="2025-09-28T14:10:22.112535" elapsed="0.003289"/>
</iter>
<iter>
<kw name="Convert To Lower Case" owner="String">
<msg time="2025-09-28T14:10:22.117411" level="INFO">${line_lower} =            universal time: sun 2025-09-28 19:10:21 utc</msg>
<var>${line_lower}</var>
<arg>${line}</arg>
<doc>Converts string to lower case.</doc>
<status status="PASS" start="2025-09-28T14:10:22.117035" elapsed="0.000432"/>
</kw>
<kw name="Run Keyword And Return Status" owner="BuiltIn">
<kw name="Should Contain" owner="BuiltIn">
<msg time="2025-09-28T14:10:22.118369" level="FAIL">'           universal time: sun 2025-09-28 19:10:21 utc' does not contain 'time zone'</msg>
<arg>${line_lower}</arg>
<arg>time zone</arg>
<doc>Fails if ``container`` does not contain ``item`` one or more times.</doc>
<status status="FAIL" start="2025-09-28T14:10:22.118027" elapsed="0.000564">'           universal time: sun 2025-09-28 19:10:21 utc' does not contain 'time zone'</status>
</kw>
<msg time="2025-09-28T14:10:22.119033" level="INFO">${contains_tz} = False</msg>
<var>${contains_tz}</var>
<arg>Should Contain</arg>
<arg>${line_lower}</arg>
<arg>time zone</arg>
<doc>Runs the given keyword with given arguments and returns the status as a Boolean value.</doc>
<status status="PASS" start="2025-09-28T14:10:22.117731" elapsed="0.001350"/>
</kw>
<if>
<branch type="IF" condition="${contains_tz}">
<kw name="Split String" owner="String">
<var>${parts}</var>
<arg>${line}</arg>
<arg>:</arg>
<doc>Splits the ``string`` using ``separator`` as a delimiter string.</doc>
<status status="NOT RUN" start="2025-09-28T14:10:22.119569" elapsed="0.000036"/>
</kw>
<kw name="Strip String" owner="String">
<var>${timezone}</var>
<arg>${parts}[1]</arg>
<doc>Remove leading and/or trailing whitespaces from the given string.</doc>
<status status="NOT RUN" start="2025-09-28T14:10:22.119860" elapsed="0.000039"/>
</kw>
<kw name="Split String" owner="String">
<var>${tz_parts}</var>
<arg>${timezone}</arg>
<arg>${SPACE}</arg>
<doc>Splits the ``string`` using ``separator`` as a delimiter string.</doc>
<status status="NOT RUN" start="2025-09-28T14:10:22.120079" elapsed="0.000030"/>
</kw>
<return>
<value>${tz_parts}[0]</value>
<status status="NOT RUN" start="2025-09-28T14:10:22.120268" elapsed="0.000189"/>
</return>
<status status="NOT RUN" start="2025-09-28T14:10:22.119257" elapsed="0.001270"/>
</branch>
<status status="PASS" start="2025-09-28T14:10:22.119211" elapsed="0.001388"/>
</if>
<var name="${line}">           Universal time: Sun 2025-09-28 19:10:21 UTC</var>
<status status="PASS" start="2025-09-28T14:10:22.116727" elapsed="0.003924"/>
</iter>
<iter>
<kw name="Convert To Lower Case" owner="String">
<msg time="2025-09-28T14:10:22.121485" level="INFO">${line_lower} =                  rtc time: sun 2025-09-28 19:10:21</msg>
<var>${line_lower}</var>
<arg>${line}</arg>
<doc>Converts string to lower case.</doc>
<status status="PASS" start="2025-09-28T14:10:22.121143" elapsed="0.000391"/>
</kw>
<kw name="Run Keyword And Return Status" owner="BuiltIn">
<kw name="Should Contain" owner="BuiltIn">
<msg time="2025-09-28T14:10:22.122329" level="FAIL">'                 rtc time: sun 2025-09-28 19:10:21' does not contain 'time zone'</msg>
<arg>${line_lower}</arg>
<arg>time zone</arg>
<doc>Fails if ``container`` does not contain ``item`` one or more times.</doc>
<status status="FAIL" start="2025-09-28T14:10:22.122025" elapsed="0.000425">'                 rtc time: sun 2025-09-28 19:10:21' does not contain 'time zone'</status>
</kw>
<msg time="2025-09-28T14:10:22.122610" level="INFO">${contains_tz} = False</msg>
<var>${contains_tz}</var>
<arg>Should Contain</arg>
<arg>${line_lower}</arg>
<arg>time zone</arg>
<doc>Runs the given keyword with given arguments and returns the status as a Boolean value.</doc>
<status status="PASS" start="2025-09-28T14:10:22.121776" elapsed="0.000861"/>
</kw>
<if>
<branch type="IF" condition="${contains_tz}">
<kw name="Split String" owner="String">
<var>${parts}</var>
<arg>${line}</arg>
<arg>:</arg>
<doc>Splits the ``string`` using ``separator`` as a delimiter string.</doc>
<status status="NOT RUN" start="2025-09-28T14:10:22.123506" elapsed="0.000039"/>
</kw>
<kw name="Strip String" owner="String">
<var>${timezone}</var>
<arg>${parts}[1]</arg>
<doc>Remove leading and/or trailing whitespaces from the given string.</doc>
<status status="NOT RUN" start="2025-09-28T14:10:22.123723" elapsed="0.000031"/>
</kw>
<kw name="Split String" owner="String">
<var>${tz_parts}</var>
<arg>${timezone}</arg>
<arg>${SPACE}</arg>
<doc>Splits the ``string`` using ``separator`` as a delimiter string.</doc>
<status status="NOT RUN" start="2025-09-28T14:10:22.123892" elapsed="0.000026"/>
</kw>
<return>
<value>${tz_parts}[0]</value>
<status status="NOT RUN" start="2025-09-28T14:10:22.123989" elapsed="0.000038"/>
</return>
<status status="NOT RUN" start="2025-09-28T14:10:22.123210" elapsed="0.000863"/>
</branch>
<status status="PASS" start="2025-09-28T14:10:22.123168" elapsed="0.000944"/>
</if>
<var name="${line}">                 RTC time: Sun 2025-09-28 19:10:21</var>
<status status="PASS" start="2025-09-28T14:10:22.120985" elapsed="0.003174"/>
</iter>
<iter>
<kw name="Convert To Lower Case" owner="String">
<msg time="2025-09-28T14:10:22.124907" level="INFO">${line_lower} =                 time zone: america/chicago (cdt, -0500)</msg>
<var>${line_lower}</var>
<arg>${line}</arg>
<doc>Converts string to lower case.</doc>
<status status="PASS" start="2025-09-28T14:10:22.124615" elapsed="0.000328"/>
</kw>
<kw name="Run Keyword And Return Status" owner="BuiltIn">
<kw name="Should Contain" owner="BuiltIn">
<arg>${line_lower}</arg>
<arg>time zone</arg>
<doc>Fails if ``container`` does not contain ``item`` one or more times.</doc>
<status status="PASS" start="2025-09-28T14:10:22.125720" elapsed="0.000272"/>
</kw>
<msg time="2025-09-28T14:10:22.126862" level="INFO">${contains_tz} = True</msg>
<var>${contains_tz}</var>
<arg>Should Contain</arg>
<arg>${line_lower}</arg>
<arg>time zone</arg>
<doc>Runs the given keyword with given arguments and returns the status as a Boolean value.</doc>
<status status="PASS" start="2025-09-28T14:10:22.125283" elapsed="0.001646"/>
</kw>
<if>
<branch type="IF" condition="${contains_tz}">
<kw name="Split String" owner="String">
<msg time="2025-09-28T14:10:22.127894" level="INFO">${parts} = ['                Time zone', ' America/Chicago (CDT, -0500)']</msg>
<var>${parts}</var>
<arg>${line}</arg>
<arg>:</arg>
<doc>Splits the ``string`` using ``separator`` as a delimiter string.</doc>
<status status="PASS" start="2025-09-28T14:10:22.127557" elapsed="0.000387"/>
</kw>
<kw name="Strip String" owner="String">
<msg time="2025-09-28T14:10:22.128386" level="INFO">${timezone} = America/Chicago (CDT, -0500)</msg>
<var>${timezone}</var>
<arg>${parts}[1]</arg>
<doc>Remove leading and/or trailing whitespaces from the given string.</doc>
<status status="PASS" start="2025-09-28T14:10:22.128161" elapsed="0.000255"/>
</kw>
<kw name="Split String" owner="String">
<msg time="2025-09-28T14:10:22.128878" level="INFO">${tz_parts} = ['America/Chicago', '(CDT,', '-0500)']</msg>
<var>${tz_parts}</var>
<arg>${timezone}</arg>
<arg>${SPACE}</arg>
<doc>Splits the ``string`` using ``separator`` as a delimiter string.</doc>
<status status="PASS" start="2025-09-28T14:10:22.128595" elapsed="0.000312"/>
</kw>
<return>
<value>${tz_parts}[0]</value>
<status status="PASS" start="2025-09-28T14:10:22.128963" elapsed="0.000045"/>
</return>
<status status="PASS" start="2025-09-28T14:10:22.127216" elapsed="0.001828"/>
</branch>
<status status="PASS" start="2025-09-28T14:10:22.127169" elapsed="0.001900"/>
</if>
<var name="${line}">                Time zone: America/Chicago (CDT, -0500)</var>
<status status="PASS" start="2025-09-28T14:10:22.124437" elapsed="0.004663"/>
</iter>
<var>${line}</var>
<value>@{lines}</value>
<status status="PASS" start="2025-09-28T14:10:22.112197" elapsed="0.016937"/>
</for>
<return>
<value>Unknown</value>
<status status="NOT RUN" start="2025-09-28T14:10:22.129179" elapsed="0.000013"/>
</return>
<msg time="2025-09-28T14:10:22.129382" level="INFO">${current_timezone} = America/Chicago</msg>
<var>${current_timezone}</var>
<arg>${timedatectl_output}</arg>
<doc>Extracts timezone from timedatectl output</doc>
<status status="PASS" start="2025-09-28T14:10:22.111334" elapsed="0.018074"/>
</kw>
<kw name="Extract Local Time From Output" owner="time_keywords">
<kw name="Split To Lines" owner="String">
<msg time="2025-09-28T14:10:22.130124" level="INFO">7 lines returned.</msg>
<msg time="2025-09-28T14:10:22.130211" level="INFO">${lines} = ['               Local time: Sun 2025-09-28 14:10:21 CDT', '           Universal time: Sun 2025-09-28 19:10:21 UTC', '                 RTC time: Sun 2025-09-28 19:10:21', '                Time zone: A...</msg>
<var>${lines}</var>
<arg>${output}</arg>
<doc>Splits the given string to lines.</doc>
<status status="PASS" start="2025-09-28T14:10:22.130003" elapsed="0.000231"/>
</kw>
<for flavor="IN">
<iter>
<kw name="Convert To Lower Case" owner="String">
<msg time="2025-09-28T14:10:22.130789" level="INFO">${line_lower} =                local time: sun 2025-09-28 14:10:21 cdt</msg>
<var>${line_lower}</var>
<arg>${line}</arg>
<doc>Converts string to lower case.</doc>
<status status="PASS" start="2025-09-28T14:10:22.130603" elapsed="0.000212"/>
</kw>
<kw name="Run Keyword And Return Status" owner="BuiltIn">
<kw name="Should Contain" owner="BuiltIn">
<arg>${line_lower}</arg>
<arg>local time</arg>
<doc>Fails if ``container`` does not contain ``item`` one or more times.</doc>
<status status="PASS" start="2025-09-28T14:10:22.131071" elapsed="0.000127"/>
</kw>
<msg time="2025-09-28T14:10:22.131296" level="INFO">${contains_local} = True</msg>
<var>${contains_local}</var>
<arg>Should Contain</arg>
<arg>${line_lower}</arg>
<arg>local time</arg>
<doc>Runs the given keyword with given arguments and returns the status as a Boolean value.</doc>
<status status="PASS" start="2025-09-28T14:10:22.130928" elapsed="0.000397"/>
</kw>
<if>
<branch type="IF" condition="${contains_local}">
<kw name="Split String" owner="String">
<msg time="2025-09-28T14:10:22.131664" level="INFO">${parts} = ['               Local time', ' Sun 2025-09-28 14:10:21 CDT']</msg>
<var>${parts}</var>
<arg>${line}</arg>
<arg>:</arg>
<arg>1</arg>
<doc>Splits the ``string`` using ``separator`` as a delimiter string.</doc>
<status status="PASS" start="2025-09-28T14:10:22.131521" elapsed="0.000164"/>
</kw>
<kw name="Strip String" owner="String">
<msg time="2025-09-28T14:10:22.131927" level="INFO">${time_part} = Sun 2025-09-28 14:10:21 CDT</msg>
<var>${time_part}</var>
<arg>${parts}[1]</arg>
<doc>Remove leading and/or trailing whitespaces from the given string.</doc>
<status status="PASS" start="2025-09-28T14:10:22.131777" elapsed="0.000172"/>
</kw>
<return>
<value>${time_part}</value>
<status status="PASS" start="2025-09-28T14:10:22.131994" elapsed="0.000034"/>
</return>
<status status="PASS" start="2025-09-28T14:10:22.131397" elapsed="0.000660"/>
</branch>
<status status="PASS" start="2025-09-28T14:10:22.131378" elapsed="0.000702"/>
</if>
<var name="${line}">               Local time: Sun 2025-09-28 14:10:21 CDT</var>
<status status="PASS" start="2025-09-28T14:10:22.130515" elapsed="0.001590"/>
</iter>
<var>${line}</var>
<value>@{lines}</value>
<status status="PASS" start="2025-09-28T14:10:22.130303" elapsed="0.001843"/>
</for>
<return>
<value>Unknown</value>
<status status="NOT RUN" start="2025-09-28T14:10:22.132206" elapsed="0.000040"/>
</return>
<msg time="2025-09-28T14:10:22.133889" level="INFO">${local_time} = Sun 2025-09-28 14:10:21 CDT</msg>
<var>${local_time}</var>
<arg>${timedatectl_output}</arg>
<doc>Extracts local time from timedatectl output</doc>
<status status="PASS" start="2025-09-28T14:10:22.129712" elapsed="0.004663"/>
</kw>
<kw name="Extract UTC Time From Output" owner="time_keywords">
<kw name="Split To Lines" owner="String">
<msg time="2025-09-28T14:10:22.138730" level="INFO">7 lines returned.</msg>
<msg time="2025-09-28T14:10:22.139029" level="INFO">${lines} = ['               Local time: Sun 2025-09-28 14:10:21 CDT', '           Universal time: Sun 2025-09-28 19:10:21 UTC', '                 RTC time: Sun 2025-09-28 19:10:21', '                Time zone: A...</msg>
<var>${lines}</var>
<arg>${output}</arg>
<doc>Splits the given string to lines.</doc>
<status status="PASS" start="2025-09-28T14:10:22.138076" elapsed="0.001010"/>
</kw>
<for flavor="IN">
<iter>
<kw name="Convert To Lower Case" owner="String">
<msg time="2025-09-28T14:10:22.141008" level="INFO">${line_lower} =                local time: sun 2025-09-28 14:10:21 cdt</msg>
<var>${line_lower}</var>
<arg>${line}</arg>
<doc>Converts string to lower case.</doc>
<status status="PASS" start="2025-09-28T14:10:22.140352" elapsed="0.000725"/>
</kw>
<kw name="Run Keyword And Return Status" owner="BuiltIn">
<kw name="Should Contain" owner="BuiltIn">
<msg time="2025-09-28T14:10:22.142056" level="FAIL">'               local time: sun 2025-09-28 14:10:21 cdt' does not contain 'universal time'</msg>
<arg>${line_lower}</arg>
<arg>universal time</arg>
<doc>Fails if ``container`` does not contain ``item`` one or more times.</doc>
<status status="FAIL" start="2025-09-28T14:10:22.141723" elapsed="0.000470">'               local time: sun 2025-09-28 14:10:21 cdt' does not contain 'universal time'</status>
</kw>
<msg time="2025-09-28T14:10:22.142467" level="INFO">${contains_utc} = False</msg>
<var>${contains_utc}</var>
<arg>Should Contain</arg>
<arg>${line_lower}</arg>
<arg>universal time</arg>
<doc>Runs the given keyword with given arguments and returns the status as a Boolean value.</doc>
<status status="PASS" start="2025-09-28T14:10:22.141414" elapsed="0.001104"/>
</kw>
<if>
<branch type="IF" condition="${contains_utc}">
<kw name="Split String" owner="String">
<var>${parts}</var>
<arg>${line}</arg>
<arg>:</arg>
<arg>1</arg>
<doc>Splits the ``string`` using ``separator`` as a delimiter string.</doc>
<status status="NOT RUN" start="2025-09-28T14:10:22.143092" elapsed="0.000034"/>
</kw>
<kw name="Strip String" owner="String">
<var>${time_part}</var>
<arg>${parts}[1]</arg>
<doc>Remove leading and/or trailing whitespaces from the given string.</doc>
<status status="NOT RUN" start="2025-09-28T14:10:22.143303" elapsed="0.000028"/>
</kw>
<return>
<value>${time_part}</value>
<status status="NOT RUN" start="2025-09-28T14:10:22.143409" elapsed="0.000034"/>
</return>
<status status="NOT RUN" start="2025-09-28T14:10:22.142725" elapsed="0.000773"/>
</branch>
<status status="PASS" start="2025-09-28T14:10:22.142645" elapsed="0.000898"/>
</if>
<var name="${line}">               Local time: Sun 2025-09-28 14:10:21 CDT</var>
<status status="PASS" start="2025-09-28T14:10:22.139963" elapsed="0.003638"/>
</iter>
<iter>
<kw name="Convert To Lower Case" owner="String">
<msg time="2025-09-28T14:10:22.144486" level="INFO">${line_lower} =            universal time: sun 2025-09-28 19:10:21 utc</msg>
<var>${line_lower}</var>
<arg>${line}</arg>
<doc>Converts string to lower case.</doc>
<status status="PASS" start="2025-09-28T14:10:22.144088" elapsed="0.000442"/>
</kw>
<kw name="Run Keyword And Return Status" owner="BuiltIn">
<kw name="Should Contain" owner="BuiltIn">
<arg>${line_lower}</arg>
<arg>universal time</arg>
<doc>Fails if ``container`` does not contain ``item`` one or more times.</doc>
<status status="PASS" start="2025-09-28T14:10:22.145050" elapsed="0.000241"/>
</kw>
<msg time="2025-09-28T14:10:22.145437" level="INFO">${contains_utc} = True</msg>
<var>${contains_utc}</var>
<arg>Should Contain</arg>
<arg>${line_lower}</arg>
<arg>universal time</arg>
<doc>Runs the given keyword with given arguments and returns the status as a Boolean value.</doc>
<status status="PASS" start="2025-09-28T14:10:22.144796" elapsed="0.000685"/>
</kw>
<if>
<branch type="IF" condition="${contains_utc}">
<kw name="Split String" owner="String">
<msg time="2025-09-28T14:10:22.146369" level="INFO">${parts} = ['           Universal time', ' Sun 2025-09-28 19:10:21 UTC']</msg>
<var>${parts}</var>
<arg>${line}</arg>
<arg>:</arg>
<arg>1</arg>
<doc>Splits the ``string`` using ``separator`` as a delimiter string.</doc>
<status status="PASS" start="2025-09-28T14:10:22.146046" elapsed="0.000357"/>
</kw>
<kw name="Strip String" owner="String">
<msg time="2025-09-28T14:10:22.146800" level="INFO">${time_part} = Sun 2025-09-28 19:10:21 UTC</msg>
<var>${time_part}</var>
<arg>${parts}[1]</arg>
<doc>Remove leading and/or trailing whitespaces from the given string.</doc>
<status status="PASS" start="2025-09-28T14:10:22.146579" elapsed="0.000255"/>
</kw>
<return>
<value>${time_part}</value>
<status status="PASS" start="2025-09-28T14:10:22.146900" elapsed="0.000051"/>
</return>
<status status="PASS" start="2025-09-28T14:10:22.145741" elapsed="0.001259"/>
</branch>
<status status="PASS" start="2025-09-28T14:10:22.145638" elapsed="0.001398"/>
</if>
<var name="${line}">           Universal time: Sun 2025-09-28 19:10:21 UTC</var>
<status status="PASS" start="2025-09-28T14:10:22.143914" elapsed="0.003253"/>
</iter>
<var>${line}</var>
<value>@{lines}</value>
<status status="PASS" start="2025-09-28T14:10:22.139325" elapsed="0.007908"/>
</for>
<return>
<value>Unknown</value>
<status status="NOT RUN" start="2025-09-28T14:10:22.147307" elapsed="0.000027"/>
</return>
<msg time="2025-09-28T14:10:22.147698" level="INFO">${utc_time} = Sun 2025-09-28 19:10:21 UTC</msg>
<var>${utc_time}</var>
<arg>${timedatectl_output}</arg>
<doc>Extracts UTC time from timedatectl output</doc>
<status status="PASS" start="2025-09-28T14:10:22.135338" elapsed="0.012393"/>
</kw>
<kw name="Extract RTC Time From Output" owner="time_keywords">
<kw name="Split To Lines" owner="String">
<msg time="2025-09-28T14:10:22.148469" level="INFO">7 lines returned.</msg>
<msg time="2025-09-28T14:10:22.148594" level="INFO">${lines} = ['               Local time: Sun 2025-09-28 14:10:21 CDT', '           Universal time: Sun 2025-09-28 19:10:21 UTC', '                 RTC time: Sun 2025-09-28 19:10:21', '                Time zone: A...</msg>
<var>${lines}</var>
<arg>${output}</arg>
<doc>Splits the given string to lines.</doc>
<status status="PASS" start="2025-09-28T14:10:22.148339" elapsed="0.000299"/>
</kw>
<for flavor="IN">
<iter>
<kw name="Convert To Lower Case" owner="String">
<msg time="2025-09-28T14:10:22.149249" level="INFO">${line_lower} =                local time: sun 2025-09-28 14:10:21 cdt</msg>
<var>${line_lower}</var>
<arg>${line}</arg>
<doc>Converts string to lower case.</doc>
<status status="PASS" start="2025-09-28T14:10:22.149072" elapsed="0.000203"/>
</kw>
<kw name="Run Keyword And Return Status" owner="BuiltIn">
<kw name="Should Contain" owner="BuiltIn">
<msg time="2025-09-28T14:10:22.149776" level="FAIL">'               local time: sun 2025-09-28 14:10:21 cdt' does not contain 'rtc time'</msg>
<arg>${line_lower}</arg>
<arg>rtc time</arg>
<doc>Fails if ``container`` does not contain ``item`` one or more times.</doc>
<status status="FAIL" start="2025-09-28T14:10:22.149544" elapsed="0.000317">'               local time: sun 2025-09-28 14:10:21 cdt' does not contain 'rtc time'</status>
</kw>
<msg time="2025-09-28T14:10:22.149980" level="INFO">${contains_rtc} = False</msg>
<var>${contains_rtc}</var>
<arg>Should Contain</arg>
<arg>${line_lower}</arg>
<arg>rtc time</arg>
<doc>Runs the given keyword with given arguments and returns the status as a Boolean value.</doc>
<status status="PASS" start="2025-09-28T14:10:22.149389" elapsed="0.000613"/>
</kw>
<if>
<branch type="IF" condition="${contains_rtc}">
<kw name="Split String" owner="String">
<var>${parts}</var>
<arg>${line}</arg>
<arg>:</arg>
<arg>1</arg>
<doc>Splits the ``string`` using ``separator`` as a delimiter string.</doc>
<status status="NOT RUN" start="2025-09-28T14:10:22.150290" elapsed="0.000035"/>
</kw>
<kw name="Strip String" owner="String">
<var>${time_part}</var>
<arg>${parts}[1]</arg>
<doc>Remove leading and/or trailing whitespaces from the given string.</doc>
<status status="NOT RUN" start="2025-09-28T14:10:22.150659" elapsed="0.000051"/>
</kw>
<return>
<value>${time_part}</value>
<status status="NOT RUN" start="2025-09-28T14:10:22.151390" elapsed="0.000039"/>
</return>
<status status="NOT RUN" start="2025-09-28T14:10:22.150117" elapsed="0.001373"/>
</branch>
<status status="PASS" start="2025-09-28T14:10:22.150094" elapsed="0.001432"/>
</if>
<var name="${line}">               Local time: Sun 2025-09-28 14:10:21 CDT</var>
<status status="PASS" start="2025-09-28T14:10:22.148978" elapsed="0.002583"/>
</iter>
<iter>
<kw name="Convert To Lower Case" owner="String">
<msg time="2025-09-28T14:10:22.153096" level="INFO">${line_lower} =            universal time: sun 2025-09-28 19:10:21 utc</msg>
<var>${line_lower}</var>
<arg>${line}</arg>
<doc>Converts string to lower case.</doc>
<status status="PASS" start="2025-09-28T14:10:22.151988" elapsed="0.001209"/>
</kw>
<kw name="Run Keyword And Return Status" owner="BuiltIn">
<kw name="Should Contain" owner="BuiltIn">
<msg time="2025-09-28T14:10:22.154861" level="FAIL">'           universal time: sun 2025-09-28 19:10:21 utc' does not contain 'rtc time'</msg>
<arg>${line_lower}</arg>
<arg>rtc time</arg>
<doc>Fails if ``container`` does not contain ``item`` one or more times.</doc>
<status status="FAIL" start="2025-09-28T14:10:22.154421" elapsed="0.000598">'           universal time: sun 2025-09-28 19:10:21 utc' does not contain 'rtc time'</status>
</kw>
<msg time="2025-09-28T14:10:22.155320" level="INFO">${contains_rtc} = False</msg>
<var>${contains_rtc}</var>
<arg>Should Contain</arg>
<arg>${line_lower}</arg>
<arg>rtc time</arg>
<doc>Runs the given keyword with given arguments and returns the status as a Boolean value.</doc>
<status status="PASS" start="2025-09-28T14:10:22.153552" elapsed="0.001822"/>
</kw>
<if>
<branch type="IF" condition="${contains_rtc}">
<kw name="Split String" owner="String">
<var>${parts}</var>
<arg>${line}</arg>
<arg>:</arg>
<arg>1</arg>
<doc>Splits the ``string`` using ``separator`` as a delimiter string.</doc>
<status status="NOT RUN" start="2025-09-28T14:10:22.155783" elapsed="0.000033"/>
</kw>
<kw name="Strip String" owner="String">
<var>${time_part}</var>
<arg>${parts}[1]</arg>
<doc>Remove leading and/or trailing whitespaces from the given string.</doc>
<status status="NOT RUN" start="2025-09-28T14:10:22.155984" elapsed="0.000027"/>
</kw>
<return>
<value>${time_part}</value>
<status status="NOT RUN" start="2025-09-28T14:10:22.156094" elapsed="0.000033"/>
</return>
<status status="NOT RUN" start="2025-09-28T14:10:22.155526" elapsed="0.000652"/>
</branch>
<status status="PASS" start="2025-09-28T14:10:22.155484" elapsed="0.000730"/>
</if>
<var name="${line}">           Universal time: Sun 2025-09-28 19:10:21 UTC</var>
<status status="PASS" start="2025-09-28T14:10:22.151760" elapsed="0.004500"/>
</iter>
<iter>
<kw name="Convert To Lower Case" owner="String">
<msg time="2025-09-28T14:10:22.160398" level="INFO">${line_lower} =                  rtc time: sun 2025-09-28 19:10:21</msg>
<var>${line_lower}</var>
<arg>${line}</arg>
<doc>Converts string to lower case.</doc>
<status status="PASS" start="2025-09-28T14:10:22.159455" elapsed="0.001081"/>
</kw>
<kw name="Run Keyword And Return Status" owner="BuiltIn">
<kw name="Should Contain" owner="BuiltIn">
<arg>${line_lower}</arg>
<arg>rtc time</arg>
<doc>Fails if ``container`` does not contain ``item`` one or more times.</doc>
<status status="PASS" start="2025-09-28T14:10:22.161810" elapsed="0.000235"/>
</kw>
<msg time="2025-09-28T14:10:22.162159" level="INFO">${contains_rtc} = True</msg>
<var>${contains_rtc}</var>
<arg>Should Contain</arg>
<arg>${line_lower}</arg>
<arg>rtc time</arg>
<doc>Runs the given keyword with given arguments and returns the status as a Boolean value.</doc>
<status status="PASS" start="2025-09-28T14:10:22.161285" elapsed="0.000903"/>
</kw>
<if>
<branch type="IF" condition="${contains_rtc}">
<kw name="Split String" owner="String">
<msg time="2025-09-28T14:10:22.162670" level="INFO">${parts} = ['                 RTC time', ' Sun 2025-09-28 19:10:21']</msg>
<var>${parts}</var>
<arg>${line}</arg>
<arg>:</arg>
<arg>1</arg>
<doc>Splits the ``string`` using ``separator`` as a delimiter string.</doc>
<status status="PASS" start="2025-09-28T14:10:22.162480" elapsed="0.000220"/>
</kw>
<kw name="Strip String" owner="String">
<msg time="2025-09-28T14:10:22.163079" level="INFO">${time_part} = Sun 2025-09-28 19:10:21</msg>
<var>${time_part}</var>
<arg>${parts}[1]</arg>
<doc>Remove leading and/or trailing whitespaces from the given string.</doc>
<status status="PASS" start="2025-09-28T14:10:22.162836" elapsed="0.000269"/>
</kw>
<return>
<value>${time_part}</value>
<status status="PASS" start="2025-09-28T14:10:22.163156" elapsed="0.000045"/>
</return>
<status status="PASS" start="2025-09-28T14:10:22.162313" elapsed="0.000920"/>
</branch>
<status status="PASS" start="2025-09-28T14:10:22.162286" elapsed="0.000970"/>
</if>
<var name="${line}">                 RTC time: Sun 2025-09-28 19:10:21</var>
<status status="PASS" start="2025-09-28T14:10:22.157491" elapsed="0.005792"/>
</iter>
<var>${line}</var>
<value>@{lines}</value>
<status status="PASS" start="2025-09-28T14:10:22.148730" elapsed="0.014582"/>
</for>
<return>
<value>Unknown</value>
<status status="NOT RUN" start="2025-09-28T14:10:22.163360" elapsed="0.000018"/>
</return>
<msg time="2025-09-28T14:10:22.163806" level="INFO">${rtc_time} = Sun 2025-09-28 19:10:21</msg>
<var>${rtc_time}</var>
<arg>${timedatectl_output}</arg>
<doc>Extracts RTC time from timedatectl output</doc>
<status status="PASS" start="2025-09-28T14:10:22.148042" elapsed="0.015800"/>
</kw>
<kw name="Set Suite Variable" owner="BuiltIn">
<msg time="2025-09-28T14:10:22.164771" level="INFO">${CURRENT_TIMEZONE} = America/Chicago</msg>
<arg>${CURRENT_TIMEZONE}</arg>
<arg>${current_timezone}</arg>
<doc>Makes a variable available everywhere within the scope of the current suite.</doc>
<status status="PASS" start="2025-09-28T14:10:22.164260" elapsed="0.000598"/>
</kw>
<kw name="Set Suite Variable" owner="BuiltIn">
<msg time="2025-09-28T14:10:22.165438" level="INFO">${LOCAL_TIME} = Sun 2025-09-28 14:10:21 CDT</msg>
<arg>${LOCAL_TIME}</arg>
<arg>${local_time}</arg>
<doc>Makes a variable available everywhere within the scope of the current suite.</doc>
<status status="PASS" start="2025-09-28T14:10:22.165103" elapsed="0.000412"/>
</kw>
<kw name="Set Suite Variable" owner="BuiltIn">
<msg time="2025-09-28T14:10:22.166035" level="INFO">${UTC_TIME} = Sun 2025-09-28 19:10:21 UTC</msg>
<arg>${UTC_TIME}</arg>
<arg>${utc_time}</arg>
<doc>Makes a variable available everywhere within the scope of the current suite.</doc>
<status status="PASS" start="2025-09-28T14:10:22.165755" elapsed="0.000350"/>
</kw>
<kw name="Append To List" owner="Collections">
<arg>${PERFORMANCE_METRICS}</arg>
<arg>Current Timezone: ${current_timezone}</arg>
<doc>Adds ``values`` to the end of ``list``.</doc>
<status status="PASS" start="2025-09-28T14:10:22.166295" elapsed="0.000313"/>
</kw>
<kw name="Append To List" owner="Collections">
<arg>${PERFORMANCE_METRICS}</arg>
<arg>Local Time: ${local_time}</arg>
<doc>Adds ``values`` to the end of ``list``.</doc>
<status status="PASS" start="2025-09-28T14:10:22.166779" elapsed="0.000248"/>
</kw>
<kw name="Append To List" owner="Collections">
<arg>${PERFORMANCE_METRICS}</arg>
<arg>UTC Time: ${utc_time}</arg>
<doc>Adds ``values`` to the end of ``list``.</doc>
<status status="PASS" start="2025-09-28T14:10:22.167182" elapsed="0.000232"/>
</kw>
<kw name="Append To List" owner="Collections">
<arg>${PERFORMANCE_METRICS}</arg>
<arg>Timedatectl File: ${timedatectl_file}</arg>
<doc>Adds ``values`` to the end of ``list``.</doc>
<status status="PASS" start="2025-09-28T14:10:22.167563" elapsed="0.000268"/>
</kw>
<kw name="Log" owner="BuiltIn">
<msg time="2025-09-28T14:10:22.168179" level="INFO">✅ Timezone configuration collected: SUCCESS</msg>
<arg>✅ Timezone configuration collected: SUCCESS</arg>
<arg>console=yes</arg>
<doc>Logs the given message with the given level.</doc>
<status status="PASS" start="2025-09-28T14:10:22.167990" elapsed="0.000290"/>
</kw>
<kw name="Log" owner="BuiltIn">
<msg time="2025-09-28T14:10:22.169044" level="INFO">🌍 Current Timezone: America/Chicago</msg>
<arg>🌍 Current Timezone: ${current_timezone}</arg>
<arg>console=yes</arg>
<doc>Logs the given message with the given level.</doc>
<status status="PASS" start="2025-09-28T14:10:22.168424" elapsed="0.000720"/>
</kw>
<kw name="Log" owner="BuiltIn">
<msg time="2025-09-28T14:10:22.169541" level="INFO">🕒 Local Time: Sun 2025-09-28 14:10:21 CDT</msg>
<arg>🕒 Local Time: ${local_time}</arg>
<arg>console=yes</arg>
<doc>Logs the given message with the given level.</doc>
<status status="PASS" start="2025-09-28T14:10:22.169309" elapsed="0.000323"/>
</kw>
<kw name="Log" owner="BuiltIn">
<msg time="2025-09-28T14:10:22.170014" level="INFO">📄 Output saved to: /mnt/c/Users/sacpa/Projects/robot/robotframework/tests/test7/../../results/test7/data/timedatectl_output.txt</msg>
<arg>📄 Output saved to: ${timedatectl_file}</arg>
<arg>console=yes</arg>
<doc>Logs the given message with the given level.</doc>
<status status="PASS" start="2025-09-28T14:10:22.169791" elapsed="0.000307"/>
</kw>
<kw name="Append To List" owner="Collections">
<arg>${TEST_RESULTS}</arg>
<arg>Timezone Collection: PASS - Current: ${current_timezone}, File: ${timedatectl_file}</arg>
<doc>Adds ``values`` to the end of ``list``.</doc>
<status status="PASS" start="2025-09-28T14:10:22.170255" elapsed="0.000283"/>
</kw>
<kw name="Evaluate" owner="BuiltIn">
<msg time="2025-09-28T14:10:22.171015" level="INFO">${passed} = 2</msg>
<var>${passed}</var>
<arg>${PASSED_TESTS} + 1</arg>
<doc>Evaluates the given expression in Python and returns the result.</doc>
<status status="PASS" start="2025-09-28T14:10:22.170700" elapsed="0.000354"/>
</kw>
<kw name="Set Suite Variable" owner="BuiltIn">
<msg time="2025-09-28T14:10:22.171497" level="INFO">${PASSED_TESTS} = 2</msg>
<arg>${PASSED_TESTS}</arg>
<arg>${passed}</arg>
<doc>Makes a variable available everywhere within the scope of the current suite.</doc>
<status status="PASS" start="2025-09-28T14:10:22.171256" elapsed="0.000297"/>
</kw>
<kw name="Log Test End" owner="time_keywords" type="TEARDOWN">
<if>
<branch type="IF" condition="'${status}' == 'PASS'">
<kw name="Log To Console" owner="BuiltIn">
<arg>✅ Completed: ${test_name}</arg>
<doc>Logs the given message to the console.</doc>
<status status="PASS" start="2025-09-28T14:10:22.173142" elapsed="0.000309"/>
</kw>
<status status="PASS" start="2025-09-28T14:10:22.172770" elapsed="0.000770"/>
</branch>
<branch type="ELSE">
<kw name="Log To Console" owner="BuiltIn">
<arg>❌ Failed: ${test_name}</arg>
<doc>Logs the given message to the console.</doc>
<status status="NOT RUN" start="2025-09-28T14:10:22.173831" elapsed="0.000040"/>
</kw>
<status status="NOT RUN" start="2025-09-28T14:10:22.173595" elapsed="0.000331"/>
</branch>
<status status="PASS" start="2025-09-28T14:10:22.172729" elapsed="0.001230"/>
</if>
<arg>${TEST_NAME}</arg>
<arg>${TEST_STATUS}</arg>
<doc>Logs test end with status</doc>
<status status="PASS" start="2025-09-28T14:10:22.172164" elapsed="0.001894"/>
</kw>
<doc>🌍 Collect current timezone configuration using timedatectl command
Gathers timezone settings, local time, UTC time, and RTC configuration</doc>
<tag>automated</tag>
<tag>configuration</tag>
<tag>critical</tag>
<tag>timedatectl</tag>
<tag>timezone</tag>
<status status="PASS" start="2025-09-28T14:10:21.765913" elapsed="0.408207"/>
</test>
<test id="s1-t3" name="Critical - Pacific Timezone Validation" line="100">
<kw name="Log Test Start" owner="time_keywords" type="SETUP">
<kw name="Log To Console" owner="BuiltIn">
<arg>\n🔍 Starting: ${test_name}</arg>
<doc>Logs the given message to the console.</doc>
<status status="PASS" start="2025-09-28T14:10:22.175711" elapsed="0.000210"/>
</kw>
<arg>${TEST_NAME}</arg>
<doc>Logs test start with formatting</doc>
<status status="PASS" start="2025-09-28T14:10:22.175415" elapsed="0.000574"/>
</kw>
<kw name="Log" owner="BuiltIn">
<msg time="2025-09-28T14:10:22.176229" level="INFO">🔍 Validating Pacific timezone configuration...</msg>
<arg>🔍 Validating Pacific timezone configuration...</arg>
<arg>console=yes</arg>
<doc>Logs the given message with the given level.</doc>
<status status="PASS" start="2025-09-28T14:10:22.176100" elapsed="0.000184"/>
</kw>
<kw name="Evaluate" owner="BuiltIn">
<msg time="2025-09-28T14:10:22.176614" level="INFO">${total} = 3</msg>
<var>${total}</var>
<arg>${TOTAL_TESTS} + 1</arg>
<doc>Evaluates the given expression in Python and returns the result.</doc>
<status status="PASS" start="2025-09-28T14:10:22.176385" elapsed="0.000267"/>
</kw>
<kw name="Set Suite Variable" owner="BuiltIn">
<msg time="2025-09-28T14:10:22.176942" level="INFO">${TOTAL_TESTS} = 3</msg>
<arg>${TOTAL_TESTS}</arg>
<arg>${total}</arg>
<doc>Makes a variable available everywhere within the scope of the current suite.</doc>
<status status="PASS" start="2025-09-28T14:10:22.176770" elapsed="0.000222"/>
</kw>
<kw name="Validate Timezone Setting" owner="time_keywords">
<kw name="Run Keyword And Return Status" owner="BuiltIn">
<kw name="Should Be Equal" owner="BuiltIn">
<msg time="2025-09-28T14:10:22.178222" level="FAIL">America/Chicago != America/Los_Angeles</msg>
<arg>${current_timezone}</arg>
<arg>${required_timezone}</arg>
<doc>Fails if the given objects are unequal.</doc>
<status status="FAIL" start="2025-09-28T14:10:22.177623" elapsed="0.000705">America/Chicago != America/Los_Angeles</status>
</kw>
<msg time="2025-09-28T14:10:22.178475" level="INFO">${timezone_matches} = False</msg>
<var>${timezone_matches}</var>
<arg>Should Be Equal</arg>
<arg>${current_timezone}</arg>
<arg>${required_timezone}</arg>
<doc>Runs the given keyword with given arguments and returns the status as a Boolean value.</doc>
<status status="PASS" start="2025-09-28T14:10:22.177469" elapsed="0.001040"/>
</kw>
<return>
<value>${timezone_matches}</value>
<status status="PASS" start="2025-09-28T14:10:22.178592" elapsed="0.000051"/>
</return>
<msg time="2025-09-28T14:10:22.178959" level="INFO">${timezone_validation} = False</msg>
<var>${timezone_validation}</var>
<arg>${CURRENT_TIMEZONE}</arg>
<arg>${REQUIRED_TIMEZONE}</arg>
<doc>Validates timezone against required setting</doc>
<status status="PASS" start="2025-09-28T14:10:22.177174" elapsed="0.001841"/>
</kw>
<kw name="Should Be True" owner="BuiltIn">
<msg time="2025-09-28T14:10:22.179757" level="FAIL">Timezone not set to Pacific/Los_Angeles: America/Chicago</msg>
<arg>${timezone_validation}</arg>
<arg>Timezone not set to Pacific/Los_Angeles: ${CURRENT_TIMEZONE}</arg>
<doc>Fails if the given condition is not true.</doc>
<status status="FAIL" start="2025-09-28T14:10:22.179255" elapsed="0.000631">Timezone not set to Pacific/Los_Angeles: America/Chicago</status>
</kw>
<kw name="Check Timezone Aliases" owner="time_keywords">
<var>${timezone_alias_check}</var>
<arg>${CURRENT_TIMEZONE}</arg>
<arg>America/Los_Angeles</arg>
<arg>US/Pacific</arg>
<doc>Checks if timezone matches any known aliases</doc>
<status status="NOT RUN" start="2025-09-28T14:10:22.180326" elapsed="0.000042"/>
</kw>
<kw name="Should Be True" owner="BuiltIn">
<arg>${timezone_alias_check}</arg>
<arg>Timezone does not match Pacific timezone variants</arg>
<doc>Fails if the given condition is not true.</doc>
<status status="NOT RUN" start="2025-09-28T14:10:22.180520" elapsed="0.000056"/>
</kw>
<kw name="Validate Pacific Timezone Offset" owner="time_keywords">
<var>${offset_validation}</var>
<arg>${LOCAL_TIME}</arg>
<arg>${UTC_TIME}</arg>
<doc>Validates Pacific timezone offset against UTC</doc>
<status status="NOT RUN" start="2025-09-28T14:10:22.180805" elapsed="0.000035"/>
</kw>
<kw name="Should Be True" owner="BuiltIn">
<arg>${offset_validation}</arg>
<arg>Pacific timezone offset validation failed</arg>
<doc>Fails if the given condition is not true.</doc>
<status status="NOT RUN" start="2025-09-28T14:10:22.180979" elapsed="0.000023"/>
</kw>
<kw name="Log" owner="BuiltIn">
<arg>✅ Pacific timezone validation: PASSED</arg>
<arg>console=yes</arg>
<doc>Logs the given message with the given level.</doc>
<status status="NOT RUN" start="2025-09-28T14:10:22.181125" elapsed="0.000026"/>
</kw>
<kw name="Log" owner="BuiltIn">
<arg>🌊 Confirmed timezone: ${CURRENT_TIMEZONE}</arg>
<arg>console=yes</arg>
<doc>Logs the given message with the given level.</doc>
<status status="NOT RUN" start="2025-09-28T14:10:22.183500" elapsed="0.000066"/>
</kw>
<kw name="Log" owner="BuiltIn">
<arg>✔️ Pacific timezone: VALIDATED</arg>
<arg>console=yes</arg>
<doc>Logs the given message with the given level.</doc>
<status status="NOT RUN" start="2025-09-28T14:10:22.183771" elapsed="0.000034"/>
</kw>
<kw name="Append To List" owner="Collections">
<arg>${TEST_RESULTS}</arg>
<arg>Pacific Timezone: PASS - ${CURRENT_TIMEZONE} validated</arg>
<doc>Adds ``values`` to the end of ``list``.</doc>
<status status="NOT RUN" start="2025-09-28T14:10:22.184012" elapsed="0.000051"/>
</kw>
<kw name="Evaluate" owner="BuiltIn">
<var>${passed}</var>
<arg>${PASSED_TESTS} + 1</arg>
<doc>Evaluates the given expression in Python and returns the result.</doc>
<status status="NOT RUN" start="2025-09-28T14:10:22.184195" elapsed="0.000022"/>
</kw>
<kw name="Set Suite Variable" owner="BuiltIn">
<arg>${PASSED_TESTS}</arg>
<arg>${passed}</arg>
<doc>Makes a variable available everywhere within the scope of the current suite.</doc>
<status status="NOT RUN" start="2025-09-28T14:10:22.184396" elapsed="0.000057"/>
</kw>
<kw name="Log Test End" owner="time_keywords" type="TEARDOWN">
<if>
<branch type="IF" condition="'${status}' == 'PASS'">
<kw name="Log To Console" owner="BuiltIn">
<arg>✅ Completed: ${test_name}</arg>
<doc>Logs the given message to the console.</doc>
<status status="NOT RUN" start="2025-09-28T14:10:22.188122" elapsed="0.000044"/>
</kw>
<status status="NOT RUN" start="2025-09-28T14:10:22.187245" elapsed="0.000994"/>
</branch>
<branch type="ELSE">
<kw name="Log To Console" owner="BuiltIn">
<arg>❌ Failed: ${test_name}</arg>
<doc>Logs the given message to the console.</doc>
<status status="PASS" start="2025-09-28T14:10:22.188393" elapsed="0.000492"/>
</kw>
<status status="PASS" start="2025-09-28T14:10:22.188274" elapsed="0.001020"/>
</branch>
<status status="PASS" start="2025-09-28T14:10:22.187186" elapsed="0.002174"/>
</if>
<arg>${TEST_NAME}</arg>
<arg>${TEST_STATUS}</arg>
<doc>Logs test end with status</doc>
<status status="PASS" start="2025-09-28T14:10:22.185224" elapsed="0.004267"/>
</kw>
<doc>🌊 Validate timezone is set to Pacific/Los_Angeles
Ensures timezone configuration matches required Pacific timezone setting</doc>
<tag>automated</tag>
<tag>critical</tag>
<tag>los-angeles</tag>
<tag>pacific</tag>
<tag>timezone</tag>
<tag>validation</tag>
<status status="FAIL" start="2025-09-28T14:10:22.174483" elapsed="0.015105">Timezone not set to Pacific/Los_Angeles: America/Chicago</status>
</test>
<test id="s1-t4" name="Critical - NTP Service Status Collection" line="129">
<kw name="Log Test Start" owner="time_keywords" type="SETUP">
<kw name="Log To Console" owner="BuiltIn">
<arg>\n🔍 Starting: ${test_name}</arg>
<doc>Logs the given message to the console.</doc>
<status status="PASS" start="2025-09-28T14:10:22.192092" elapsed="0.000379"/>
</kw>
<arg>${TEST_NAME}</arg>
<doc>Logs test start with formatting</doc>
<status status="PASS" start="2025-09-28T14:10:22.191442" elapsed="0.001225"/>
</kw>
<kw name="Log" owner="BuiltIn">
<msg time="2025-09-28T14:10:22.193224" level="INFO">🔍 Collecting NTP service status and configuration...</msg>
<arg>🔍 Collecting NTP service status and configuration...</arg>
<arg>console=yes</arg>
<doc>Logs the given message with the given level.</doc>
<status status="PASS" start="2025-09-28T14:10:22.192882" elapsed="0.000470"/>
</kw>
<kw name="Evaluate" owner="BuiltIn">
<msg time="2025-09-28T14:10:22.193958" level="INFO">${total} = 4</msg>
<var>${total}</var>
<arg>${TOTAL_TESTS} + 1</arg>
<doc>Evaluates the given expression in Python and returns the result.</doc>
<status status="PASS" start="2025-09-28T14:10:22.193543" elapsed="0.000454"/>
</kw>
<kw name="Set Suite Variable" owner="BuiltIn">
<msg time="2025-09-28T14:10:22.194537" level="INFO">${TOTAL_TESTS} = 4</msg>
<arg>${TOTAL_TESTS}</arg>
<arg>${total}</arg>
<doc>Makes a variable available everywhere within the scope of the current suite.</doc>
<status status="PASS" start="2025-09-28T14:10:22.194241" elapsed="0.000353"/>
</kw>
<kw name="Execute Time Command" owner="time_keywords">
<kw name="Log" owner="BuiltIn">
<msg time="2025-09-28T14:10:22.195489" level="INFO">Executing: Chrony service status - systemctl status chronyd</msg>
<arg>Executing: ${description} - ${command}</arg>
<doc>Logs the given message with the given level.</doc>
<status status="PASS" start="2025-09-28T14:10:22.195320" elapsed="0.000231"/>
</kw>
<kw name="Run Process" owner="Process">
<msg time="2025-09-28T14:10:22.195982" level="INFO">Starting process:
systemctl status chronyd</msg>
<msg time="2025-09-28T14:10:22.196693" level="INFO">Waiting for process to complete.</msg>
<msg time="2025-09-28T14:10:22.297366" level="INFO">Process completed.</msg>
<msg time="2025-09-28T14:10:22.297773" level="INFO">${result} = &lt;result object with rc 4&gt;</msg>
<var>${result}</var>
<arg>${command}</arg>
<arg>shell=True</arg>
<arg>timeout=30s</arg>
<doc>Runs a process and waits for it to complete.</doc>
<status status="PASS" start="2025-09-28T14:10:22.195688" elapsed="0.102144"/>
</kw>
<kw name="Should Be Equal As Numbers" owner="BuiltIn">
<msg time="2025-09-28T14:10:22.300739" level="INFO">Argument types are:
&lt;class 'int'&gt;
&lt;class 'str'&gt;</msg>
<msg time="2025-09-28T14:10:22.301051" level="FAIL">Command failed: systemctl status chronyd: 4.0 != 0.0</msg>
<arg>${result.rc}</arg>
<arg>0</arg>
<arg>Command failed: ${command}</arg>
<doc>Fails if objects are unequal after converting them to real numbers.</doc>
<status status="FAIL" start="2025-09-28T14:10:22.298245" elapsed="0.002965">Command failed: systemctl status chronyd: 4.0 != 0.0</status>
</kw>
<kw name="Should Not Be Empty" owner="BuiltIn">
<arg>${result.stdout}</arg>
<arg>Command returned empty output: ${command}</arg>
<doc>Verifies that the given item is not empty.</doc>
<status status="NOT RUN" start="2025-09-28T14:10:22.301576" elapsed="0.000053"/>
</kw>
<return>
<value>${result.stdout}</value>
<status status="NOT RUN" start="2025-09-28T14:10:22.301706" elapsed="0.000056"/>
</return>
<var>${chrony_status}</var>
<arg>${SYSTEM_CONNECTION}</arg>
<arg>systemctl status chronyd</arg>
<arg>Chrony service status</arg>
<doc>Executes time-related command on target system with enhanced error handling</doc>
<status status="FAIL" start="2025-09-28T14:10:22.194851" elapsed="0.107140">Command failed: systemctl status chronyd: 4.0 != 0.0</status>
</kw>
<kw name="Should Not Be Empty" owner="BuiltIn">
<arg>${chrony_status}</arg>
<arg>Failed to get chrony service status</arg>
<doc>Verifies that the given item is not empty.</doc>
<status status="NOT RUN" start="2025-09-28T14:10:22.302206" elapsed="0.000061"/>
</kw>
<kw name="Set Suite Variable" owner="BuiltIn">
<arg>${CHRONY_STATUS}</arg>
<arg>${chrony_status}</arg>
<doc>Makes a variable available everywhere within the scope of the current suite.</doc>
<status status="NOT RUN" start="2025-09-28T14:10:22.302430" elapsed="0.000026"/>
</kw>
<kw name="Execute Time Command" owner="time_keywords">
<var>${chrony_sources}</var>
<arg>${SYSTEM_CONNECTION}</arg>
<arg>chronyc sources</arg>
<arg>Chrony sources</arg>
<doc>Executes time-related command on target system with enhanced error handling</doc>
<status status="NOT RUN" start="2025-09-28T14:10:22.302700" elapsed="0.000033"/>
</kw>
<kw name="Should Not Be Empty" owner="BuiltIn">
<arg>${chrony_sources}</arg>
<arg>Failed to get chrony sources</arg>
<doc>Verifies that the given item is not empty.</doc>
<status status="NOT RUN" start="2025-09-28T14:10:22.302920" elapsed="0.000027"/>
</kw>
<kw name="Set Suite Variable" owner="BuiltIn">
<arg>${CHRONY_SOURCES}</arg>
<arg>${chrony_sources}</arg>
<doc>Makes a variable available everywhere within the scope of the current suite.</doc>
<status status="NOT RUN" start="2025-09-28T14:10:22.303352" elapsed="0.000096"/>
</kw>
<kw name="Save Command Output To File" owner="time_keywords">
<var>${chrony_status_file}</var>
<arg>${chrony_status}</arg>
<arg>chrony_status.txt</arg>
<doc>Saves command output to specified file with timestamp</doc>
<status status="NOT RUN" start="2025-09-28T14:10:22.303881" elapsed="0.000051"/>
</kw>
<kw name="Save Command Output To File" owner="time_keywords">
<var>${chrony_sources_file}</var>
<arg>${chrony_sources}</arg>
<arg>chrony_sources.txt</arg>
<doc>Saves command output to specified file with timestamp</doc>
<status status="NOT RUN" start="2025-09-28T14:10:22.305123" elapsed="0.000051"/>
</kw>
<kw name="Extract Service Status" owner="time_keywords">
<var>${service_status}</var>
<arg>${chrony_status}</arg>
<doc>Extracts service status from systemctl output</doc>
<status status="NOT RUN" start="2025-09-28T14:10:22.306082" elapsed="0.000061"/>
</kw>
<kw name="Count Active NTP Sources" owner="time_keywords">
<var>${active_sources}</var>
<arg>${chrony_sources}</arg>
<doc>Counts active NTP sources from chronyc sources output</doc>
<status status="NOT RUN" start="2025-09-28T14:10:22.306675" elapsed="0.000052"/>
</kw>
<kw name="Set Suite Variable" owner="BuiltIn">
<arg>${NTP_SERVICE_STATUS}</arg>
<arg>${service_status}</arg>
<doc>Makes a variable available everywhere within the scope of the current suite.</doc>
<status status="NOT RUN" start="2025-09-28T14:10:22.306970" elapsed="0.000042"/>
</kw>
<kw name="Set Suite Variable" owner="BuiltIn">
<arg>${ACTIVE_NTP_SOURCES}</arg>
<arg>${active_sources}</arg>
<doc>Makes a variable available everywhere within the scope of the current suite.</doc>
<status status="NOT RUN" start="2025-09-28T14:10:22.307249" elapsed="0.000040"/>
</kw>
<kw name="Append To List" owner="Collections">
<arg>${PERFORMANCE_METRICS}</arg>
<arg>Chrony Service: ${service_status}</arg>
<doc>Adds ``values`` to the end of ``list``.</doc>
<status status="NOT RUN" start="2025-09-28T14:10:22.307464" elapsed="0.000037"/>
</kw>
<kw name="Append To List" owner="Collections">
<arg>${PERFORMANCE_METRICS}</arg>
<arg>Active NTP Sources: ${active_sources}</arg>
<doc>Adds ``values`` to the end of ``list``.</doc>
<status status="NOT RUN" start="2025-09-28T14:10:22.307704" elapsed="0.000035"/>
</kw>
<kw name="Append To List" owner="Collections">
<arg>${PERFORMANCE_METRICS}</arg>
<arg>Chrony Status File: ${chrony_status_file}</arg>
<doc>Adds ``values`` to the end of ``list``.</doc>
<status status="NOT RUN" start="2025-09-28T14:10:22.307922" elapsed="0.000038"/>
</kw>
<kw name="Append To List" owner="Collections">
<arg>${PERFORMANCE_METRICS}</arg>
<arg>Chrony Sources File: ${chrony_sources_file}</arg>
<doc>Adds ``values`` to the end of ``list``.</doc>
<status status="NOT RUN" start="2025-09-28T14:10:22.308198" elapsed="0.000039"/>
</kw>
<kw name="Log" owner="BuiltIn">
<arg>✅ NTP service status collected: SUCCESS</arg>
<arg>console=yes</arg>
<doc>Logs the given message with the given level.</doc>
<status status="NOT RUN" start="2025-09-28T14:10:22.308410" elapsed="0.000033"/>
</kw>
<kw name="Log" owner="BuiltIn">
<arg>⚙️ Chrony Service: ${service_status}</arg>
<arg>console=yes</arg>
<doc>Logs the given message with the given level.</doc>
<status status="NOT RUN" start="2025-09-28T14:10:22.308777" elapsed="0.000062"/>
</kw>
<kw name="Log" owner="BuiltIn">
<arg>🔗 Active Sources: ${active_sources}</arg>
<arg>console=yes</arg>
<doc>Logs the given message with the given level.</doc>
<status status="NOT RUN" start="2025-09-28T14:10:22.309070" elapsed="0.000036"/>
</kw>
<kw name="Append To List" owner="Collections">
<arg>${TEST_RESULTS}</arg>
<arg>NTP Service: PASS - Status: ${service_status}, Sources: ${active_sources}</arg>
<doc>Adds ``values`` to the end of ``list``.</doc>
<status status="NOT RUN" start="2025-09-28T14:10:22.309268" elapsed="0.000029"/>
</kw>
<kw name="Evaluate" owner="BuiltIn">
<var>${passed}</var>
<arg>${PASSED_TESTS} + 1</arg>
<doc>Evaluates the given expression in Python and returns the result.</doc>
<status status="NOT RUN" start="2025-09-28T14:10:22.309453" elapsed="0.000027"/>
</kw>
<kw name="Set Suite Variable" owner="BuiltIn">
<arg>${PASSED_TESTS}</arg>
<arg>${passed}</arg>
<doc>Makes a variable available everywhere within the scope of the current suite.</doc>
<status status="NOT RUN" start="2025-09-28T14:10:22.309643" elapsed="0.000028"/>
</kw>
<kw name="Log Test End" owner="time_keywords" type="TEARDOWN">
<if>
<branch type="IF" condition="'${status}' == 'PASS'">
<kw name="Log To Console" owner="BuiltIn">
<arg>✅ Completed: ${test_name}</arg>
<doc>Logs the given message to the console.</doc>
<status status="NOT RUN" start="2025-09-28T14:10:22.310949" elapsed="0.000050"/>
</kw>
<status status="NOT RUN" start="2025-09-28T14:10:22.310714" elapsed="0.000334"/>
</branch>
<branch type="ELSE">
<kw name="Log To Console" owner="BuiltIn">
<arg>❌ Failed: ${test_name}</arg>
<doc>Logs the given message to the console.</doc>
<status status="PASS" start="2025-09-28T14:10:22.311182" elapsed="0.000232"/>
</kw>
<status status="PASS" start="2025-09-28T14:10:22.311079" elapsed="0.000379"/>
</branch>
<status status="PASS" start="2025-09-28T14:10:22.310687" elapsed="0.000811"/>
</if>
<arg>${TEST_NAME}</arg>
<arg>${TEST_STATUS}</arg>
<doc>Logs test end with status</doc>
<status status="PASS" start="2025-09-28T14:10:22.310309" elapsed="0.001251"/>
</kw>
<doc>⏰ Collect NTP/Chrony service status and configuration
Gathers chrony service status, sources, and synchronization data</doc>
<tag>automated</tag>
<tag>chrony</tag>
<tag>critical</tag>
<tag>ntp</tag>
<tag>service</tag>
<tag>status</tag>
<status status="FAIL" start="2025-09-28T14:10:22.190144" elapsed="0.121464">Command failed: systemctl status chronyd: 4.0 != 0.0</status>
</test>
<test id="s1-t5" name="Critical - NTP Server Configuration Validation" line="174">
<kw name="Log Test Start" owner="time_keywords" type="SETUP">
<kw name="Log To Console" owner="BuiltIn">
<arg>\n🔍 Starting: ${test_name}</arg>
<doc>Logs the given message to the console.</doc>
<status status="PASS" start="2025-09-28T14:10:22.313631" elapsed="0.000299"/>
</kw>
<arg>${TEST_NAME}</arg>
<doc>Logs test start with formatting</doc>
<status status="PASS" start="2025-09-28T14:10:22.313161" elapsed="0.000899"/>
</kw>
<kw name="Log" owner="BuiltIn">
<msg time="2025-09-28T14:10:22.314423" level="INFO">🔍 Validating NTP server configuration...</msg>
<arg>🔍 Validating NTP server configuration...</arg>
<arg>console=yes</arg>
<doc>Logs the given message with the given level.</doc>
<status status="PASS" start="2025-09-28T14:10:22.314200" elapsed="0.000310"/>
[...]
<arg>✅ Time configuration compliance: VALIDATED</arg>
<arg>console=yes</arg>
<doc>Logs the given message with the given level.</doc>
<status status="NOT RUN" start="2025-09-28T14:10:22.460956" elapsed="0.000016"/>
</kw>
<kw name="Log" owner="BuiltIn">
<arg>🌍 Timezone: COMPLIANT</arg>
<arg>console=yes</arg>
<doc>Logs the given message with the given level.</doc>
<status status="NOT RUN" start="2025-09-28T14:10:22.461054" elapsed="0.000016"/>
</kw>
<kw name="Log" owner="BuiltIn">
<arg>🌐 NTP Server: COMPLIANT</arg>
<arg>console=yes</arg>
<doc>Logs the given message with the given level.</doc>
<status status="NOT RUN" start="2025-09-28T14:10:22.461166" elapsed="0.000015"/>
</kw>
<kw name="Log" owner="BuiltIn">
<arg>🔄 Synchronization: COMPLIANT</arg>
<arg>console=yes</arg>
<doc>Logs the given message with the given level.</doc>
<status status="NOT RUN" start="2025-09-28T14:10:22.461254" elapsed="0.000015"/>
</kw>
<kw name="Log" owner="BuiltIn">
<arg>📊 Overall Score: ${compliance_score}%</arg>
<arg>console=yes</arg>
<doc>Logs the given message with the given level.</doc>
<status status="NOT RUN" start="2025-09-28T14:10:22.461342" elapsed="0.000580"/>
</kw>
<kw name="Log" owner="BuiltIn">
<arg>📄 Report: ${time_report}</arg>
<arg>console=yes</arg>
<doc>Logs the given message with the given level.</doc>
<status status="NOT RUN" start="2025-09-28T14:10:22.462086" elapsed="0.000025"/>
</kw>
<kw name="Log" owner="BuiltIn">
<arg>📦 Evidence: ${evidence_package}</arg>
<arg>console=yes</arg>
<doc>Logs the given message with the given level.</doc>
<status status="NOT RUN" start="2025-09-28T14:10:22.462214" elapsed="0.000019"/>
</kw>
<kw name="Append To List" owner="Collections">
<arg>${TEST_RESULTS}</arg>
<arg>Time Compliance: PASS - ${compliance_score}% compliant, all requirements met</arg>
<doc>Adds ``values`` to the end of ``list``.</doc>
<status status="NOT RUN" start="2025-09-28T14:10:22.462325" elapsed="0.000018"/>
</kw>
<kw name="Evaluate" owner="BuiltIn">
<var>${passed}</var>
<arg>${PASSED_TESTS} + 1</arg>
<doc>Evaluates the given expression in Python and returns the result.</doc>
<status status="NOT RUN" start="2025-09-28T14:10:22.462436" elapsed="0.000020"/>
</kw>
<kw name="Set Suite Variable" owner="BuiltIn">
<arg>${PASSED_TESTS}</arg>
<arg>${passed}</arg>
<doc>Makes a variable available everywhere within the scope of the current suite.</doc>
<status status="NOT RUN" start="2025-09-28T14:10:22.462556" elapsed="0.000017"/>
</kw>
<kw name="Log Test End" owner="time_keywords" type="TEARDOWN">
<if>
<branch type="IF" condition="'${status}' == 'PASS'">
<kw name="Log To Console" owner="BuiltIn">
<arg>✅ Completed: ${test_name}</arg>
<doc>Logs the given message to the console.</doc>
<status status="NOT RUN" start="2025-09-28T14:10:22.463565" elapsed="0.000024"/>
</kw>
<status status="NOT RUN" start="2025-09-28T14:10:22.463334" elapsed="0.000327"/>
</branch>
<branch type="ELSE">
<kw name="Log To Console" owner="BuiltIn">
<arg>❌ Failed: ${test_name}</arg>
<doc>Logs the given message to the console.</doc>
<status status="PASS" start="2025-09-28T14:10:22.463801" elapsed="0.000333"/>
</kw>
<status status="PASS" start="2025-09-28T14:10:22.463692" elapsed="0.000488"/>
</branch>
<status status="PASS" start="2025-09-28T14:10:22.463308" elapsed="0.000899"/>
</if>
<arg>${TEST_NAME}</arg>
<arg>${TEST_STATUS}</arg>
<doc>Logs test end with status</doc>
<status status="PASS" start="2025-09-28T14:10:22.462923" elapsed="0.001342"/>
</kw>
<doc>✅ Generate comprehensive time configuration compliance report
Validates all time-related settings meet requirements and creates summary</doc>
<tag>automated</tag>
<tag>compliance</tag>
<tag>normal</tag>
<tag>reporting</tag>
<tag>summary</tag>
<tag>validation</tag>
<status status="FAIL" start="2025-09-28T14:10:22.447036" elapsed="0.017272">Variable '${CHRONY_SOURCES}' not found. Did you mean:
    ${CHRONY_SOURCES_FILE}</status>
</test>
<kw name="Generate Executive Summary" owner="time_keywords" type="TEARDOWN">
<kw name="Get Current Date" owner="DateTime">
<msg time="2025-09-28T14:10:22.465723" level="INFO">${end_time} = 2025-09-28 14:10:22</msg>
<var>${end_time}</var>
<arg>result_format=%Y-%m-%d %H:%M:%S</arg>
<doc>Returns current local or UTC time with an optional increment.</doc>
<status status="PASS" start="2025-09-28T14:10:22.465402" elapsed="0.000370"/>
</kw>
<kw name="Subtract Date From Date" owner="DateTime">
<msg time="2025-09-28T14:10:22.474854" level="INFO">${test_duration} = 1.0</msg>
<var>${test_duration}</var>
<arg>${end_time}</arg>
<arg>${TEST_START_TIME}</arg>
<arg>result_format=number</arg>
<doc>Subtracts date from another date and returns time between.</doc>
<status status="PASS" start="2025-09-28T14:10:22.465952" elapsed="0.008949"/>
</kw>
<kw name="Evaluate" owner="BuiltIn">
<msg time="2025-09-28T14:10:22.475489" level="INFO">${pass_rate} = 28.6</msg>
<var>${pass_rate}</var>
<arg>round((${PASSED_TESTS} / ${TOTAL_TESTS}) * 100, 1) if ${TOTAL_TESTS} &gt; 0 else 0</arg>
<doc>Evaluates the given expression in Python and returns the result.</doc>
<status status="PASS" start="2025-09-28T14:10:22.475078" elapsed="0.000443"/>
</kw>
<kw name="Get Current Date" owner="DateTime">
<msg time="2025-09-28T14:10:22.475907" level="INFO">${timestamp} = 20250928_141022</msg>
<var>${timestamp}</var>
<arg>result_format=%Y%m%d_%H%M%S</arg>
<doc>Returns current local or UTC time with an optional increment.</doc>
<status status="PASS" start="2025-09-28T14:10:22.475711" elapsed="0.000222"/>
</kw>
<kw name="Set Variable" owner="BuiltIn">
<msg time="2025-09-28T14:10:22.476244" level="INFO">${metrics_file} = /mnt/c/Users/sacpa/Projects/robot/robotframework/tests/test7/../../results/test7/data/test_metrics_20250928_141022.json</msg>
<var>${metrics_file}</var>
<arg>${DATA_DIR}/test_metrics_${timestamp}.json</arg>
<doc>Returns the given values which can then be assigned to a variables.</doc>
<status status="PASS" start="2025-09-28T14:10:22.476050" elapsed="0.000227"/>
</kw>
<kw name="Set Variable" owner="BuiltIn">
<msg time="2025-09-28T14:10:22.477025" level="INFO">${results_file} = /mnt/c/Users/sacpa/Projects/robot/robotframework/tests/test7/../../results/test7/data/test_results_20250928_141022.txt</msg>
<var>${results_file}</var>
<arg>${DATA_DIR}/test_results_${timestamp}.txt</arg>
<doc>Returns the given values which can then be assigned to a variables.</doc>
<status status="PASS" start="2025-09-28T14:10:22.476428" elapsed="0.000637"/>
</kw>
<kw name="Create Metrics JSON" owner="time_keywords">
<kw name="Convert To String" owner="BuiltIn">
<msg time="2025-09-28T14:10:22.478147" level="INFO">${metrics_str} = ['Current Timezone: America/Chicago', 'Local Time: Sun 2025-09-28 14:10:21 CDT', 'UTC Time: Sun 2025-09-28 19:10:21 UTC', 'Timedatectl File: /mnt/c/Users/sacpa/Projects/robot/robotframework/tests/test...</msg>
<var>${metrics_str}</var>
<arg>${metrics}</arg>
<doc>Converts the given item to a Unicode string.</doc>
<status status="PASS" start="2025-09-28T14:10:22.477867" elapsed="0.000321"/>
</kw>
<kw name="Set Variable" owner="BuiltIn">
<msg time="2025-09-28T14:10:22.479414" level="INFO">${json_content} = ['{\n', '"test_suite": "Time Configuration Validation Test Suite - Test-7",\n', '"total_tests": 7,\n', '"passed_tests": 2,\n', '"pass_rate": 28.6,\n', '"duration_seconds": 1.0,\n', '"metrics": "[\'Cur...</msg>
<var>${json_content}</var>
<arg>{\n</arg>
<arg>"test_suite": "${suite_name}",\n</arg>
<arg>"total_tests": ${total},\n</arg>
<arg>"passed_tests": ${passed},\n</arg>
<arg>"pass_rate": ${pass_rate},\n</arg>
<arg>"duration_seconds": ${duration},\n</arg>
<arg>"metrics": "${metrics_str}"\n}</arg>
<doc>Returns the given values which can then be assigned to a variables.</doc>
<status status="PASS" start="2025-09-28T14:10:22.478333" elapsed="0.001883"/>
</kw>
<return>
<value>${json_content}</value>
<status status="PASS" start="2025-09-28T14:10:22.480352" elapsed="0.000147"/>
</return>
<msg time="2025-09-28T14:10:22.480854" level="INFO">${metrics_json} = ['{\n', '"test_suite": "Time Configuration Validation Test Suite - Test-7",\n', '"total_tests": 7,\n', '"passed_tests": 2,\n', '"pass_rate": 28.6,\n', '"duration_seconds": 1.0,\n', '"metrics": "[\'Cur...</msg>
<var>${metrics_json}</var>
<arg>${TEST_SUITE_NAME}</arg>
<arg>${TOTAL_TESTS}</arg>
<arg>${PASSED_TESTS}</arg>
<arg>${pass_rate}</arg>
<arg>${test_duration}</arg>
<arg>${PERFORMANCE_METRICS}</arg>
<doc>Creates JSON metrics content</doc>
<status status="PASS" start="2025-09-28T14:10:22.477295" elapsed="0.003686"/>
</kw>
<kw name="Create File" owner="OperatingSystem">
<msg time="2025-09-28T14:10:22.490161" level="FAIL">TypeError: write() argument must be str, not list</msg>
<arg>${metrics_file}</arg>
<arg>${metrics_json}</arg>
<doc>Creates a file with the given content and encoding.</doc>
<status status="FAIL" start="2025-09-28T14:10:22.481213" elapsed="0.009051">TypeError: write() argument must be str, not list</status>
</kw>
<kw name="Create Results Content" owner="time_keywords">
<kw name="Set Variable" owner="BuiltIn">
<msg time="2025-09-28T14:10:22.491980" level="INFO">${content} = Test Results Summary
==================

Start Time: 2025-09-28 14:10:21
End Time: 2025-09-28 14:10:22
Duration: 1.0 seconds

Detailed Results:
</msg>
<var>${content}</var>
<arg>Test Results Summary\n==================\n\nStart Time: ${start_time}\nEnd Time: ${end_time}\nDuration: ${duration} seconds\n\nDetailed Results:\n</arg>
<doc>Returns the given values which can then be assigned to a variables.</doc>
<status status="PASS" start="2025-09-28T14:10:22.491535" elapsed="0.001181"/>
</kw>
<for flavor="IN">
<iter>
<kw name="Set Variable" owner="BuiltIn">
<msg time="2025-09-28T14:10:22.493558" level="INFO">${content} = Test Results Summary
==================

Start Time: 2025-09-28 14:10:21
End Time: 2025-09-28 14:10:22
Duration: 1.0 seconds

Detailed Results:
- System Connection: PASS - linux connection to 192.168....</msg>
<var>${content}</var>
<arg>${content}- ${result}\n</arg>
<doc>Returns the given values which can then be assigned to a variables.</doc>
<status status="PASS" start="2025-09-28T14:10:22.493219" elapsed="0.000385"/>
</kw>
<var name="${result}">System Connection: PASS - linux connection to 192.168.1.100</var>
<status status="PASS" start="2025-09-28T14:10:22.493078" elapsed="0.000587"/>
</iter>
<iter>
<kw name="Set Variable" owner="BuiltIn">
<msg time="2025-09-28T14:10:22.494219" level="INFO">${content} = Test Results Summary
==================

Start Time: 2025-09-28 14:10:21
End Time: 2025-09-28 14:10:22
Duration: 1.0 seconds

Detailed Results:
- System Connection: PASS - linux connection to 192.168....</msg>
<var>${content}</var>
<arg>${content}- ${result}\n</arg>
<doc>Returns the given values which can then be assigned to a variables.</doc>
<status status="PASS" start="2025-09-28T14:10:22.493957" elapsed="0.000292"/>
</kw>
<var name="${result}">Timezone Collection: PASS - Current: America/Chicago, File: /mnt/c/Users/sacpa/Projects/robot/robotframework/tests/test7/../../results/test7/data/timedatectl_output.txt</var>
<status status="PASS" start="2025-09-28T14:10:22.493781" elapsed="0.000550"/>
</iter>
<var>${result}</var>
<value>@{results}</value>
<status status="PASS" start="2025-09-28T14:10:22.492870" elapsed="0.001516"/>
</for>
<return>
<value>${content}</value>
<status status="PASS" start="2025-09-28T14:10:22.494449" elapsed="0.000051"/>
</return>
<msg time="2025-09-28T14:10:22.494684" level="INFO">${results_content} = Test Results Summary
==================

Start Time: 2025-09-28 14:10:21
End Time: 2025-09-28 14:10:22
Duration: 1.0 seconds

Detailed Results:
- System Connection: PASS - linux connection to 192.168....</msg>
<var>${results_content}</var>
<arg>${TEST_RESULTS}</arg>
<arg>${TEST_START_TIME}</arg>
<arg>${end_time}</arg>
<arg>${test_duration}</arg>
<doc>Creates detailed results content</doc>
<status status="PASS" start="2025-09-28T14:10:22.490806" elapsed="0.003913"/>
</kw>
<kw name="Create File" owner="OperatingSystem">
<msg time="2025-09-28T14:10:22.502255" level="INFO" html="true">Created file '&lt;a href="file:///mnt/c/Users/sacpa/Projects/robot/robotframework/results/test7/data/test_results_20250928_141022.txt"&gt;/mnt/c/Users/sacpa/Projects/robot/robotframework/results/test7/data/test_results_20250928_141022.txt&lt;/a&gt;'.</msg>
<arg>${results_file}</arg>
<arg>${results_content}</arg>
<doc>Creates a file with the given content and encoding.</doc>
<status status="PASS" start="2025-09-28T14:10:22.494885" elapsed="0.007496"/>
</kw>
<kw name="Generate Enhanced Dashboard" owner="time_keywords">
<kw name="Set Variable" owner="BuiltIn">
<msg time="2025-09-28T14:10:22.503416" level="INFO">${html_content} = &lt;!DOCTYPE html&gt;&lt;html&gt;&lt;head&gt;&lt;title&gt;Time Configuration Validation Test Suite - Test-7 - Dashboard&lt;/title&gt;&lt;/head&gt;&lt;body&gt;&lt;h1&gt;Time Configuration Validation Test Suite - Test-7&lt;/h1&gt;&lt;p&gt;Total: 7, Passed: 2, Ra...</msg>
<var>${html_content}</var>
<arg>&lt;!DOCTYPE html&gt;&lt;html&gt;&lt;head&gt;&lt;title&gt;${suite_name} - Dashboard&lt;/title&gt;&lt;/head&gt;&lt;body&gt;&lt;h1&gt;${suite_name}&lt;/h1&gt;&lt;p&gt;Total: ${total}, Passed: ${passed}, Rate: ${pass_rate}%, Duration: ${duration}s&lt;/p&gt;&lt;/body&gt;&lt;/html&gt;</arg>
<doc>Returns the given values which can then be assigned to a variables.</doc>
<status status="PASS" start="2025-09-28T14:10:22.503114" elapsed="0.000336"/>
</kw>
<return>
<value>${html_content}</value>
<status status="PASS" start="2025-09-28T14:10:22.503508" elapsed="0.000039"/>
</return>
<msg time="2025-09-28T14:10:22.503671" level="INFO">${dashboard_content} = &lt;!DOCTYPE html&gt;&lt;html&gt;&lt;head&gt;&lt;title&gt;Time Configuration Validation Test Suite - Test-7 - Dashboard&lt;/title&gt;&lt;/head&gt;&lt;body&gt;&lt;h1&gt;Time Configuration Validation Test Suite - Test-7&lt;/h1&gt;&lt;p&gt;Total: 7, Passed: 2, Ra...</msg>
<var>${dashboard_content}</var>
<arg>${TEST_SUITE_NAME}</arg>
<arg>${TOTAL_TESTS}</arg>
<arg>${PASSED_TESTS}</arg>
<arg>${pass_rate}</arg>
<arg>${TEST_RESULTS}</arg>
<arg>${PERFORMANCE_METRICS}</arg>
<arg>${test_duration}</arg>
<doc>Generates enhanced HTML dashboard</doc>
<status status="PASS" start="2025-09-28T14:10:22.502631" elapsed="0.001067"/>
</kw>
<kw name="Create File" owner="OperatingSystem">
<msg time="2025-09-28T14:10:22.509586" level="INFO" html="true">Created file '&lt;a href="file:///mnt/c/Users/sacpa/Projects/robot/robotframework/results/latest_dashboard.html"&gt;/mnt/c/Users/sacpa/Projects/robot/robotframework/results/latest_dashboard.html&lt;/a&gt;'.</msg>
<arg>${REPORTS_DIR}/latest_dashboard.html</arg>
<arg>${dashboard_content}</arg>
<doc>Creates a file with the given content and encoding.</doc>
<status status="PASS" start="2025-09-28T14:10:22.503828" elapsed="0.005901"/>
</kw>
<kw name="Log To Console" owner="BuiltIn">
<arg>\n📊 ===================================================</arg>
<doc>Logs the given message to the console.</doc>
<status status="PASS" start="2025-09-28T14:10:22.510009" elapsed="0.000368"/>
</kw>
<kw name="Log To Console" owner="BuiltIn">
<arg>🎯 TIME CONFIGURATION TEST SUMMARY</arg>
<doc>Logs the given message to the console.</doc>
<status status="PASS" start="2025-09-28T14:10:22.510620" elapsed="0.000195"/>
</kw>
<kw name="Log To Console" owner="BuiltIn">
<arg>===================================================</arg>
<doc>Logs the given message to the console.</doc>
<status status="PASS" start="2025-09-28T14:10:22.510961" elapsed="0.000137"/>
</kw>
<kw name="Log To Console" owner="BuiltIn">
<arg>⏰ Duration: ${test_duration} seconds</arg>
<doc>Logs the given message to the console.</doc>
<status status="PASS" start="2025-09-28T14:10:22.511227" elapsed="0.000243"/>
</kw>
<kw name="Log To Console" owner="BuiltIn">
<arg>📊 Total Tests: ${TOTAL_TESTS}</arg>
<doc>Logs the given message to the console.</doc>
<status status="PASS" start="2025-09-28T14:10:22.511587" elapsed="0.000154"/>
</kw>
<kw name="Log To Console" owner="BuiltIn">
<arg>✅ Passed: ${PASSED_TESTS}</arg>
<doc>Logs the given message to the console.</doc>
<status status="PASS" start="2025-09-28T14:10:22.511829" elapsed="0.000138"/>
</kw>
<kw name="Log To Console" owner="BuiltIn">
<arg>📈 Pass Rate: ${pass_rate}%</arg>
<doc>Logs the given message to the console.</doc>
<status status="PASS" start="2025-09-28T14:10:22.512087" elapsed="0.000156"/>
</kw>
<kw name="Log To Console" owner="BuiltIn">
<arg>📄 Metrics: ${metrics_file}</arg>
<doc>Logs the given message to the console.</doc>
<status status="PASS" start="2025-09-28T14:10:22.512331" elapsed="0.000139"/>
</kw>
<kw name="Log To Console" owner="BuiltIn">
<arg>📋 Results: ${results_file}</arg>
<doc>Logs the given message to the console.</doc>
<status status="PASS" start="2025-09-28T14:10:22.512687" elapsed="0.000246"/>
</kw>
<kw name="Log To Console" owner="BuiltIn">
<arg>🌐 Dashboard: ${REPORTS_DIR}/latest_dashboard.html</arg>
<doc>Logs the given message to the console.</doc>
<status status="PASS" start="2025-09-28T14:10:22.513074" elapsed="0.000255"/>
</kw>
<kw name="Log To Console" owner="BuiltIn">
<arg>===================================================</arg>
<doc>Logs the given message to the console.</doc>
<status status="PASS" start="2025-09-28T14:10:22.513480" elapsed="0.000173"/>
</kw>
<doc>📊 Generates comprehensive executive summary with enhanced metrics</doc>
<status status="FAIL" start="2025-09-28T14:10:22.465191" elapsed="0.049429">TypeError: write() argument must be str, not list</status>
</kw>
<doc>🕒 Time Configuration Validation Test Suite - Test-7
Comprehensive time zone and NTP configuration validation
✨ Features: Timezone validation, NTP server configuration, time synchronization
📊 Results: Unified HTML reports with enhanced dashboard
🎯 Run with: robot --outputdir ../../results/test7 time_configuration_validation.robot</doc>
<meta name="Environment">Production-Ready</meta>
<meta name="Features">Time Zone, NTP Configuration, Chrony Service, Time Sync</meta>
<meta name="Reporting">Unified HTML Reports + Enhanced Dashboard</meta>
<meta name="Test Suite">Time Configuration Validation Test-7</meta>
<meta name="Version">1.0.0</meta>
<status status="FAIL" start="2025-09-28T14:10:21.544416" elapsed="0.970630">Suite teardown failed:
TypeError: write() argument must be str, not list</status>
</suite>
<statistics>
<total>
<stat pass="0" fail="7" skip="0">All Tests</stat>
</total>
<tag>
<stat pass="0" fail="1" skip="0">authentication</stat>
<stat pass="0" fail="7" skip="0">automated</stat>
<stat pass="0" fail="1" skip="0">chrony</stat>
<stat pass="0" fail="1" skip="0">clock</stat>
<stat pass="0" fail="1" skip="0">compliance</stat>
<stat pass="0" fail="2" skip="0">configuration</stat>
<stat pass="0" fail="1" skip="0">connection</stat>
<stat pass="0" fail="6" skip="0">critical</stat>
<stat pass="0" fail="1" skip="0">domain</stat>
<stat pass="0" fail="1" skip="0">drift</stat>
<stat pass="0" fail="1" skip="0">hardware</stat>
<stat pass="0" fail="1" skip="0">los-angeles</stat>
<stat pass="0" fail="1" skip="0">normal</stat>
<stat pass="0" fail="2" skip="0">ntp</stat>
<stat pass="0" fail="1" skip="0">ntpx</stat>
<stat pass="0" fail="1" skip="0">pacific</stat>
<stat pass="0" fail="1" skip="0">reporting</stat>
<stat pass="0" fail="1" skip="0">rtc</stat>
<stat pass="0" fail="1" skip="0">server</stat>
<stat pass="0" fail="1" skip="0">service</stat>
<stat pass="0" fail="1" skip="0">ssh</stat>
<stat pass="0" fail="1" skip="0">status</stat>
<stat pass="0" fail="1" skip="0">summary</stat>
<stat pass="0" fail="1" skip="0">synchronization</stat>
<stat pass="0" fail="1" skip="0">timedatectl</stat>
<stat pass="0" fail="2" skip="0">timezone</stat>
<stat pass="0" fail="2" skip="0">validation</stat>
<stat pass="0" fail="1" skip="0">winrm</stat>
</tag>
<suite>
<stat name="Time Configuration Validation" id="s1" pass="0" fail="7" skip="0">Time Configuration Validation</stat>
</suite>
</statistics>
<errors>
</errors>
</robot>
