<?xml version="1.0" encoding="UTF-8"?>
<robot generator="Robot 7.3.2 (Python 3.12.3 on linux)" generated="2025-10-05T15:43:58.394114" rpa="false" schemaversion="5">
<suite id="s1" name="Patch Management" source="/mnt/c/Users/sacpa/Projects/robot/robotframework/tests/test18_patch_management/patch_management.robot">
<kw name="Initialize Patch Management Test Environment" owner="patch_keywords" type="SETUP">
<kw name="Log" owner="BuiltIn">
<msg time="2025-10-05T15:44:10.802960" level="INFO">🚀 Initializing Test-18: Patch Management &amp; RSA Authentication Environment...</msg>
<arg>🚀 Initializing Test-18: Patch Management &amp; RSA Authentication Environment...</arg>
<arg>console=yes</arg>
<doc>Logs the given message with the given level.</doc>
<status status="PASS" start="2025-10-05T15:44:10.800401" elapsed="0.002707"/>
</kw>
<kw name="Create Directory" owner="OperatingSystem">
<msg time="2025-10-05T15:44:10.804499" level="INFO" html="true">Directory '&lt;a href="file:///mnt/c/Users/sacpa/Projects/robot/robotframework/results/test18_patch_management/data"&gt;/mnt/c/Users/sacpa/Projects/robot/robotframework/results/test18_patch_management/data&lt;/a&gt;' already exists.</msg>
<arg>${DATA_DIR}</arg>
<doc>Creates the specified directory.</doc>
<status status="PASS" start="2025-10-05T15:44:10.803278" elapsed="0.001342"/>
</kw>
<kw name="Lookup Server Config" owner="EDSLookup">
<msg time="2025-10-05T15:44:10.845407" level="INFO">Found matching row for hostname 'alhxvdvitap01'</msg>
<msg time="2025-10-05T15:44:10.845702" level="INFO">Extracted IP from EDS: 172.30.16.186</msg>
<msg time="2025-10-05T15:44:10.845799" level="INFO">Extracted subnet from EDS: 10.26.216.0/24</msg>
<msg time="2025-10-05T15:44:10.845834" level="INFO">Extracted mask from EDS: 255.255.255.0</msg>
<msg time="2025-10-05T15:44:10.845862" level="INFO">Extracted gateway from EDS: 10.26.216.4</msg>
<msg time="2025-10-05T15:44:10.845887" level="INFO">Extracted CNAME from EDS: alhxvdvitap01</msg>
<msg time="2025-10-05T15:44:10.845912" level="INFO">Extracted domain from EDS: gnscet.com</msg>
<msg time="2025-10-05T15:44:10.845943" level="INFO">Extracted CPU cores from EDS: 8</msg>
<msg time="2025-10-05T15:44:10.845969" level="INFO">Extracted RAM from EDS: 16</msg>
<msg time="2025-10-05T15:44:10.845997" level="INFO">Extracted storage type from EDS: VSAN</msg>
<msg time="2025-10-05T15:44:10.846099" level="INFO">Extracted storage total TB from EDS: 0.465</msg>
<msg time="2025-10-05T15:44:10.846143" level="INFO">Extracted drive/volume group from EDS: rootvg:</msg>
<msg time="2025-10-05T15:44:10.846172" level="INFO">Extracted file system from EDS: /dev/mapper/rootvg-rootlv</msg>
<msg time="2025-10-05T15:44:10.846200" level="INFO">Extracted logical volume/partition from EDS: /</msg>
<msg time="2025-10-05T15:44:10.846228" level="INFO">Extracted storage allocation GB from EDS: 20</msg>
<msg time="2025-10-05T15:44:10.846255" level="INFO">Extracted recommended storage allocation GB from EDS: 20</msg>
<msg time="2025-10-05T15:44:10.846279" level="INFO">Extracted drive purpose from EDS: OS</msg>
<msg time="2025-10-05T15:44:10.846302" level="INFO">Extracted OS type from EDS: RHEL 9.6</msg>
<msg time="2025-10-05T15:44:10.846332" level="INFO">EDS configuration for alhxvdvitap01: {'ip': '172.30.16.186', 'subnet': '10.26.216.0/24', 'mask': '255.255.255.0', 'gateway': '10.26.216.4', 'cname': 'alhxvdvitap01', 'domain': 'gnscet.com', 'cpu_cores': '8', 'ram': '16', 'storage_type': 'VSAN', 'storage_total_tb': '0.465', 'drive_volume_group': 'rootvg:', 'file_system': '/dev/mapper/rootvg-rootlv', 'logical_volume_partition': '/', 'storage_allocation_gb': '20', 'recommended_storage_gb': '20', 'drive_purpose': 'OS', 'os_type': 'RHEL 9.6'}</msg>
<msg time="2025-10-05T15:44:10.846500" level="INFO">${eds_config} = {'ip': '172.30.16.186', 'subnet': '10.26.216.0/24', 'mask': '255.255.255.0', 'gateway': '10.26.216.4', 'cname': 'alhxvdvitap01', 'domain': 'gnscet.com', 'cpu_cores': '8', 'ram': '16', 'storage_type': ...</msg>
<var>${eds_config}</var>
<arg>${TARGET_HOSTNAME}</arg>
<doc>Lookup server configuration from EDS sheet based on hostname</doc>
<status status="PASS" start="2025-10-05T15:44:10.804842" elapsed="0.041687"/>
</kw>
<kw name="Set Suite Variable" owner="BuiltIn">
<msg time="2025-10-05T15:44:10.851119" level="INFO">${TARGET_IP} = 172.30.16.186</msg>
<arg>${TARGET_IP}</arg>
<arg>${eds_config['ip']}</arg>
<doc>Makes a variable available everywhere within the scope of the current suite.</doc>
<status status="PASS" start="2025-10-05T15:44:10.846883" elapsed="0.004627"/>
</kw>
<kw name="Log" owner="BuiltIn">
<msg time="2025-10-05T15:44:10.853196" level="INFO">📋 Target Server: alhxvdvitap01</msg>
<arg>📋 Target Server: ${TARGET_HOSTNAME}</arg>
<arg>console=yes</arg>
<doc>Logs the given message with the given level.</doc>
<status status="PASS" start="2025-10-05T15:44:10.852473" elapsed="0.000964"/>
</kw>
<kw name="Log" owner="BuiltIn">
<msg time="2025-10-05T15:44:10.853938" level="INFO">📋 Target IP: 172.30.16.186</msg>
<arg>📋 Target IP: ${TARGET_IP}</arg>
<arg>console=yes</arg>
<doc>Logs the given message with the given level.</doc>
<status status="PASS" start="2025-10-05T15:44:10.853632" elapsed="0.000407"/>
</kw>
<kw name="Log" owner="BuiltIn">
<msg time="2025-10-05T15:44:10.854336" level="INFO">🔗 Connecting to target server: 172.30.16.186...</msg>
<arg>🔗 Connecting to target server: ${TARGET_IP}...</arg>
<arg>console=yes</arg>
<doc>Logs the given message with the given level.</doc>
<status status="PASS" start="2025-10-05T15:44:10.854171" elapsed="0.000257"/>
</kw>
<kw name="Open Connection" owner="SSHLibrary">
<arg>${TARGET_IP}</arg>
<doc>Opens a new SSH connection to the given ``host`` and ``port``.</doc>
<status status="PASS" start="2025-10-05T15:44:10.854551" elapsed="0.000230"/>
</kw>
<kw name="Login" owner="SSHLibrary">
<msg time="2025-10-05T15:44:10.855052" level="INFO">Logging into '172.30.16.186:22' as 'sac'.</msg>
<msg time="2025-10-05T15:44:12.738336" level="INFO">Read output: Welcome to Ubuntu 24.04.3 LTS (GNU/Linux 6.6.87.2-microsoft-standard-WSL2 x86_64)

 * Documentation:  https://help.ubuntu.com
 * Management:     https://landscape.canonical.com
 * Support:        https://ubuntu.com/pro

 System information as of Sun Oct  5 15:44:11 CDT 2025

  System load:  0.79                Processes:             40
  Usage of /:   0.7% of 1006.85GB   Users logged in:       1
  Memory usage: 6%                  IPv4 address for eth0: 172.30.16.186
  Swap usage:   0%

 * Strictly confined Kubernetes makes edge and IoT secure. Learn how MicroK8s
   just raised the bar for easy, resilient and secure K8s cluster deployment.

   https://ubuntu.com/engage/secure-kubernetes-at-the-edge
Last login: Sun Oct  5 15:43:33 2025 from 172.30.16.186
[?2004hsac@alhxvdvitap01:~$</msg>
<arg>${SSH_USERNAME}</arg>
<arg>${SSH_PASSWORD}</arg>
<doc>Logs into the SSH server with the given ``username`` and ``password``.</doc>
<status status="PASS" start="2025-10-05T15:44:10.854877" elapsed="1.883907"/>
</kw>
<kw name="Log" owner="BuiltIn">
<msg time="2025-10-05T15:44:12.740303" level="INFO">✅ SSH connection established successfully</msg>
<arg>✅ SSH connection established successfully</arg>
<arg>console=yes</arg>
<doc>Logs the given message with the given level.</doc>
<status status="PASS" start="2025-10-05T15:44:12.739608" elapsed="0.001154"/>
</kw>
<kw name="Log" owner="BuiltIn">
<msg time="2025-10-05T15:44:12.742371" level="INFO">✅ Test-18 environment initialized</msg>
<arg>✅ Test-18 environment initialized</arg>
<arg>console=yes</arg>
<doc>Logs the given message with the given level.</doc>
<status status="PASS" start="2025-10-05T15:44:12.741425" elapsed="0.001418"/>
</kw>
<doc>🏗️ Set up test environment for patch management and RSA validation</doc>
<status status="PASS" start="2025-10-05T15:44:10.799191" elapsed="1.943901"/>
</kw>
<test id="s1-t1" name="Critical - Connect to Target Server" line="20">
<kw name="Log Test Start" owner="patch_keywords" type="SETUP">
<kw name="Log" owner="BuiltIn">
<msg time="2025-10-05T15:44:12.746940" level="INFO">
================================================================================</msg>
<arg>\n================================================================================</arg>
<arg>console=yes</arg>
<doc>Logs the given message with the given level.</doc>
<status status="PASS" start="2025-10-05T15:44:12.746534" elapsed="0.002895"/>
</kw>
<kw name="Log" owner="BuiltIn">
<msg time="2025-10-05T15:44:12.750714" level="INFO">🏁 Starting Test: Critical - Connect to Target Server</msg>
<arg>🏁 Starting Test: ${test_name}</arg>
<arg>console=yes</arg>
<doc>Logs the given message with the given level.</doc>
<status status="PASS" start="2025-10-05T15:44:12.750298" elapsed="0.000809"/>
</kw>
<kw name="Log" owner="BuiltIn">
<msg time="2025-10-05T15:44:12.752838" level="INFO">================================================================================</msg>
<arg>================================================================================</arg>
<arg>console=yes</arg>
<doc>Logs the given message with the given level.</doc>
<status status="PASS" start="2025-10-05T15:44:12.751405" elapsed="0.001631"/>
</kw>
<arg>${TEST_NAME}</arg>
<doc>📝 Log the start of a test case</doc>
<status status="PASS" start="2025-10-05T15:44:12.745382" elapsed="0.007970"/>
</kw>
<kw name="Log" owner="BuiltIn">
<msg time="2025-10-05T15:44:12.753941" level="INFO">🔍 Verifying SSH connection to target server...</msg>
<arg>🔍 Verifying SSH connection to target server...</arg>
<arg>console=yes</arg>
<doc>Logs the given message with the given level.</doc>
<status status="PASS" start="2025-10-05T15:44:12.753675" elapsed="0.000448"/>
</kw>
<kw name="Log" owner="BuiltIn">
<msg time="2025-10-05T15:44:12.754771" level="INFO">📋 Target: alhxvdvitap01 (172.30.16.186)</msg>
<arg>📋 Target: ${TARGET_HOSTNAME} (${TARGET_IP})</arg>
<arg>console=yes</arg>
<doc>Logs the given message with the given level.</doc>
<status status="PASS" start="2025-10-05T15:44:12.754423" elapsed="0.000528"/>
</kw>
<kw name="Execute Command" owner="patch_keywords">
<kw name="Execute Command" owner="SSHLibrary">
<msg time="2025-10-05T15:44:12.756985" level="INFO">Executing command 'echo "Connection active"'.</msg>
<msg time="2025-10-05T15:44:12.770803" level="INFO">Command exited with return code 0.</msg>
<msg time="2025-10-05T15:44:12.771120" level="INFO">${output} = Connection active</msg>
<var>${output}</var>
<arg>${command}</arg>
<doc>Executes ``command`` on the remote machine and returns its outputs.</doc>
<status status="PASS" start="2025-10-05T15:44:12.756570" elapsed="0.014589"/>
</kw>
<return>
<value>${output}</value>
<status status="PASS" start="2025-10-05T15:44:12.771269" elapsed="0.000089"/>
</return>
<msg time="2025-10-05T15:44:12.771571" level="INFO">${connection_status} = Connection active</msg>
<var>${connection_status}</var>
<arg>echo "Connection active"</arg>
<doc>🔧 Execute a command on the remote server via SSH</doc>
<status status="PASS" start="2025-10-05T15:44:12.755769" elapsed="0.015850"/>
</kw>
<kw name="Should Contain" owner="BuiltIn">
<arg>${connection_status}</arg>
<arg>Connection active</arg>
<doc>Fails if ``container`` does not contain ``item`` one or more times.</doc>
<status status="PASS" start="2025-10-05T15:44:12.771863" elapsed="0.000253"/>
</kw>
<kw name="Log" owner="BuiltIn">
<msg time="2025-10-05T15:44:12.772409" level="INFO">✅ SSH connection verified and active</msg>
<arg>✅ SSH connection verified and active</arg>
<arg>console=yes</arg>
<doc>Logs the given message with the given level.</doc>
<status status="PASS" start="2025-10-05T15:44:12.772264" elapsed="0.000274"/>
</kw>
<kw name="Log Test End" owner="patch_keywords" type="TEARDOWN">
<kw name="Log" owner="BuiltIn">
<msg time="2025-10-05T15:44:12.773351" level="INFO">================================================================================</msg>
<arg>================================================================================</arg>
<arg>console=yes</arg>
<doc>Logs the given message with the given level.</doc>
<status status="PASS" start="2025-10-05T15:44:12.773218" elapsed="0.000233"/>
</kw>
<kw name="Log" owner="BuiltIn">
<msg time="2025-10-05T15:44:12.773969" level="INFO">🏁 Completed Test: Critical - Connect to Target Server | Status: PASS</msg>
<arg>🏁 Completed Test: ${test_name} | Status: ${status}</arg>
<arg>console=yes</arg>
<doc>Logs the given message with the given level.</doc>
<status status="PASS" start="2025-10-05T15:44:12.773612" elapsed="0.000485"/>
</kw>
<kw name="Log" owner="BuiltIn">
<msg time="2025-10-05T15:44:12.774407" level="INFO">================================================================================
</msg>
<arg>================================================================================\n</arg>
<arg>console=yes</arg>
<doc>Logs the given message with the given level.</doc>
<status status="PASS" start="2025-10-05T15:44:12.774265" elapsed="0.000243"/>
</kw>
<arg>${TEST_NAME}</arg>
<arg>${TEST_STATUS}</arg>
<doc>📝 Log the end of a test case with status</doc>
<status status="PASS" start="2025-10-05T15:44:12.772871" elapsed="0.001718"/>
</kw>
<doc>🔗 Establish direct connection to target machine via SSH</doc>
<tag>connection</tag>
<tag>critical</tag>
<tag>infrastructure</tag>
<tag>ssh</tag>
<status status="PASS" start="2025-10-05T15:44:12.743343" elapsed="0.031291"/>
</test>
<test id="s1-t2" name="Critical - Check RSA Agent Installation" line="33">
<kw name="Log Test Start" owner="patch_keywords" type="SETUP">
<kw name="Log" owner="BuiltIn">
<msg time="2025-10-05T15:44:12.776396" level="INFO">
================================================================================</msg>
<arg>\n================================================================================</arg>
<arg>console=yes</arg>
<doc>Logs the given message with the given level.</doc>
<status status="PASS" start="2025-10-05T15:44:12.776183" elapsed="0.000342"/>
</kw>
<kw name="Log" owner="BuiltIn">
<msg time="2025-10-05T15:44:12.776821" level="INFO">🏁 Starting Test: Critical - Check RSA Agent Installation</msg>
<arg>🏁 Starting Test: ${test_name}</arg>
<arg>console=yes</arg>
<doc>Logs the given message with the given level.</doc>
<status status="PASS" start="2025-10-05T15:44:12.776661" elapsed="0.000264"/>
</kw>
<kw name="Log" owner="BuiltIn">
<msg time="2025-10-05T15:44:12.777198" level="INFO">================================================================================</msg>
<arg>================================================================================</arg>
<arg>console=yes</arg>
<doc>Logs the given message with the given level.</doc>
<status status="PASS" start="2025-10-05T15:44:12.777054" elapsed="0.000240"/>
</kw>
<arg>${TEST_NAME}</arg>
<doc>📝 Log the start of a test case</doc>
<status status="PASS" start="2025-10-05T15:44:12.775628" elapsed="0.001747"/>
</kw>
<kw name="Log" owner="BuiltIn">
<msg time="2025-10-05T15:44:12.777708" level="INFO">🔍 Checking RSA SecurID agent installation...</msg>
<arg>🔍 Checking RSA SecurID agent installation...</arg>
<arg>console=yes</arg>
<doc>Logs the given message with the given level.</doc>
<status status="PASS" start="2025-10-05T15:44:12.777590" elapsed="0.000254"/>
</kw>
<kw name="Check RSA Agent Installation" owner="patch_keywords">
<kw name="Log" owner="BuiltIn">
<msg time="2025-10-05T15:44:12.778443" level="INFO">🔐 Checking RSA SecurID agent installation...</msg>
<arg>🔐 Checking RSA SecurID agent installation...</arg>
<arg>console=yes</arg>
<doc>Logs the given message with the given level.</doc>
<status status="PASS" start="2025-10-05T15:44:12.778335" elapsed="0.000198"/>
</kw>
<kw name="Execute Command" owner="patch_keywords">
<kw name="Execute Command" owner="SSHLibrary">
<msg time="2025-10-05T15:44:12.779099" level="INFO">Executing command 'rpm -qa | grep -i rsa 2&gt;/dev/null || dpkg -l | grep -i rsa 2&gt;/dev/null || echo "No RSA packages found"'.</msg>
<msg time="2025-10-05T15:44:12.869295" level="INFO">Command exited with return code 0.</msg>
<msg time="2025-10-05T15:44:12.869625" level="INFO">${output} = ii  libuchardet0:amd64                               0.0.8-1build1                             amd64        universal charset detection library - shared library
ii  libuuid1:amd64                     ...</msg>
<var>${output}</var>
<arg>${command}</arg>
<doc>Executes ``command`` on the remote machine and returns its outputs.</doc>
<status status="PASS" start="2025-10-05T15:44:12.778961" elapsed="0.091768"/>
</kw>
<return>
<value>${output}</value>
<status status="PASS" start="2025-10-05T15:44:12.870912" elapsed="0.000112"/>
</return>
<msg time="2025-10-05T15:44:12.871240" level="INFO">${rsa_package} = ii  libuchardet0:amd64                               0.0.8-1build1                             amd64        universal charset detection library - shared library
ii  libuuid1:amd64                     ...</msg>
<var>${rsa_package}</var>
<arg>rpm -qa | grep -i rsa 2&gt;/dev/null || dpkg -l | grep -i rsa 2&gt;/dev/null || echo "No RSA packages found"</arg>
<doc>🔧 Execute a command on the remote server via SSH</doc>
<status status="PASS" start="2025-10-05T15:44:12.778736" elapsed="0.092581"/>
</kw>
<kw name="Execute Command" owner="patch_keywords">
<kw name="Execute Command" owner="SSHLibrary">
<msg time="2025-10-05T15:44:12.872099" level="INFO">Executing command 'which rsaagent 2&gt;/dev/null || which rsaauth 2&gt;/dev/null || echo "RSA agent binary not found in PATH"'.</msg>
<msg time="2025-10-05T15:44:12.936214" level="INFO">Command exited with return code 0.</msg>
<msg time="2025-10-05T15:44:12.936473" level="INFO">${output} = RSA agent binary not found in PATH</msg>
<var>${output}</var>
<arg>${command}</arg>
<doc>Executes ``command`` on the remote machine and returns its outputs.</doc>
<status status="PASS" start="2025-10-05T15:44:12.871960" elapsed="0.064548"/>
</kw>
<return>
<value>${output}</value>
<status status="PASS" start="2025-10-05T15:44:12.936609" elapsed="0.000061"/>
</return>
<msg time="2025-10-05T15:44:12.936854" level="INFO">${rsa_agent_bin} = RSA agent binary not found in PATH</msg>
<var>${rsa_agent_bin}</var>
<arg>which rsaagent 2&gt;/dev/null || which rsaauth 2&gt;/dev/null || echo "RSA agent binary not found in PATH"</arg>
<doc>🔧 Execute a command on the remote server via SSH</doc>
<status status="PASS" start="2025-10-05T15:44:12.871614" elapsed="0.065272"/>
</kw>
<kw name="Execute Command" owner="patch_keywords">
<kw name="Execute Command" owner="SSHLibrary">
<msg time="2025-10-05T15:44:12.939093" level="INFO">Executing command 'ls -la /opt/rsa* 2&gt;/dev/null || ls -la /usr/local/rsa* 2&gt;/dev/null || echo "No RSA installation directories found"'.</msg>
<msg time="2025-10-05T15:44:12.994778" level="INFO">Command exited with return code 0.</msg>
<msg time="2025-10-05T15:44:12.995108" level="INFO">${output} = No RSA installation directories found</msg>
<var>${output}</var>
<arg>${command}</arg>
<doc>Executes ``command`` on the remote machine and returns its outputs.</doc>
<status status="PASS" start="2025-10-05T15:44:12.938829" elapsed="0.056323"/>
</kw>
<return>
<value>${output}</value>
<status status="PASS" start="2025-10-05T15:44:12.995271" elapsed="0.000090"/>
</return>
<msg time="2025-10-05T15:44:12.995654" level="INFO">${rsa_installation} = No RSA installation directories found</msg>
<var>${rsa_installation}</var>
<arg>ls -la /opt/rsa* 2&gt;/dev/null || ls -la /usr/local/rsa* 2&gt;/dev/null || echo "No RSA installation directories found"</arg>
<doc>🔧 Execute a command on the remote server via SSH</doc>
<status status="PASS" start="2025-10-05T15:44:12.937873" elapsed="0.057819"/>
</kw>
<kw name="Execute Command" owner="patch_keywords">
<kw name="Execute Command" owner="SSHLibrary">
<msg time="2025-10-05T15:44:12.996864" level="INFO">Executing command 'ls -la /opt/pam_client* 2&gt;/dev/null || ls -la /var/ace* 2&gt;/dev/null || echo "No ACE client found"'.</msg>
<msg time="2025-10-05T15:44:13.046114" level="INFO">Command exited with return code 0.</msg>
<msg time="2025-10-05T15:44:13.046357" level="INFO">${output} = No ACE client found</msg>
<var>${output}</var>
<arg>${command}</arg>
<doc>Executes ``command`` on the remote machine and returns its outputs.</doc>
<status status="PASS" start="2025-10-05T15:44:12.996630" elapsed="0.049764"/>
</kw>
<return>
<value>${output}</value>
<status status="PASS" start="2025-10-05T15:44:13.046510" elapsed="0.000057"/>
</return>
<msg time="2025-10-05T15:44:13.046722" level="INFO">${ace_client} = No ACE client found</msg>
<var>${ace_client}</var>
<arg>ls -la /opt/pam_client* 2&gt;/dev/null || ls -la /var/ace* 2&gt;/dev/null || echo "No ACE client found"</arg>
<doc>🔧 Execute a command on the remote server via SSH</doc>
<status status="PASS" start="2025-10-05T15:44:12.996103" elapsed="0.050642"/>
</kw>
<kw name="Catenate" owner="BuiltIn">
<msg time="2025-10-05T15:44:13.047236" level="INFO">${agent_status} = === RSA Packages ===
ii  libuchardet0:amd64                               0.0.8-1build1                             amd64        universal charset detection library - shared library
ii  libuuid1:amd64...</msg>
<var>${agent_status}</var>
<arg>SEPARATOR=\n</arg>
<arg>=== RSA Packages ===</arg>
<arg>${rsa_package}</arg>
<arg>=== RSA Agent Binary ===</arg>
<arg>${rsa_agent_bin}</arg>
<arg>=== RSA Installation Directory ===</arg>
<arg>${rsa_installation}</arg>
<arg>=== ACE Client ===</arg>
<arg>${ace_client}</arg>
<doc>Catenates the given items together and returns the resulted string.</doc>
<status status="PASS" start="2025-10-05T15:44:13.046914" elapsed="0.000349"/>
</kw>
<kw name="Set Suite Variable" owner="BuiltIn">
<msg time="2025-10-05T15:44:13.047733" level="INFO">${RSA_AGENT_STATUS} = === RSA Packages ===
ii  libuchardet0:amd64                               0.0.8-1build1                             amd64        universal charset detection library - shared library
ii  libuuid1:amd64...</msg>
<arg>${RSA_AGENT_STATUS}</arg>
<arg>${agent_status}</arg>
<doc>Makes a variable available everywhere within the scope of the current suite.</doc>
<status status="PASS" start="2025-10-05T15:44:13.047408" elapsed="0.000371"/>
</kw>
<kw name="Log" owner="BuiltIn">
<msg time="2025-10-05T15:44:13.048025" level="INFO">🔐 RSA Agent Installation Status collected</msg>
<arg>🔐 RSA Agent Installation Status collected</arg>
<arg>console=yes</arg>
<doc>Logs the given message with the given level.</doc>
<status status="PASS" start="2025-10-05T15:44:13.047891" elapsed="0.000253"/>
</kw>
<return>
<value>${agent_status}</value>
<status status="PASS" start="2025-10-05T15:44:13.048210" elapsed="0.000045"/>
</return>
<msg time="2025-10-05T15:44:13.048382" level="INFO">${agent_status} = === RSA Packages ===
ii  libuchardet0:amd64                               0.0.8-1build1                             amd64        universal charset detection library - shared library
ii  libuuid1:amd64...</msg>
<var>${agent_status}</var>
<doc>🔐 Check if RSA SecurID agent is installed</doc>
<status status="PASS" start="2025-10-05T15:44:12.778099" elapsed="0.270305"/>
</kw>
<kw name="Save RSA Agent Status to File" owner="patch_keywords">
<kw name="Get Current Date" owner="DateTime">
<msg time="2025-10-05T15:44:13.049113" level="INFO">${timestamp} = 20251005_154413</msg>
<var>${timestamp}</var>
<arg>result_format=%Y%m%d_%H%M%S</arg>
<doc>Returns current local or UTC time with an optional increment.</doc>
<status status="PASS" start="2025-10-05T15:44:13.048906" elapsed="0.000233"/>
</kw>
<kw name="Set Variable" owner="BuiltIn">
<msg time="2025-10-05T15:44:13.049391" level="INFO">${agent_file} = results/test18_patch_management/data/rsa_agent_status_20251005_154413.txt</msg>
<var>${agent_file}</var>
<arg>${DATA_DIR}/rsa_agent_status_${timestamp}.txt</arg>
<doc>Returns the given values which can then be assigned to a variables.</doc>
<status status="PASS" start="2025-10-05T15:44:13.049237" elapsed="0.000195"/>
</kw>
<kw name="Catenate" owner="BuiltIn">
<msg time="2025-10-05T15:44:13.049971" level="INFO">${report} = =========================================
=== RSA Agent Installation Status ===
=========================================
Timestamp: 20251005_154413
Target Server: alhxvdvitap01 (172.30.16.186)

=== R...</msg>
<var>${report}</var>
<arg>SEPARATOR=\n</arg>
<arg>=========================================</arg>
<arg>=== RSA Agent Installation Status ===</arg>
<arg>=========================================</arg>
<arg>Timestamp: ${timestamp}</arg>
<arg>Target Server: ${TARGET_HOSTNAME} (${TARGET_IP})</arg>
<arg>${agent_status}</arg>
<arg>=========================================</arg>
<doc>Catenates the given items together and returns the resulted string.</doc>
<status status="PASS" start="2025-10-05T15:44:13.049571" elapsed="0.000962"/>
</kw>
<kw name="Create File" owner="OperatingSystem">
<msg time="2025-10-05T15:44:13.057676" level="INFO" html="true">Created file '&lt;a href="file:///mnt/c/Users/sacpa/Projects/robot/robotframework/results/test18_patch_management/data/rsa_agent_status_20251005_154413.txt"&gt;/mnt/c/Users/sacpa/Projects/robot/robotframework/results/test18_patch_management/data/rsa_agent_status_20251005_154413.txt&lt;/a&gt;'.</msg>
<arg>${agent_file}</arg>
<arg>${report}</arg>
<doc>Creates a file with the given content and encoding.</doc>
<status status="PASS" start="2025-10-05T15:44:13.050676" elapsed="0.007237"/>
</kw>
<kw name="Log" owner="BuiltIn">
<msg time="2025-10-05T15:44:13.058916" level="INFO">📄 RSA agent status saved to: results/test18_patch_management/data/rsa_agent_status_20251005_154413.txt</msg>
<arg>📄 RSA agent status saved to: ${agent_file}</arg>
<arg>console=yes</arg>
<doc>Logs the given message with the given level.</doc>
<status status="PASS" start="2025-10-05T15:44:13.058522" elapsed="0.000575"/>
</kw>
<return>
<value>${agent_file}</value>
<status status="PASS" start="2025-10-05T15:44:13.059199" elapsed="0.000070"/>
</return>
<msg time="2025-10-05T15:44:13.059445" level="INFO">${agent_file} = results/test18_patch_management/data/rsa_agent_status_20251005_154413.txt</msg>
<var>${agent_file}</var>
<arg>${agent_status}</arg>
<doc>💾 Save RSA agent installation status to file</doc>
<status status="PASS" start="2025-10-05T15:44:13.048609" elapsed="0.010864"/>
</kw>
<kw name="Log" owner="BuiltIn">
<msg time="2025-10-05T15:44:13.059844" level="INFO">📄 RSA agent status saved to: results/test18_patch_management/data/rsa_agent_status_20251005_154413.txt</msg>
<arg>📄 RSA agent status saved to: ${agent_file}</arg>
<arg>console=yes</arg>
<doc>Logs the given message with the given level.</doc>
<status status="PASS" start="2025-10-05T15:44:13.059621" elapsed="0.000336"/>
</kw>
<kw name="Log" owner="BuiltIn">
<msg time="2025-10-05T15:44:13.060319" level="INFO">✅ RSA agent installation check completed</msg>
<arg>✅ RSA agent installation check completed</arg>
<arg>console=yes</arg>
<doc>Logs the given message with the given level.</doc>
<status status="PASS" start="2025-10-05T15:44:13.060142" elapsed="0.000289"/>
</kw>
<kw name="Log Test End" owner="patch_keywords" type="TEARDOWN">
<kw name="Log" owner="BuiltIn">
<msg time="2025-10-05T15:44:13.061367" level="INFO">================================================================================</msg>
<arg>================================================================================</arg>
<arg>console=yes</arg>
<doc>Logs the given message with the given level.</doc>
<status status="PASS" start="2025-10-05T15:44:13.061196" elapsed="0.000355"/>
</kw>
<kw name="Log" owner="BuiltIn">
<msg time="2025-10-05T15:44:13.062021" level="INFO">🏁 Completed Test: Critical - Check RSA Agent Installation | Status: PASS</msg>
<arg>🏁 Completed Test: ${test_name} | Status: ${status}</arg>
<arg>console=yes</arg>
<doc>Logs the given message with the given level.</doc>
<status status="PASS" start="2025-10-05T15:44:13.061714" elapsed="0.000412"/>
</kw>
<kw name="Log" owner="BuiltIn">
<msg time="2025-10-05T15:44:13.062464" level="INFO">================================================================================
</msg>
<arg>================================================================================\n</arg>
<arg>console=yes</arg>
<doc>Logs the given message with the given level.</doc>
<status status="PASS" start="2025-10-05T15:44:13.062282" elapsed="0.000305"/>
</kw>
<arg>${TEST_NAME}</arg>
<arg>${TEST_STATUS}</arg>
<doc>📝 Log the end of a test case with status</doc>
<status status="PASS" start="2025-10-05T15:44:13.060744" elapsed="0.001938"/>
</kw>
<doc>🔐 Verify RSA SecurID agent is installed on the system</doc>
<tag>agent</tag>
<tag>critical</tag>
<tag>installation</tag>
<tag>rsa</tag>
<status status="PASS" start="2025-10-05T15:44:12.774945" elapsed="0.287810"/>
</test>
<test id="s1-t3" name="Critical - Validate RSA Configuration Files" line="48">
<kw name="Log Test Start" owner="patch_keywords" type="SETUP">
<kw name="Log" owner="BuiltIn">
<msg time="2025-10-05T15:44:13.064956" level="INFO">
================================================================================</msg>
<arg>\n================================================================================</arg>
<arg>console=yes</arg>
<doc>Logs the given message with the given level.</doc>
<status status="PASS" start="2025-10-05T15:44:13.064728" elapsed="0.000339"/>
</kw>
<kw name="Log" owner="BuiltIn">
<msg time="2025-10-05T15:44:13.066611" level="INFO">🏁 Starting Test: Critical - Validate RSA Configuration Files</msg>
<arg>🏁 Starting Test: ${test_name}</arg>
<arg>console=yes</arg>
<doc>Logs the given message with the given level.</doc>
<status status="PASS" start="2025-10-05T15:44:13.066351" elapsed="0.000427"/>
</kw>
<kw name="Log" owner="BuiltIn">
<msg time="2025-10-05T15:44:13.067083" level="INFO">================================================================================</msg>
<arg>================================================================================</arg>
<arg>console=yes</arg>
<doc>Logs the given message with the given level.</doc>
<status status="PASS" start="2025-10-05T15:44:13.066940" elapsed="0.000232"/>
</kw>
<arg>${TEST_NAME}</arg>
<doc>📝 Log the start of a test case</doc>
<status status="PASS" start="2025-10-05T15:44:13.064141" elapsed="0.003106"/>
</kw>
<kw name="Log" owner="BuiltIn">
<msg time="2025-10-05T15:44:13.067457" level="INFO">🔍 Validating RSA configuration files...</msg>
<arg>🔍 Validating RSA configuration files...</arg>
<arg>console=yes</arg>
<doc>Logs the given message with the given level.</doc>
<status status="PASS" start="2025-10-05T15:44:13.067352" elapsed="0.000194"/>
</kw>
<kw name="Collect RSA Configuration Files" owner="patch_keywords">
<kw name="Log" owner="BuiltIn">
<msg time="2025-10-05T15:44:13.068116" level="INFO">📄 Collecting RSA configuration files...</msg>
<arg>📄 Collecting RSA configuration files...</arg>
<arg>console=yes</arg>
<doc>Logs the given message with the given level.</doc>
<status status="PASS" start="2025-10-05T15:44:13.068005" elapsed="0.000209"/>
</kw>
<kw name="Execute Command" owner="patch_keywords">
<kw name="Execute Command" owner="SSHLibrary">
<msg time="2025-10-05T15:44:13.069026" level="INFO">Executing command 'cat /var/ace/sdconf.rec 2&gt;/dev/null || echo "No /var/ace/sdconf.rec"'.</msg>
<msg time="2025-10-05T15:44:13.098884" level="INFO">Command exited with return code 0.</msg>
<msg time="2025-10-05T15:44:13.099128" level="INFO">${output} = No /var/ace/sdconf.rec</msg>
<var>${output}</var>
<arg>${command}</arg>
<doc>Executes ``command`` on the remote machine and returns its outputs.</doc>
<status status="PASS" start="2025-10-05T15:44:13.068601" elapsed="0.030566"/>
</kw>
<return>
<value>${output}</value>
<status status="PASS" start="2025-10-05T15:44:13.099264" elapsed="0.000133"/>
</return>
<msg time="2025-10-05T15:44:13.099636" level="INFO">${sdconf} = No /var/ace/sdconf.rec</msg>
<var>${sdconf}</var>
<arg>cat /var/ace/sdconf.rec 2&gt;/dev/null || echo "No /var/ace/sdconf.rec"</arg>
<doc>🔧 Execute a command on the remote server via SSH</doc>
<status status="PASS" start="2025-10-05T15:44:13.068383" elapsed="0.031288"/>
</kw>
<kw name="Execute Command" owner="patch_keywords">
<kw name="Execute Command" owner="SSHLibrary">
<msg time="2025-10-05T15:44:13.103212" level="INFO">Executing command 'cat /var/ace/sdopts.rec 2&gt;/dev/null || echo "No /var/ace/sdopts.rec"'.</msg>
<msg time="2025-10-05T15:44:13.146797" level="INFO">Command exited with return code 0.</msg>
<msg time="2025-10-05T15:44:13.147140" level="INFO">${output} = No /var/ace/sdopts.rec</msg>
<var>${output}</var>
<arg>${command}</arg>
<doc>Executes ``command`` on the remote machine and returns its outputs.</doc>
<status status="PASS" start="2025-10-05T15:44:13.100422" elapsed="0.046766"/>
</kw>
<return>
<value>${output}</value>
<status status="PASS" start="2025-10-05T15:44:13.147312" elapsed="0.000086"/>
</return>
<msg time="2025-10-05T15:44:13.147817" level="INFO">${sdopts} = No /var/ace/sdopts.rec</msg>
<var>${sdopts}</var>
<arg>cat /var/ace/sdopts.rec 2&gt;/dev/null || echo "No /var/ace/sdopts.rec"</arg>
<doc>🔧 Execute a command on the remote server via SSH</doc>
<status status="PASS" start="2025-10-05T15:44:13.100004" elapsed="0.047878"/>
</kw>
<kw name="Execute Command" owner="patch_keywords">
<kw name="Execute Command" owner="SSHLibrary">
<msg time="2025-10-05T15:44:13.149267" level="INFO">Executing command 'cat /etc/pam.d/rsa 2&gt;/dev/null || grep -r rsa /etc/pam.d/ 2&gt;/dev/null || echo "No PAM RSA configuration"'.</msg>
<msg time="2025-10-05T15:44:13.219775" level="INFO">Command exited with return code 0.</msg>
<msg time="2025-10-05T15:44:13.220096" level="INFO">${output} = No PAM RSA configuration</msg>
<var>${output}</var>
<arg>${command}</arg>
<doc>Executes ``command`` on the remote machine and returns its outputs.</doc>
<status status="PASS" start="2025-10-05T15:44:13.149006" elapsed="0.071136"/>
</kw>
<return>
<value>${output}</value>
<status status="PASS" start="2025-10-05T15:44:13.220260" elapsed="0.000179"/>
</return>
<msg time="2025-10-05T15:44:13.220781" level="INFO">${pam_rsa} = No PAM RSA configuration</msg>
<var>${pam_rsa}</var>
<arg>cat /etc/pam.d/rsa 2&gt;/dev/null || grep -r rsa /etc/pam.d/ 2&gt;/dev/null || echo "No PAM RSA configuration"</arg>
<doc>🔧 Execute a command on the remote server via SSH</doc>
<status status="PASS" start="2025-10-05T15:44:13.148396" elapsed="0.072432"/>
</kw>
<kw name="Execute Command" owner="patch_keywords">
<kw name="Execute Command" owner="SSHLibrary">
<msg time="2025-10-05T15:44:13.222264" level="INFO">Executing command 'ls -la /var/ace/ 2&gt;/dev/null || echo "No /var/ace/ directory"'.</msg>
<msg time="2025-10-05T15:44:13.272160" level="INFO">Command exited with return code 0.</msg>
<msg time="2025-10-05T15:44:13.272468" level="INFO">${output} = No /var/ace/ directory</msg>
<var>${output}</var>
<arg>${command}</arg>
<doc>Executes ``command`` on the remote machine and returns its outputs.</doc>
<status status="PASS" start="2025-10-05T15:44:13.222000" elapsed="0.050514"/>
</kw>
<return>
<value>${output}</value>
<status status="PASS" start="2025-10-05T15:44:13.272702" elapsed="0.000113"/>
</return>
<msg time="2025-10-05T15:44:13.273083" level="INFO">${ace_data} = No /var/ace/ directory</msg>
<var>${ace_data}</var>
<arg>ls -la /var/ace/ 2&gt;/dev/null || echo "No /var/ace/ directory"</arg>
<doc>🔧 Execute a command on the remote server via SSH</doc>
<status status="PASS" start="2025-10-05T15:44:13.221280" elapsed="0.052328"/>
</kw>
<kw name="Execute Command" owner="patch_keywords">
<kw name="Execute Command" owner="SSHLibrary">
<msg time="2025-10-05T15:44:13.275564" level="INFO">Executing command 'ls -la /opt/rsa/*/config/ 2&gt;/dev/null || echo "No RSA config directory"'.</msg>
<msg time="2025-10-05T15:44:13.338664" level="INFO">Command exited with return code 0.</msg>
<msg time="2025-10-05T15:44:13.338961" level="INFO">${output} = No RSA config directory</msg>
<var>${output}</var>
<arg>${command}</arg>
<doc>Executes ``command`` on the remote machine and returns its outputs.</doc>
<status status="PASS" start="2025-10-05T15:44:13.275185" elapsed="0.063822"/>
</kw>
<return>
<value>${output}</value>
<status status="PASS" start="2025-10-05T15:44:13.339133" elapsed="0.000080"/>
</return>
<msg time="2025-10-05T15:44:13.339530" level="INFO">${rsa_config_dir} = No RSA config directory</msg>
<var>${rsa_config_dir}</var>
<arg>ls -la /opt/rsa/*/config/ 2&gt;/dev/null || echo "No RSA config directory"</arg>
<doc>🔧 Execute a command on the remote server via SSH</doc>
<status status="PASS" start="2025-10-05T15:44:13.274353" elapsed="0.065243"/>
</kw>
<kw name="Catenate" owner="BuiltIn">
<msg time="2025-10-05T15:44:13.340646" level="INFO">${config_files} = === /var/ace/sdconf.rec ===
No /var/ace/sdconf.rec

=== /var/ace/sdopts.rec ===
No /var/ace/sdopts.rec

=== PAM RSA Configuration ===
No PAM RSA configuration

=== /var/ace/ Directory ===
No /var/ace/...</msg>
<var>${config_files}</var>
<arg>SEPARATOR=\n</arg>
<arg>=== /var/ace/sdconf.rec ===</arg>
<arg>${sdconf}</arg>
<arg>=== /var/ace/sdopts.rec ===</arg>
<arg>${sdopts}</arg>
<arg>=== PAM RSA Configuration ===</arg>
<arg>${pam_rsa}</arg>
<arg>=== /var/ace/ Directory ===</arg>
<arg>${ace_data}</arg>
<arg>=== RSA Config Directory ===</arg>
<arg>${rsa_config_dir}</arg>
<doc>Catenates the given items together and returns the resulted string.</doc>
<status status="PASS" start="2025-10-05T15:44:13.339909" elapsed="0.000799"/>
</kw>
<kw name="Set Suite Variable" owner="BuiltIn">
<msg time="2025-10-05T15:44:13.342448" level="INFO">${RSA_CONFIG_FILES} = === /var/ace/sdconf.rec ===
No /var/ace/sdconf.rec

=== /var/ace/sdopts.rec ===
No /var/ace/sdopts.rec

=== PAM RSA Configuration ===
No PAM RSA configuration

=== /var/ace/ Directory ===
No /var/ace/...</msg>
<arg>${RSA_CONFIG_FILES}</arg>
<arg>${config_files}</arg>
<doc>Makes a variable available everywhere within the scope of the current suite.</doc>
<status status="PASS" start="2025-10-05T15:44:13.341535" elapsed="0.001036"/>
</kw>
<kw name="Log" owner="BuiltIn">
<msg time="2025-10-05T15:44:13.343233" level="INFO">📄 RSA configuration files collected</msg>
<arg>📄 RSA configuration files collected</arg>
<arg>console=yes</arg>
<doc>Logs the given message with the given level.</doc>
<status status="PASS" start="2025-10-05T15:44:13.342874" elapsed="0.000637"/>
</kw>
<return>
<value>${config_files}</value>
<status status="PASS" start="2025-10-05T15:44:13.343658" elapsed="0.000141"/>
</return>
<msg time="2025-10-05T15:44:13.344185" level="INFO">${config_status} = === /var/ace/sdconf.rec ===
No /var/ace/sdconf.rec

=== /var/ace/sdopts.rec ===
No /var/ace/sdopts.rec

=== PAM RSA Configuration ===
No PAM RSA configuration

=== /var/ace/ Directory ===
No /var/ace/...</msg>
<var>${config_status}</var>
<doc>📄 Collect RSA configuration files from common locations</doc>
<status status="PASS" start="2025-10-05T15:44:13.067767" elapsed="0.276500"/>
</kw>
<kw name="Save RSA Config to File" owner="patch_keywords">
<kw name="Get Current Date" owner="DateTime">
<msg time="2025-10-05T15:44:13.348551" level="INFO">${timestamp} = 20251005_154413</msg>
<var>${timestamp}</var>
<arg>result_format=%Y%m%d_%H%M%S</arg>
<doc>Returns current local or UTC time with an optional increment.</doc>
<status status="PASS" start="2025-10-05T15:44:13.348131" elapsed="0.000467"/>
</kw>
<kw name="Set Variable" owner="BuiltIn">
<msg time="2025-10-05T15:44:13.349155" level="INFO">${config_file} = results/test18_patch_management/data/rsa_config_20251005_154413.txt</msg>
<var>${config_file}</var>
<arg>${DATA_DIR}/rsa_config_${timestamp}.txt</arg>
<doc>Returns the given values which can then be assigned to a variables.</doc>
<status status="PASS" start="2025-10-05T15:44:13.348875" elapsed="0.000320"/>
</kw>
<kw name="Catenate" owner="BuiltIn">
<msg time="2025-10-05T15:44:13.350380" level="INFO">${report} = =========================================
=== RSA Configuration Files ===
=========================================
Timestamp: 20251005_154413
Target Server: alhxvdvitap01 (172.30.16.186)

=== /var/ac...</msg>
<var>${report}</var>
<arg>SEPARATOR=\n</arg>
<arg>=========================================</arg>
<arg>=== RSA Configuration Files ===</arg>
<arg>=========================================</arg>
<arg>Timestamp: ${timestamp}</arg>
<arg>Target Server: ${TARGET_HOSTNAME} (${TARGET_IP})</arg>
<arg>${config_status}</arg>
<arg>=========================================</arg>
<doc>Catenates the given items together and returns the resulted string.</doc>
<status status="PASS" start="2025-10-05T15:44:13.349350" elapsed="0.001080"/>
</kw>
<kw name="Create File" owner="OperatingSystem">
<msg time="2025-10-05T15:44:13.358793" level="INFO" html="true">Created file '&lt;a href="file:///mnt/c/Users/sacpa/Projects/robot/robotframework/results/test18_patch_management/data/rsa_config_20251005_154413.txt"&gt;/mnt/c/Users/sacpa/Projects/robot/robotframework/results/test18_patch_management/data/rsa_config_20251005_154413.txt&lt;/a&gt;'.</msg>
<arg>${config_file}</arg>
<arg>${report}</arg>
<doc>Creates a file with the given content and encoding.</doc>
<status status="PASS" start="2025-10-05T15:44:13.351383" elapsed="0.007541"/>
</kw>
<kw name="Log" owner="BuiltIn">
<msg time="2025-10-05T15:44:13.359331" level="INFO">📄 RSA configuration saved to: results/test18_patch_management/data/rsa_config_20251005_154413.txt</msg>
<arg>📄 RSA configuration saved to: ${config_file}</arg>
<arg>console=yes</arg>
<doc>Logs the given message with the given level.</doc>
<status status="PASS" start="2025-10-05T15:44:13.359116" elapsed="0.000331"/>
</kw>
<return>
<value>${config_file}</value>
<status status="PASS" start="2025-10-05T15:44:13.359526" elapsed="0.000051"/>
</return>
<msg time="2025-10-05T15:44:13.359725" level="INFO">${config_file} = results/test18_patch_management/data/rsa_config_20251005_154413.txt</msg>
<var>${config_file}</var>
<arg>${config_status}</arg>
<doc>💾 Save RSA configuration to file</doc>
<status status="PASS" start="2025-10-05T15:44:13.344801" elapsed="0.014967"/>
</kw>
<kw name="Log" owner="BuiltIn">
<msg time="2025-10-05T15:44:13.360115" level="INFO">📄 RSA configuration saved to: results/test18_patch_management/data/rsa_config_20251005_154413.txt</msg>
<arg>📄 RSA configuration saved to: ${config_file}</arg>
<arg>console=yes</arg>
<doc>Logs the given message with the given level.</doc>
<status status="PASS" start="2025-10-05T15:44:13.359895" elapsed="0.000334"/>
</kw>
<kw name="Log" owner="BuiltIn">
<msg time="2025-10-05T15:44:13.360496" level="INFO">✅ RSA configuration files validated</msg>
<arg>✅ RSA configuration files validated</arg>
<arg>console=yes</arg>
<doc>Logs the given message with the given level.</doc>
<status status="PASS" start="2025-10-05T15:44:13.360376" elapsed="0.000216"/>
</kw>
<kw name="Log Test End" owner="patch_keywords" type="TEARDOWN">
<kw name="Log" owner="BuiltIn">
<msg time="2025-10-05T15:44:13.361862" level="INFO">================================================================================</msg>
<arg>================================================================================</arg>
<arg>console=yes</arg>
<doc>Logs the given message with the given level.</doc>
<status status="PASS" start="2025-10-05T15:44:13.361659" elapsed="0.000301"/>
</kw>
<kw name="Log" owner="BuiltIn">
<msg time="2025-10-05T15:44:13.362276" level="INFO">🏁 Completed Test: Critical - Validate RSA Configuration Files | Status: PASS</msg>
<arg>🏁 Completed Test: ${test_name} | Status: ${status}</arg>
<arg>console=yes</arg>
<doc>Logs the given message with the given level.</doc>
<status status="PASS" start="2025-10-05T15:44:13.362085" elapsed="0.000288"/>
</kw>
<kw name="Log" owner="BuiltIn">
<msg time="2025-10-05T15:44:13.362637" level="INFO">================================================================================
</msg>
<arg>================================================================================\n</arg>
<arg>console=yes</arg>
<doc>Logs the given message with the given level.</doc>
<status status="PASS" start="2025-10-05T15:44:13.362508" elapsed="0.000226"/>
</kw>
<arg>${TEST_NAME}</arg>
<arg>${TEST_STATUS}</arg>
<doc>📝 Log the end of a test case with status</doc>
<status status="PASS" start="2025-10-05T15:44:13.361179" elapsed="0.001644"/>
</kw>
<doc>📄 Check for RSA configuration files and validate their presence</doc>
<tag>configuration</tag>
<tag>critical</tag>
<tag>files</tag>
<tag>rsa</tag>
<status status="PASS" start="2025-10-05T15:44:13.063165" elapsed="0.299711"/>
</test>
<test id="s1-t4" name="Critical - Check RSA Authentication Settings" line="63">
<kw name="Log Test Start" owner="patch_keywords" type="SETUP">
<kw name="Log" owner="BuiltIn">
<msg time="2025-10-05T15:44:13.367058" level="INFO">
================================================================================</msg>
<arg>\n================================================================================</arg>
<arg>console=yes</arg>
<doc>Logs the given message with the given level.</doc>
<status status="PASS" start="2025-10-05T15:44:13.366886" elapsed="0.000402"/>
</kw>
<kw name="Log" owner="BuiltIn">
<msg time="2025-10-05T15:44:13.368054" level="INFO">🏁 Starting Test: Critical - Check RSA Authentication Settings</msg>
<arg>🏁 Starting Test: ${test_name}</arg>
<arg>console=yes</arg>
<doc>Logs the given message with the given level.</doc>
<status status="PASS" start="2025-10-05T15:44:13.367703" elapsed="0.000819"/>
</kw>
<kw name="Log" owner="BuiltIn">
<msg time="2025-10-05T15:44:13.368885" level="INFO">================================================================================</msg>
<arg>================================================================================</arg>
<arg>console=yes</arg>
<doc>Logs the given message with the given level.</doc>
<status status="PASS" start="2025-10-05T15:44:13.368696" elapsed="0.000317"/>
</kw>
<arg>${TEST_NAME}</arg>
<doc>📝 Log the start of a test case</doc>
<status status="PASS" start="2025-10-05T15:44:13.363610" elapsed="0.005530"/>
</kw>
<kw name="Log" owner="BuiltIn">
<msg time="2025-10-05T15:44:13.369427" level="INFO">🔍 Checking RSA authentication settings...</msg>
<arg>🔍 Checking RSA authentication settings...</arg>
<arg>console=yes</arg>
<doc>Logs the given message with the given level.</doc>
<status status="PASS" start="2025-10-05T15:44:13.369268" elapsed="0.000332"/>
</kw>
<kw name="Validate RSA Authentication Settings" owner="patch_keywords">
<kw name="Log" owner="BuiltIn">
<msg time="2025-10-05T15:44:13.370447" level="INFO">🔐 Validating RSA authentication settings...</msg>
<arg>🔐 Validating RSA authentication settings...</arg>
<arg>console=yes</arg>
<doc>Logs the given message with the given level.</doc>
<status status="PASS" start="2025-10-05T15:44:13.370339" elapsed="0.000215"/>
</kw>
<kw name="Execute Command" owner="patch_keywords">
<kw name="Execute Command" owner="SSHLibrary">
<msg time="2025-10-05T15:44:13.371051" level="INFO">Executing command 'grep -i "challengeresponse|pubkeyauth|rsa" /etc/ssh/sshd_config 2&gt;/dev/null || echo "No RSA settings in sshd_config"'.</msg>
<msg time="2025-10-05T15:44:13.393640" level="INFO">Command exited with return code 0.</msg>
<msg time="2025-10-05T15:44:13.394200" level="INFO">${output} = No RSA settings in sshd_config</msg>
<var>${output}</var>
<arg>${command}</arg>
<doc>Executes ``command`` on the remote machine and returns its outputs.</doc>
<status status="PASS" start="2025-10-05T15:44:13.370943" elapsed="0.023667"/>
</kw>
<return>
<value>${output}</value>
<status status="PASS" start="2025-10-05T15:44:13.394774" elapsed="0.000089"/>
</return>
<msg time="2025-10-05T15:44:13.395111" level="INFO">${sshd_config} = No RSA settings in sshd_config</msg>
<var>${sshd_config}</var>
<arg>grep -i "challengeresponse\|pubkeyauth\|rsa" /etc/ssh/sshd_config 2&gt;/dev/null || echo "No RSA settings in sshd_config"</arg>
<doc>🔧 Execute a command on the remote server via SSH</doc>
<status status="PASS" start="2025-10-05T15:44:13.370718" elapsed="0.024431"/>
</kw>
<kw name="Execute Command" owner="patch_keywords">
<kw name="Execute Command" owner="SSHLibrary">
<msg time="2025-10-05T15:44:13.396198" level="INFO">Executing command 'grep -r "pam_rsa|pam_securid" /etc/pam.d/ 2&gt;/dev/null || echo "No RSA PAM configuration"'.</msg>
<msg time="2025-10-05T15:44:13.447581" level="INFO">Command exited with return code 0.</msg>
<msg time="2025-10-05T15:44:13.448034" level="INFO">${output} = No RSA PAM configuration</msg>
<var>${output}</var>
<arg>${command}</arg>
<doc>Executes ``command`` on the remote machine and returns its outputs.</doc>
<status status="PASS" start="2025-10-05T15:44:13.396044" elapsed="0.053037"/>
</kw>
<return>
<value>${output}</value>
<status status="PASS" start="2025-10-05T15:44:13.449257" elapsed="0.000076"/>
</return>
<msg time="2025-10-05T15:44:13.449607" level="INFO">${pam_config} = No RSA PAM configuration</msg>
<var>${pam_config}</var>
<arg>grep -r "pam_rsa\|pam_securid" /etc/pam.d/ 2&gt;/dev/null || echo "No RSA PAM configuration"</arg>
<doc>🔧 Execute a command on the remote server via SSH</doc>
<status status="PASS" start="2025-10-05T15:44:13.395551" elapsed="0.054100"/>
</kw>
<kw name="Execute Command" owner="patch_keywords">
<kw name="Execute Command" owner="SSHLibrary">
<msg time="2025-10-05T15:44:13.450694" level="INFO">Executing command 'ls -la /lib*/security/*rsa* 2&gt;/dev/null || ls -la /lib*/security/*securid* 2&gt;/dev/null || echo "No RSA auth modules found"'.</msg>
<msg time="2025-10-05T15:44:13.512381" level="INFO">Command exited with return code 0.</msg>
<msg time="2025-10-05T15:44:13.512716" level="INFO">${output} = No RSA auth modules found</msg>
<var>${output}</var>
<arg>${command}</arg>
<doc>Executes ``command`` on the remote machine and returns its outputs.</doc>
<status status="PASS" start="2025-10-05T15:44:13.450480" elapsed="0.062279"/>
</kw>
<return>
<value>${output}</value>
<status status="PASS" start="2025-10-05T15:44:13.512915" elapsed="0.000091"/>
</return>
<msg time="2025-10-05T15:44:13.513288" level="INFO">${auth_modules} = No RSA auth modules found</msg>
<var>${auth_modules}</var>
<arg>ls -la /lib*/security/*rsa* 2&gt;/dev/null || ls -la /lib*/security/*securid* 2&gt;/dev/null || echo "No RSA auth modules found"</arg>
<doc>🔧 Execute a command on the remote server via SSH</doc>
<status status="PASS" start="2025-10-05T15:44:13.450088" elapsed="0.063243"/>
</kw>
<kw name="Execute Command" owner="patch_keywords">
<kw name="Execute Command" owner="SSHLibrary">
<msg time="2025-10-05T15:44:13.514678" level="INFO">Executing command 'grep rsa /etc/nsswitch.conf 2&gt;/dev/null || echo "No RSA in nsswitch.conf"'.</msg>
<msg time="2025-10-05T15:44:13.558115" level="INFO">Command exited with return code 0.</msg>
<msg time="2025-10-05T15:44:13.558401" level="INFO">${output} = No RSA in nsswitch.conf</msg>
<var>${output}</var>
<arg>${command}</arg>
<doc>Executes ``command`` on the remote machine and returns its outputs.</doc>
<status status="PASS" start="2025-10-05T15:44:13.514472" elapsed="0.043970"/>
</kw>
<return>
<value>${output}</value>
<status status="PASS" start="2025-10-05T15:44:13.558566" elapsed="0.000080"/>
</return>
<msg time="2025-10-05T15:44:13.558951" level="INFO">${nsswitch} = No RSA in nsswitch.conf</msg>
<var>${nsswitch}</var>
<arg>grep rsa /etc/nsswitch.conf 2&gt;/dev/null || echo "No RSA in nsswitch.conf"</arg>
<doc>🔧 Execute a command on the remote server via SSH</doc>
<status status="PASS" start="2025-10-05T15:44:13.513947" elapsed="0.045043"/>
</kw>
<kw name="Catenate" owner="BuiltIn">
<msg time="2025-10-05T15:44:13.559579" level="INFO">${auth_settings} = === SSH Configuration (RSA) ===
No RSA settings in sshd_config

=== PAM RSA Configuration ===
No RSA PAM configuration

=== RSA Authentication Modules ===
No RSA auth modules found

=== nsswitch.conf ...</msg>
<var>${auth_settings}</var>
<arg>SEPARATOR=\n</arg>
<arg>=== SSH Configuration (RSA) ===</arg>
<arg>${sshd_config}</arg>
<arg>=== PAM RSA Configuration ===</arg>
<arg>${pam_config}</arg>
<arg>=== RSA Authentication Modules ===</arg>
<arg>${auth_modules}</arg>
<arg>=== nsswitch.conf ===</arg>
<arg>${nsswitch}</arg>
<doc>Catenates the given items together and returns the resulted string.</doc>
<status status="PASS" start="2025-10-05T15:44:13.559212" elapsed="0.000398"/>
</kw>
<kw name="Set Suite Variable" owner="BuiltIn">
<msg time="2025-10-05T15:44:13.559930" level="INFO">${RSA_AUTH_SETTINGS} = === SSH Configuration (RSA) ===
No RSA settings in sshd_config

=== PAM RSA Configuration ===
No RSA PAM configuration

=== RSA Authentication Modules ===
No RSA auth modules found

=== nsswitch.conf ...</msg>
<arg>${RSA_AUTH_SETTINGS}</arg>
<arg>${auth_settings}</arg>
<doc>Makes a variable available everywhere within the scope of the current suite.</doc>
<status status="PASS" start="2025-10-05T15:44:13.559751" elapsed="0.000244"/>
</kw>
<kw name="Log" owner="BuiltIn">
<msg time="2025-10-05T15:44:13.560252" level="INFO">🔐 RSA authentication settings validated</msg>
<arg>🔐 RSA authentication settings validated</arg>
<arg>console=yes</arg>
<doc>Logs the given message with the given level.</doc>
<status status="PASS" start="2025-10-05T15:44:13.560120" elapsed="0.000252"/>
</kw>
<return>
<value>${auth_settings}</value>
<status status="PASS" start="2025-10-05T15:44:13.560435" elapsed="0.000039"/>
</return>
<msg time="2025-10-05T15:44:13.560626" level="INFO">${auth_settings} = === SSH Configuration (RSA) ===
No RSA settings in sshd_config

=== PAM RSA Configuration ===
No RSA PAM configuration

=== RSA Authentication Modules ===
No RSA auth modules found

=== nsswitch.conf ...</msg>
<var>${auth_settings}</var>
<doc>🔐 Validate RSA authentication settings in SSH and PAM</doc>
<status status="PASS" start="2025-10-05T15:44:13.370114" elapsed="0.190535"/>
</kw>
<kw name="Log" owner="BuiltIn">
<msg time="2025-10-05T15:44:13.560883" level="INFO">🔐 RSA Authentication Status: === SSH Configuration (RSA) ===
No RSA settings in sshd_config

=== PAM RSA Configuration ===
No RSA PAM configuration

=== RSA Authentication Modules ===
No RSA auth modules found

=== nsswitch.conf ===
No RSA in nsswitch.conf</msg>
<arg>🔐 RSA Authentication Status: ${auth_settings}</arg>
<arg>console=yes</arg>
<doc>Logs the given message with the given level.</doc>
<status status="PASS" start="2025-10-05T15:44:13.560748" elapsed="0.000229"/>
</kw>
<kw name="Log" owner="BuiltIn">
<msg time="2025-10-05T15:44:13.561226" level="INFO">✅ RSA authentication settings validated</msg>
<arg>✅ RSA authentication settings validated</arg>
<arg>console=yes</arg>
<doc>Logs the given message with the given level.</doc>
<status status="PASS" start="2025-10-05T15:44:13.561122" elapsed="0.000196"/>
</kw>
<kw name="Log Test End" owner="patch_keywords" type="TEARDOWN">
<kw name="Log" owner="BuiltIn">
<msg time="2025-10-05T15:44:13.562194" level="INFO">================================================================================</msg>
<arg>================================================================================</arg>
<arg>console=yes</arg>
<doc>Logs the given message with the given level.</doc>
<status status="PASS" start="2025-10-05T15:44:13.562052" elapsed="0.000232"/>
</kw>
<kw name="Log" owner="BuiltIn">
<msg time="2025-10-05T15:44:13.562943" level="INFO">🏁 Completed Test: Critical - Check RSA Authentication Settings | Status: PASS</msg>
<arg>🏁 Completed Test: ${test_name} | Status: ${status}</arg>
<arg>console=yes</arg>
<doc>Logs the given message with the given level.</doc>
<status status="PASS" start="2025-10-05T15:44:13.562723" elapsed="0.000318"/>
</kw>
<kw name="Log" owner="BuiltIn">
<msg time="2025-10-05T15:44:13.563363" level="INFO">================================================================================
</msg>
<arg>================================================================================\n</arg>
<arg>console=yes</arg>
<doc>Logs the given message with the given level.</doc>
<status status="PASS" start="2025-10-05T15:44:13.563188" elapsed="0.000271"/>
</kw>
<arg>${TEST_NAME}</arg>
<arg>${TEST_STATUS}</arg>
<doc>📝 Log the end of a test case with status</doc>
<status status="PASS" start="2025-10-05T15:44:13.561632" elapsed="0.001906"/>
</kw>
<doc>🔐 Verify RSA authentication is properly configured</doc>
<tag>authentication</tag>
<tag>critical</tag>
<tag>rsa</tag>
<tag>settings</tag>
<status status="PASS" start="2025-10-05T15:44:13.363134" elapsed="0.200453"/>
</test>
<test id="s1-t5" name="Critical - Test RSA Server Connectivity" line="75">
<kw name="Log Test Start" owner="patch_keywords" type="SETUP">
<kw name="Log" owner="BuiltIn">
<msg time="2025-10-05T15:44:13.565870" level="INFO">
================================================================================</msg>
<arg>\n================================================================================</arg>
<arg>console=yes</arg>
<doc>Logs the given message with the given level.</doc>
<status status="PASS" start="2025-10-05T15:44:13.565621" elapsed="0.000359"/>
</kw>
<kw name="Log" owner="BuiltIn">
<msg time="2025-10-05T15:44:13.566248" level="INFO">🏁 Starting Test: Critical - Test RSA Server Connectivity</msg>
<arg>🏁 Starting Test: ${test_name}</arg>
<arg>console=yes</arg>
<doc>Logs the given message with the given level.</doc>
<status status="PASS" start="2025-10-05T15:44:13.566099" elapsed="0.000243"/>
</kw>
<kw name="Log" owner="BuiltIn">
<msg time="2025-10-05T15:44:13.566605" level="INFO">================================================================================</msg>
<arg>================================================================================</arg>
<arg>console=yes</arg>
<doc>Logs the given message with the given level.</doc>
<status status="PASS" start="2025-10-05T15:44:13.566483" elapsed="0.000208"/>
</kw>
<arg>${TEST_NAME}</arg>
<doc>📝 Log the start of a test case</doc>
<status status="PASS" start="2025-10-05T15:44:13.564962" elapsed="0.001808"/>
</kw>
<kw name="Log" owner="BuiltIn">
<msg time="2025-10-05T15:44:13.566964" level="INFO">🔍 Testing RSA server connectivity...</msg>
<arg>🔍 Testing RSA server connectivity...</arg>
<arg>console=yes</arg>
<doc>Logs the given message with the given level.</doc>
<status status="PASS" start="2025-10-05T15:44:13.566869" elapsed="0.000177"/>
</kw>
<kw name="Log" owner="BuiltIn">
<msg time="2025-10-05T15:44:13.567284" level="INFO">📋 Expected RSA Server: rsa.domain.com</msg>
<arg>📋 Expected RSA Server: ${EXPECTED_RSA_SERVER}</arg>
<arg>console=yes</arg>
<doc>Logs the given message with the given level.</doc>
<status status="PASS" start="2025-10-05T15:44:13.567157" elapsed="0.000209"/>
</kw>
<kw name="Test RSA Server Connectivity" owner="patch_keywords">
<kw name="Log" owner="BuiltIn">
<msg time="2025-10-05T15:44:13.567871" level="INFO">🌐 Testing RSA server connectivity...</msg>
<arg>🌐 Testing RSA server connectivity...</arg>
<arg>console=yes</arg>
<doc>Logs the given message with the given level.</doc>
<status status="PASS" start="2025-10-05T15:44:13.567782" elapsed="0.000173"/>
</kw>
<kw name="Execute Command" owner="patch_keywords">
<kw name="Execute Command" owner="SSHLibrary">
<msg time="2025-10-05T15:44:13.568512" level="INFO">Executing command 'grep -r "auth_server|ace_server" /var/ace/ /opt/rsa/ 2&gt;/dev/null || echo "No RSA server configuration found"'.</msg>
<msg time="2025-10-05T15:44:13.606801" level="INFO">Command exited with return code 0.</msg>
<msg time="2025-10-05T15:44:13.607029" level="INFO">${output} = No RSA server configuration found</msg>
<var>${output}</var>
<arg>${command}</arg>
<doc>Executes ``command`` on the remote machine and returns its outputs.</doc>
<status status="PASS" start="2025-10-05T15:44:13.568369" elapsed="0.038690"/>
</kw>
<return>
<value>${output}</value>
<status status="PASS" start="2025-10-05T15:44:13.607149" elapsed="0.000055"/>
</return>
<msg time="2025-10-05T15:44:13.607365" level="INFO">${rsa_server_config} = No RSA server configuration found</msg>
<var>${rsa_server_config}</var>
<arg>grep -r "auth_server\|ace_server" /var/ace/ /opt/rsa/ 2&gt;/dev/null || echo "No RSA server configuration found"</arg>
<doc>🔧 Execute a command on the remote server via SSH</doc>
<status status="PASS" start="2025-10-05T15:44:13.568101" elapsed="0.039289"/>
</kw>
<kw name="Execute Command" owner="patch_keywords">
<kw name="Execute Command" owner="SSHLibrary">
<msg time="2025-10-05T15:44:13.608281" level="INFO">Executing command 'timeout 5 nc -zv rsa.domain.com 5500 2&gt;&amp;1 || echo "Port 5500 test failed/timeout"'.</msg>
<msg time="2025-10-05T15:44:13.752705" level="INFO">Command exited with return code 0.</msg>
<msg time="2025-10-05T15:44:13.753138" level="INFO">${output} = nc: getaddrinfo for host "rsa.domain.com" port 5500: No address associated with hostname
Port 5500 test failed/timeout</msg>
<var>${output}</var>
<arg>${command}</arg>
<doc>Executes ``command`` on the remote machine and returns its outputs.</doc>
<status status="PASS" start="2025-10-05T15:44:13.608075" elapsed="0.145139"/>
</kw>
<return>
<value>${output}</value>
<status status="PASS" start="2025-10-05T15:44:13.753466" elapsed="0.000164"/>
</return>
<msg time="2025-10-05T15:44:13.754063" level="INFO">${port_5500_test} = nc: getaddrinfo for host "rsa.domain.com" port 5500: No address associated with hostname
Port 5500 test failed/timeout</msg>
<var>${port_5500_test}</var>
<arg>timeout 5 nc -zv ${EXPECTED_RSA_SERVER} 5500 2&gt;&amp;1 || echo "Port 5500 test failed/timeout"</arg>
<doc>🔧 Execute a command on the remote server via SSH</doc>
<status status="PASS" start="2025-10-05T15:44:13.607625" elapsed="0.146482"/>
</kw>
<kw name="Execute Command" owner="patch_keywords">
<kw name="Execute Command" owner="SSHLibrary">
<msg time="2025-10-05T15:44:13.755200" level="INFO">Executing command 'timeout 5 nc -zv rsa.domain.com 5555 2&gt;&amp;1 || echo "Port 5555 test failed/timeout"'.</msg>
<msg time="2025-10-05T15:44:13.850263" level="INFO">Command exited with return code 0.</msg>
<msg time="2025-10-05T15:44:13.850522" level="INFO">${output} = nc: getaddrinfo for host "rsa.domain.com" port 5555: No address associated with hostname
Port 5555 test failed/timeout</msg>
<var>${output}</var>
<arg>${command}</arg>
<doc>Executes ``command`` on the remote machine and returns its outputs.</doc>
<status status="PASS" start="2025-10-05T15:44:13.754999" elapsed="0.095560"/>
</kw>
<return>
<value>${output}</value>
<status status="PASS" start="2025-10-05T15:44:13.850658" elapsed="0.000065"/>
</return>
<msg time="2025-10-05T15:44:13.850969" level="INFO">${port_5555_test} = nc: getaddrinfo for host "rsa.domain.com" port 5555: No address associated with hostname
Port 5555 test failed/timeout</msg>
<var>${port_5555_test}</var>
<arg>timeout 5 nc -zv ${EXPECTED_RSA_SERVER} 5555 2&gt;&amp;1 || echo "Port 5555 test failed/timeout"</arg>
<doc>🔧 Execute a command on the remote server via SSH</doc>
<status status="PASS" start="2025-10-05T15:44:13.754438" elapsed="0.096584"/>
</kw>
<kw name="Execute Command" owner="patch_keywords">
<kw name="Execute Command" owner="SSHLibrary">
<msg time="2025-10-05T15:44:13.852039" level="INFO">Executing command 'nslookup rsa.domain.com 2&gt;&amp;1 || dig rsa.domain.com 2&gt;&amp;1 || echo "DNS lookup not available"'.</msg>
<msg time="2025-10-05T15:44:13.904950" level="INFO">Command exited with return code 0.</msg>
<msg time="2025-10-05T15:44:13.905464" level="INFO">${output} = bash: line 1: nslookup: command not found
bash: line 1: dig: command not found
DNS lookup not available</msg>
<var>${output}</var>
<arg>${command}</arg>
<doc>Executes ``command`` on the remote machine and returns its outputs.</doc>
<status status="PASS" start="2025-10-05T15:44:13.851846" elapsed="0.053737"/>
</kw>
<return>
<value>${output}</value>
<status status="PASS" start="2025-10-05T15:44:13.905874" elapsed="0.000137"/>
</return>
<msg time="2025-10-05T15:44:13.906451" level="INFO">${dns_test} = bash: line 1: nslookup: command not found
bash: line 1: dig: command not found
DNS lookup not available</msg>
<var>${dns_test}</var>
<arg>nslookup ${EXPECTED_RSA_SERVER} 2&gt;&amp;1 || dig ${EXPECTED_RSA_SERVER} 2&gt;&amp;1 || echo "DNS lookup not available"</arg>
<doc>🔧 Execute a command on the remote server via SSH</doc>
<status status="PASS" start="2025-10-05T15:44:13.851368" elapsed="0.055133"/>
</kw>
<kw name="Execute Command" owner="patch_keywords">
<kw name="Execute Command" owner="SSHLibrary">
<msg time="2025-10-05T15:44:13.907961" level="INFO">Executing command 'ping -c 3 rsa.domain.com 2&gt;&amp;1 || echo "Ping test failed"'.</msg>
<msg time="2025-10-05T15:44:14.011425" level="INFO">Command exited with return code 0.</msg>
<msg time="2025-10-05T15:44:14.012699" level="INFO">${output} = ping: rsa.domain.com: No address associated with hostname
Ping test failed</msg>
<var>${output}</var>
<arg>${command}</arg>
<doc>Executes ``command`` on the remote machine and returns its outputs.</doc>
<status status="PASS" start="2025-10-05T15:44:13.907550" elapsed="0.105263"/>
</kw>
<return>
<value>${output}</value>
<status status="PASS" start="2025-10-05T15:44:14.012979" elapsed="0.000113"/>
</return>
<msg time="2025-10-05T15:44:14.013451" level="INFO">${ping_test} = ping: rsa.domain.com: No address associated with hostname
Ping test failed</msg>
<var>${ping_test}</var>
<arg>ping -c 3 ${EXPECTED_RSA_SERVER} 2&gt;&amp;1 || echo "Ping test failed"</arg>
<doc>🔧 Execute a command on the remote server via SSH</doc>
<status status="PASS" start="2025-10-05T15:44:13.906883" elapsed="0.106619"/>
</kw>
<kw name="Catenate" owner="BuiltIn">
<msg time="2025-10-05T15:44:14.014541" level="INFO">${connectivity_result} = === RSA Server Configuration ===
No RSA server configuration found

=== Port 5500 Test (RSA Auth) ===
nc: getaddrinfo for host "rsa.domain.com" port 5500: No address associated with hostname
Port 5500...</msg>
<var>${connectivity_result}</var>
<arg>SEPARATOR=\n</arg>
<arg>=== RSA Server Configuration ===</arg>
<arg>${rsa_server_config}</arg>
<arg>=== Port 5500 Test (RSA Auth) ===</arg>
<arg>${port_5500_test}</arg>
<arg>=== Port 5555 Test (RSA Auth) ===</arg>
<arg>${port_5555_test}</arg>
<arg>=== DNS Resolution ===</arg>
<arg>${dns_test}</arg>
<arg>=== Ping Test ===</arg>
<arg>${ping_test}</arg>
<doc>Catenates the given items together and returns the resulted string.</doc>
<status status="PASS" start="2025-10-05T15:44:14.013862" elapsed="0.000717"/>
</kw>
<kw name="Log" owner="BuiltIn">
<msg time="2025-10-05T15:44:14.014997" level="INFO">🌐 RSA server connectivity test completed</msg>
<arg>🌐 RSA server connectivity test completed</arg>
<arg>console=yes</arg>
<doc>Logs the given message with the given level.</doc>
<status status="PASS" start="2025-10-05T15:44:14.014794" elapsed="0.000343"/>
</kw>
<return>
<value>${connectivity_result}</value>
<status status="PASS" start="2025-10-05T15:44:14.015205" elapsed="0.000045"/>
</return>
<msg time="2025-10-05T15:44:14.015426" level="INFO">${connectivity_result} = === RSA Server Configuration ===
No RSA server configuration found

=== Port 5500 Test (RSA Auth) ===
nc: getaddrinfo for host "rsa.domain.com" port 5500: No address associated with hostname
Port 5500...</msg>
<var>${connectivity_result}</var>
<doc>🌐 Test connectivity to RSA authentication server</doc>
<status status="PASS" start="2025-10-05T15:44:13.567598" elapsed="0.447860"/>
</kw>
<kw name="Save RSA Connectivity Test to File" owner="patch_keywords">
<kw name="Get Current Date" owner="DateTime">
<msg time="2025-10-05T15:44:14.016449" level="INFO">${timestamp} = 20251005_154414</msg>
<var>${timestamp}</var>
<arg>result_format=%Y%m%d_%H%M%S</arg>
<doc>Returns current local or UTC time with an optional increment.</doc>
<status status="PASS" start="2025-10-05T15:44:14.016190" elapsed="0.000296"/>
</kw>
<kw name="Set Variable" owner="BuiltIn">
<msg time="2025-10-05T15:44:14.016852" level="INFO">${conn_file} = results/test18_patch_management/data/rsa_connectivity_20251005_154414.txt</msg>
<var>${conn_file}</var>
<arg>${DATA_DIR}/rsa_connectivity_${timestamp}.txt</arg>
<doc>Returns the given values which can then be assigned to a variables.</doc>
<status status="PASS" start="2025-10-05T15:44:14.016634" elapsed="0.000250"/>
</kw>
<kw name="Catenate" owner="BuiltIn">
<msg time="2025-10-05T15:44:14.017427" level="INFO">${report} = =========================================
=== RSA Server Connectivity Test ===
=========================================
Timestamp: 20251005_154414
Target Server: alhxvdvitap01 (172.30.16.186)
Expecte...</msg>
<var>${report}</var>
<arg>SEPARATOR=\n</arg>
<arg>=========================================</arg>
<arg>=== RSA Server Connectivity Test ===</arg>
<arg>=========================================</arg>
<arg>Timestamp: ${timestamp}</arg>
<arg>Target Server: ${TARGET_HOSTNAME} (${TARGET_IP})</arg>
<arg>Expected RSA Server: ${EXPECTED_RSA_SERVER}</arg>
<arg>${connectivity_result}</arg>
<arg>=========================================</arg>
<doc>Catenates the given items together and returns the resulted string.</doc>
<status status="PASS" start="2025-10-05T15:44:14.017011" elapsed="0.000449"/>
</kw>
<kw name="Create File" owner="OperatingSystem">
<msg time="2025-10-05T15:44:14.037852" level="INFO" html="true">Created file '&lt;a href="file:///mnt/c/Users/sacpa/Projects/robot/robotframework/results/test18_patch_management/data/rsa_connectivity_20251005_154414.txt"&gt;/mnt/c/Users/sacpa/Projects/robot/robotframework/results/test18_patch_management/data/rsa_connectivity_20251005_154414.txt&lt;/a&gt;'.</msg>
<arg>${conn_file}</arg>
<arg>${report}</arg>
<doc>Creates a file with the given content and encoding.</doc>
<status status="PASS" start="2025-10-05T15:44:14.017617" elapsed="0.020450"/>
</kw>
<kw name="Log" owner="BuiltIn">
<msg time="2025-10-05T15:44:14.038733" level="INFO">📄 RSA connectivity test saved to: results/test18_patch_management/data/rsa_connectivity_20251005_154414.txt</msg>
<arg>📄 RSA connectivity test saved to: ${conn_file}</arg>
<arg>console=yes</arg>
<doc>Logs the given message with the given level.</doc>
<status status="PASS" start="2025-10-05T15:44:14.038365" elapsed="0.000546"/>
</kw>
<return>
<value>${conn_file}</value>
<status status="PASS" start="2025-10-05T15:44:14.039009" elapsed="0.000076"/>
</return>
<msg time="2025-10-05T15:44:14.039355" level="INFO">${conn_file} = results/test18_patch_management/data/rsa_connectivity_20251005_154414.txt</msg>
<var>${conn_file}</var>
<arg>${connectivity_result}</arg>
<doc>💾 Save RSA connectivity test results to file</doc>
<status status="PASS" start="2025-10-05T15:44:14.015732" elapsed="0.023666"/>
</kw>
<kw name="Log" owner="BuiltIn">
<msg time="2025-10-05T15:44:14.039851" level="INFO">📄 Connectivity test saved to: results/test18_patch_management/data/rsa_connectivity_20251005_154414.txt</msg>
<arg>📄 Connectivity test saved to: ${conn_file}</arg>
<arg>console=yes</arg>
<doc>Logs the given message with the given level.</doc>
<status status="PASS" start="2025-10-05T15:44:14.039614" elapsed="0.000362"/>
</kw>
<kw name="Log" owner="BuiltIn">
<msg time="2025-10-05T15:44:14.040314" level="INFO">✅ RSA server connectivity test completed</msg>
<arg>✅ RSA server connectivity test completed</arg>
<arg>console=yes</arg>
<doc>Logs the given message with the given level.</doc>
<status status="PASS" start="2025-10-05T15:44:14.040148" elapsed="0.000297"/>
</kw>
<kw name="Log Test End" owner="patch_keywords" type="TEARDOWN">
<kw name="Log" owner="BuiltIn">
<msg time="2025-10-05T15:44:14.041455" level="INFO">================================================================================</msg>
<arg>================================================================================</arg>
<arg>console=yes</arg>
<doc>Logs the given message with the given level.</doc>
<status status="PASS" start="2025-10-05T15:44:14.041290" elapsed="0.000273"/>
</kw>
<kw name="Log" owner="BuiltIn">
<msg time="2025-10-05T15:44:14.042022" level="INFO">🏁 Completed Test: Critical - Test RSA Server Connectivity | Status: PASS</msg>
<arg>🏁 Completed Test: ${test_name} | Status: ${status}</arg>
<arg>console=yes</arg>
<doc>Logs the given message with the given level.</doc>
<status status="PASS" start="2025-10-05T15:44:14.041704" elapsed="0.000443"/>
</kw>
<kw name="Log" owner="BuiltIn">
<msg time="2025-10-05T15:44:14.042459" level="INFO">================================================================================
</msg>
<arg>================================================================================\n</arg>
<arg>console=yes</arg>
<doc>Logs the given message with the given level.</doc>
<status status="PASS" start="2025-10-05T15:44:14.042283" elapsed="0.000331"/>
</kw>
<arg>${TEST_NAME}</arg>
<arg>${TEST_STATUS}</arg>
<doc>📝 Log the end of a test case with status</doc>
<status status="PASS" start="2025-10-05T15:44:14.040781" elapsed="0.001915"/>
</kw>
<doc>🌐 Test connectivity to RSA authentication server</doc>
<tag>connectivity</tag>
<tag>critical</tag>
<tag>network</tag>
<tag>rsa</tag>
<status status="PASS" start="2025-10-05T15:44:13.563858" elapsed="0.479777"/>
</test>
<test id="s1-t6" name="Critical - Validate RSA Agent Status" line="91">
<kw name="Log Test Start" owner="patch_keywords" type="SETUP">
<kw name="Log" owner="BuiltIn">
<msg time="2025-10-05T15:44:14.045675" level="INFO">
================================================================================</msg>
<arg>\n================================================================================</arg>
<arg>console=yes</arg>
<doc>Logs the given message with the given level.</doc>
<status status="PASS" start="2025-10-05T15:44:14.045368" elapsed="0.000448"/>
</kw>
<kw name="Log" owner="BuiltIn">
<msg time="2025-10-05T15:44:14.046282" level="INFO">🏁 Starting Test: Critical - Validate RSA Agent Status</msg>
<arg>🏁 Starting Test: ${test_name}</arg>
<arg>console=yes</arg>
<doc>Logs the given message with the given level.</doc>
<status status="PASS" start="2025-10-05T15:44:14.046067" elapsed="0.000326"/>
</kw>
<kw name="Log" owner="BuiltIn">
<msg time="2025-10-05T15:44:14.046629" level="INFO">================================================================================</msg>
<arg>================================================================================</arg>
<arg>console=yes</arg>
<doc>Logs the given message with the given level.</doc>
<status status="PASS" start="2025-10-05T15:44:14.046518" elapsed="0.000201"/>
</kw>
<arg>${TEST_NAME}</arg>
<doc>📝 Log the start of a test case</doc>
<status status="PASS" start="2025-10-05T15:44:14.044911" elapsed="0.001881"/>
</kw>
<kw name="Log" owner="BuiltIn">
<msg time="2025-10-05T15:44:14.046996" level="INFO">🔍 Validating RSA agent service status...</msg>
<arg>🔍 Validating RSA agent service status...</arg>
<arg>console=yes</arg>
<doc>Logs the given message with the given level.</doc>
<status status="PASS" start="2025-10-05T15:44:14.046895" elapsed="0.000189"/>
</kw>
<kw name="Check RSA Agent Service Status" owner="patch_keywords">
<kw name="Log" owner="BuiltIn">
<msg time="2025-10-05T15:44:14.047667" level="INFO">🔧 Checking RSA agent service status...</msg>
<arg>🔧 Checking RSA agent service status...</arg>
<arg>console=yes</arg>
<doc>Logs the given message with the given level.</doc>
<status status="PASS" start="2025-10-05T15:44:14.047559" elapsed="0.000203"/>
</kw>
<kw name="Execute Command" owner="patch_keywords">
<kw name="Execute Command" owner="SSHLibrary">
<msg time="2025-10-05T15:44:14.048241" level="INFO">Executing command 'systemctl status rsaagent 2&gt;&amp;1 || systemctl status rsa 2&gt;&amp;1 || echo "RSA service not found in systemctl"'.</msg>
<msg time="2025-10-05T15:44:14.070648" level="INFO">Command exited with return code 0.</msg>
<msg time="2025-10-05T15:44:14.070845" level="INFO">${output} = Unit rsaagent.service could not be found.
Unit rsa.service could not be found.
RSA service not found in systemctl</msg>
<var>${output}</var>
<arg>${command}</arg>
<doc>Executes ``command`` on the remote machine and returns its outputs.</doc>
<status status="PASS" start="2025-10-05T15:44:14.048136" elapsed="0.022734"/>
</kw>
<return>
<value>${output}</value>
<status status="PASS" start="2025-10-05T15:44:14.070989" elapsed="0.000067"/>
</return>
<msg time="2025-10-05T15:44:14.071238" level="INFO">${rsa_service} = Unit rsaagent.service could not be found.
Unit rsa.service could not be found.
RSA service not found in systemctl</msg>
<var>${rsa_service}</var>
<arg>systemctl status rsaagent 2&gt;&amp;1 || systemctl status rsa 2&gt;&amp;1 || echo "RSA service not found in systemctl"</arg>
<doc>🔧 Execute a command on the remote server via SSH</doc>
<status status="PASS" start="2025-10-05T15:44:14.047921" elapsed="0.023340"/>
</kw>
<kw name="Execute Command" owner="patch_keywords">
<kw name="Execute Command" owner="SSHLibrary">
<msg time="2025-10-05T15:44:14.071900" level="INFO">Executing command 'systemctl status aceagent 2&gt;&amp;1 || echo "ACE agent service not found"'.</msg>
<msg time="2025-10-05T15:44:14.133278" level="INFO">Command exited with return code 0.</msg>
<msg time="2025-10-05T15:44:14.133634" level="INFO">${output} = Unit aceagent.service could not be found.
ACE agent service not found</msg>
<var>${output}</var>
<arg>${command}</arg>
<doc>Executes ``command`` on the remote machine and returns its outputs.</doc>
<status status="PASS" start="2025-10-05T15:44:14.071763" elapsed="0.061906"/>
</kw>
<return>
<value>${output}</value>
<status status="PASS" start="2025-10-05T15:44:14.133856" elapsed="0.000091"/>
</return>
<msg time="2025-10-05T15:44:14.134140" level="INFO">${ace_service} = Unit aceagent.service could not be found.
ACE agent service not found</msg>
<var>${ace_service}</var>
<arg>systemctl status aceagent 2&gt;&amp;1 || echo "ACE agent service not found"</arg>
<doc>🔧 Execute a command on the remote server via SSH</doc>
<status status="PASS" start="2025-10-05T15:44:14.071486" elapsed="0.062682"/>
</kw>
<kw name="Execute Command" owner="patch_keywords">
<kw name="Execute Command" owner="SSHLibrary">
<msg time="2025-10-05T15:44:14.135031" level="INFO">Executing command 'systemctl list-units | grep -i rsa 2&gt;&amp;1 || echo "No RSA services in systemctl list"'.</msg>
<msg time="2025-10-05T15:44:14.204709" level="INFO">Command exited with return code 0.</msg>
<msg time="2025-10-05T15:44:14.205141" level="INFO">${output} = No RSA services in systemctl list</msg>
<var>${output}</var>
<arg>${command}</arg>
<doc>Executes ``command`` on the remote machine and returns its outputs.</doc>
<status status="PASS" start="2025-10-05T15:44:14.134883" elapsed="0.070326"/>
</kw>
<return>
<value>${output}</value>
<status status="PASS" start="2025-10-05T15:44:14.205377" elapsed="0.000115"/>
</return>
<msg time="2025-10-05T15:44:14.206153" level="INFO">${service_list} = No RSA services in systemctl list</msg>
<var>${service_list}</var>
<arg>systemctl list-units | grep -i rsa 2&gt;&amp;1 || echo "No RSA services in systemctl list"</arg>
<doc>🔧 Execute a command on the remote server via SSH</doc>
<status status="PASS" start="2025-10-05T15:44:14.134429" elapsed="0.071798"/>
</kw>
<kw name="Execute Command" owner="patch_keywords">
<kw name="Execute Command" owner="SSHLibrary">
<msg time="2025-10-05T15:44:14.207914" level="INFO">Executing command 'ps aux | grep -i rsa | grep -v grep || echo "No RSA processes running"'.</msg>
<msg time="2025-10-05T15:44:14.272726" level="INFO">Command exited with return code 0.</msg>
<msg time="2025-10-05T15:44:14.273028" level="INFO">${output} = No RSA processes running</msg>
<var>${output}</var>
<arg>${command}</arg>
<doc>Executes ``command`` on the remote machine and returns its outputs.</doc>
<status status="PASS" start="2025-10-05T15:44:14.207668" elapsed="0.065394"/>
</kw>
<return>
<value>${output}</value>
<status status="PASS" start="2025-10-05T15:44:14.273154" elapsed="0.000061"/>
</return>
[...]
</kw>
<kw name="Execute Command" owner="patch_keywords">
<kw name="Execute Command" owner="SSHLibrary">
<msg time="2025-10-05T15:44:15.956741" level="INFO">Executing command 'yum updateinfo info security 2&gt;&amp;1 | head -50 || dnf updateinfo info security 2&gt;&amp;1 | head -50 || echo "Security info not available"'.</msg>
<msg time="2025-10-05T15:44:16.007277" level="INFO">Command exited with return code 0.</msg>
<msg time="2025-10-05T15:44:16.007563" level="INFO">${output} = bash: line 1: yum: command not found</msg>
<var>${output}</var>
<arg>${command}</arg>
<doc>Executes ``command`` on the remote machine and returns its outputs.</doc>
<status status="PASS" start="2025-10-05T15:44:15.956606" elapsed="0.050989"/>
</kw>
<return>
<value>${output}</value>
<status status="PASS" start="2025-10-05T15:44:16.007687" elapsed="0.000058"/>
</return>
<msg time="2025-10-05T15:44:16.007915" level="INFO">${security_info} = bash: line 1: yum: command not found</msg>
<var>${security_info}</var>
<arg>yum updateinfo info security 2&gt;&amp;1 | head -50 || dnf updateinfo info security 2&gt;&amp;1 | head -50 || echo "Security info not available"</arg>
<doc>🔧 Execute a command on the remote server via SSH</doc>
<status status="PASS" start="2025-10-05T15:44:15.956198" elapsed="0.051745"/>
</kw>
<kw name="Catenate" owner="BuiltIn">
<msg time="2025-10-05T15:44:16.008629" level="INFO">${security_status} = === Security Updates List ===
bash: line 1: yum: command not found
bash: line 1: dnf: command not found
Security list not available

=== Critical Updates List ===
bash: line 1: yum: command not found
...</msg>
<var>${security_status}</var>
<arg>SEPARATOR=\n</arg>
<arg>=== Security Updates List ===</arg>
<arg>${security_list}</arg>
<arg>=== Critical Updates List ===</arg>
<arg>${critical_list}</arg>
<arg>=== CVE List ===</arg>
<arg>${cve_list}</arg>
<arg>=== Security Update Details ===</arg>
<arg>${security_info}</arg>
<doc>Catenates the given items together and returns the resulted string.</doc>
<status status="PASS" start="2025-10-05T15:44:16.008135" elapsed="0.000536"/>
</kw>
<kw name="Log" owner="BuiltIn">
<msg time="2025-10-05T15:44:16.009053" level="INFO">🔒 Security updates status collected</msg>
<arg>🔒 Security updates status collected</arg>
<arg>console=yes</arg>
<doc>Logs the given message with the given level.</doc>
<status status="PASS" start="2025-10-05T15:44:16.008873" elapsed="0.000322"/>
</kw>
<return>
<value>${security_status}</value>
<status status="PASS" start="2025-10-05T15:44:16.009263" elapsed="0.000045"/>
</return>
<msg time="2025-10-05T15:44:16.009560" level="INFO">${security_status} = === Security Updates List ===
bash: line 1: yum: command not found
bash: line 1: dnf: command not found
Security list not available

=== Critical Updates List ===
bash: line 1: yum: command not found
...</msg>
<var>${security_status}</var>
<doc>🔒 Check security patches and critical updates status</doc>
<status status="PASS" start="2025-10-05T15:44:15.813059" elapsed="0.196543"/>
</kw>
<kw name="Save Security Updates to File" owner="patch_keywords">
<kw name="Get Current Date" owner="DateTime">
<msg time="2025-10-05T15:44:16.010432" level="INFO">${timestamp} = 20251005_154416</msg>
<var>${timestamp}</var>
<arg>result_format=%Y%m%d_%H%M%S</arg>
<doc>Returns current local or UTC time with an optional increment.</doc>
<status status="PASS" start="2025-10-05T15:44:16.010214" elapsed="0.001317"/>
</kw>
<kw name="Set Variable" owner="BuiltIn">
<msg time="2025-10-05T15:44:16.011969" level="INFO">${security_file} = results/test18_patch_management/data/security_updates_20251005_154416.txt</msg>
<var>${security_file}</var>
<arg>${DATA_DIR}/security_updates_${timestamp}.txt</arg>
<doc>Returns the given values which can then be assigned to a variables.</doc>
<status status="PASS" start="2025-10-05T15:44:16.011718" elapsed="0.000284"/>
</kw>
<kw name="Catenate" owner="BuiltIn">
<msg time="2025-10-05T15:44:16.012498" level="INFO">${report} = =========================================
=== Security Updates Status ===
=========================================
Timestamp: 20251005_154416
Target Server: alhxvdvitap01 (172.30.16.186)

=== Securit...</msg>
<var>${report}</var>
<arg>SEPARATOR=\n</arg>
<arg>=========================================</arg>
<arg>=== Security Updates Status ===</arg>
<arg>=========================================</arg>
<arg>Timestamp: ${timestamp}</arg>
<arg>Target Server: ${TARGET_HOSTNAME} (${TARGET_IP})</arg>
<arg>${security_status}</arg>
<arg>=========================================</arg>
<doc>Catenates the given items together and returns the resulted string.</doc>
<status status="PASS" start="2025-10-05T15:44:16.012126" elapsed="0.000407"/>
</kw>
<kw name="Create File" owner="OperatingSystem">
<msg time="2025-10-05T15:44:16.018659" level="INFO" html="true">Created file '&lt;a href="file:///mnt/c/Users/sacpa/Projects/robot/robotframework/results/test18_patch_management/data/security_updates_20251005_154416.txt"&gt;/mnt/c/Users/sacpa/Projects/robot/robotframework/results/test18_patch_management/data/security_updates_20251005_154416.txt&lt;/a&gt;'.</msg>
<arg>${security_file}</arg>
<arg>${report}</arg>
<doc>Creates a file with the given content and encoding.</doc>
<status status="PASS" start="2025-10-05T15:44:16.012676" elapsed="0.006105"/>
</kw>
<kw name="Log" owner="BuiltIn">
<msg time="2025-10-05T15:44:16.019147" level="INFO">📄 Security updates saved to: results/test18_patch_management/data/security_updates_20251005_154416.txt</msg>
<arg>📄 Security updates saved to: ${security_file}</arg>
<arg>console=yes</arg>
<doc>Logs the given message with the given level.</doc>
<status status="PASS" start="2025-10-05T15:44:16.018940" elapsed="0.000322"/>
</kw>
<return>
<value>${security_file}</value>
<status status="PASS" start="2025-10-05T15:44:16.019339" elapsed="0.000050"/>
</return>
<msg time="2025-10-05T15:44:16.019646" level="INFO">${security_file} = results/test18_patch_management/data/security_updates_20251005_154416.txt</msg>
<var>${security_file}</var>
<arg>${security_status}</arg>
<doc>💾 Save security updates status to file</doc>
<status status="PASS" start="2025-10-05T15:44:16.009907" elapsed="0.009769"/>
</kw>
<kw name="Log" owner="BuiltIn">
<msg time="2025-10-05T15:44:16.019966" level="INFO">📄 Security updates saved to: results/test18_patch_management/data/security_updates_20251005_154416.txt</msg>
<arg>📄 Security updates saved to: ${security_file}</arg>
<arg>console=yes</arg>
<doc>Logs the given message with the given level.</doc>
<status status="PASS" start="2025-10-05T15:44:16.019802" elapsed="0.000351"/>
</kw>
<kw name="Log" owner="BuiltIn">
<msg time="2025-10-05T15:44:16.020478" level="INFO">✅ Security updates status validated</msg>
<arg>✅ Security updates status validated</arg>
<arg>console=yes</arg>
<doc>Logs the given message with the given level.</doc>
<status status="PASS" start="2025-10-05T15:44:16.020313" elapsed="0.000285"/>
</kw>
<kw name="Log Test End" owner="patch_keywords" type="TEARDOWN">
<kw name="Log" owner="BuiltIn">
<msg time="2025-10-05T15:44:16.021662" level="INFO">================================================================================</msg>
<arg>================================================================================</arg>
<arg>console=yes</arg>
<doc>Logs the given message with the given level.</doc>
<status status="PASS" start="2025-10-05T15:44:16.021445" elapsed="0.000366"/>
</kw>
<kw name="Log" owner="BuiltIn">
<msg time="2025-10-05T15:44:16.022240" level="INFO">🏁 Completed Test: Normal - Validate Security Updates Status | Status: PASS</msg>
<arg>🏁 Completed Test: ${test_name} | Status: ${status}</arg>
<arg>console=yes</arg>
<doc>Logs the given message with the given level.</doc>
<status status="PASS" start="2025-10-05T15:44:16.021990" elapsed="0.000371"/>
</kw>
<kw name="Log" owner="BuiltIn">
<msg time="2025-10-05T15:44:16.022784" level="INFO">================================================================================
</msg>
<arg>================================================================================\n</arg>
<arg>console=yes</arg>
<doc>Logs the given message with the given level.</doc>
<status status="PASS" start="2025-10-05T15:44:16.022522" elapsed="0.000393"/>
</kw>
<arg>${TEST_NAME}</arg>
<arg>${TEST_STATUS}</arg>
<doc>📝 Log the end of a test case with status</doc>
<status status="PASS" start="2025-10-05T15:44:16.020951" elapsed="0.002066"/>
</kw>
<doc>🔒 Check status of security patches and critical updates</doc>
<tag>critical</tag>
<tag>normal</tag>
<tag>security</tag>
<tag>updates</tag>
<status status="PASS" start="2025-10-05T15:44:15.808803" elapsed="0.214268"/>
</test>
<test id="s1-t15" name="Normal - Comprehensive Patch Management Summary" line="211">
<kw name="Log Test Start" owner="patch_keywords" type="SETUP">
<kw name="Log" owner="BuiltIn">
<msg time="2025-10-05T15:44:16.025061" level="INFO">
================================================================================</msg>
<arg>\n================================================================================</arg>
<arg>console=yes</arg>
<doc>Logs the given message with the given level.</doc>
<status status="PASS" start="2025-10-05T15:44:16.024727" elapsed="0.000481"/>
</kw>
<kw name="Log" owner="BuiltIn">
<msg time="2025-10-05T15:44:16.025575" level="INFO">🏁 Starting Test: Normal - Comprehensive Patch Management Summary</msg>
<arg>🏁 Starting Test: ${test_name}</arg>
<arg>console=yes</arg>
<doc>Logs the given message with the given level.</doc>
<status status="PASS" start="2025-10-05T15:44:16.025347" elapsed="0.000325"/>
</kw>
<kw name="Log" owner="BuiltIn">
<msg time="2025-10-05T15:44:16.026170" level="INFO">================================================================================</msg>
<arg>================================================================================</arg>
<arg>console=yes</arg>
<doc>Logs the given message with the given level.</doc>
<status status="PASS" start="2025-10-05T15:44:16.026053" elapsed="0.000215"/>
</kw>
<arg>${TEST_NAME}</arg>
<doc>📝 Log the start of a test case</doc>
<status status="PASS" start="2025-10-05T15:44:16.024018" elapsed="0.002321"/>
</kw>
<kw name="Log" owner="BuiltIn">
<msg time="2025-10-05T15:44:16.026547" level="INFO">🔍 Generating comprehensive patch management summary...</msg>
<arg>🔍 Generating comprehensive patch management summary...</arg>
<arg>console=yes</arg>
<doc>Logs the given message with the given level.</doc>
<status status="PASS" start="2025-10-05T15:44:16.026436" elapsed="0.000196"/>
</kw>
<kw name="Validate All Patch Management Settings" owner="patch_keywords">
<kw name="Log" owner="BuiltIn">
<msg time="2025-10-05T15:44:16.027125" level="INFO">📊 Validating all patch management and RSA settings...</msg>
<arg>📊 Validating all patch management and RSA settings...</arg>
<arg>console=yes</arg>
<doc>Logs the given message with the given level.</doc>
<status status="PASS" start="2025-10-05T15:44:16.026973" elapsed="0.000248"/>
</kw>
<kw name="Log" owner="BuiltIn">
<msg time="2025-10-05T15:44:16.027418" level="INFO">✅ All patch management and RSA data collected and validated</msg>
<arg>✅ All patch management and RSA data collected and validated</arg>
<arg>console=yes</arg>
<doc>Logs the given message with the given level.</doc>
<status status="PASS" start="2025-10-05T15:44:16.027328" elapsed="0.000415"/>
</kw>
<doc>📊 Validate all patch management and RSA settings</doc>
<status status="PASS" start="2025-10-05T15:44:16.026779" elapsed="0.001491"/>
</kw>
<kw name="Log" owner="BuiltIn">
<msg time="2025-10-05T15:44:16.028502" level="INFO">📊 Comprehensive patch management summary:</msg>
<arg>📊 Comprehensive patch management summary:</arg>
<arg>console=yes</arg>
<doc>Logs the given message with the given level.</doc>
<status status="PASS" start="2025-10-05T15:44:16.028383" elapsed="0.000214"/>
</kw>
<kw name="Log" owner="BuiltIn">
<msg time="2025-10-05T15:44:16.028847" level="INFO">📊 - RSA Agent: Validated ✅</msg>
<arg>📊 - RSA Agent: Validated ✅</arg>
<arg>console=yes</arg>
<doc>Logs the given message with the given level.</doc>
<status status="PASS" start="2025-10-05T15:44:16.028739" elapsed="0.000201"/>
</kw>
<kw name="Log" owner="BuiltIn">
<msg time="2025-10-05T15:44:16.029195" level="INFO">📊 - RSA Configuration: Checked ✅</msg>
<arg>📊 - RSA Configuration: Checked ✅</arg>
<arg>console=yes</arg>
<doc>Logs the given message with the given level.</doc>
<status status="PASS" start="2025-10-05T15:44:16.029057" elapsed="0.000237"/>
</kw>
<kw name="Log" owner="BuiltIn">
<msg time="2025-10-05T15:44:16.029558" level="INFO">📊 - RSA Authentication: Validated ✅</msg>
<arg>📊 - RSA Authentication: Validated ✅</arg>
<arg>console=yes</arg>
<doc>Logs the given message with the given level.</doc>
<status status="PASS" start="2025-10-05T15:44:16.029454" elapsed="0.000187"/>
</kw>
<kw name="Log" owner="BuiltIn">
<msg time="2025-10-05T15:44:16.029924" level="INFO">📊 - RSA Connectivity: Tested ✅</msg>
<arg>📊 - RSA Connectivity: Tested ✅</arg>
<arg>console=yes</arg>
<doc>Logs the given message with the given level.</doc>
<status status="PASS" start="2025-10-05T15:44:16.029798" elapsed="0.000214"/>
</kw>
<kw name="Log" owner="BuiltIn">
<msg time="2025-10-05T15:44:16.030238" level="INFO">📊 - Patch Registration: Validated ✅</msg>
<arg>📊 - Patch Registration: Validated ✅</arg>
<arg>console=yes</arg>
<doc>Logs the given message with the given level.</doc>
<status status="PASS" start="2025-10-05T15:44:16.030130" elapsed="0.000198"/>
</kw>
<kw name="Log" owner="BuiltIn">
<msg time="2025-10-05T15:44:16.030576" level="INFO">📊 - Subscription Status: Checked ✅</msg>
<arg>📊 - Subscription Status: Checked ✅</arg>
<arg>console=yes</arg>
<doc>Logs the given message with the given level.</doc>
<status status="PASS" start="2025-10-05T15:44:16.030480" elapsed="0.000179"/>
</kw>
<kw name="Log" owner="BuiltIn">
<msg time="2025-10-05T15:44:16.030857" level="INFO">📊 - Available Patches: Documented ✅</msg>
<arg>📊 - Available Patches: Documented ✅</arg>
<arg>console=yes</arg>
<doc>Logs the given message with the given level.</doc>
<status status="PASS" start="2025-10-05T15:44:16.030769" elapsed="0.000169"/>
</kw>
<kw name="Log" owner="BuiltIn">
<msg time="2025-10-05T15:44:16.031425" level="INFO">✅ Comprehensive patch management validation: COMPLETED</msg>
<arg>✅ Comprehensive patch management validation: COMPLETED</arg>
<arg>console=yes</arg>
<doc>Logs the given message with the given level.</doc>
<status status="PASS" start="2025-10-05T15:44:16.031121" elapsed="0.000408"/>
</kw>
<kw name="Log Test End" owner="patch_keywords" type="TEARDOWN">
<kw name="Log" owner="BuiltIn">
<msg time="2025-10-05T15:44:16.032216" level="INFO">================================================================================</msg>
<arg>================================================================================</arg>
<arg>console=yes</arg>
<doc>Logs the given message with the given level.</doc>
<status status="PASS" start="2025-10-05T15:44:16.032116" elapsed="0.000194"/>
</kw>
<kw name="Log" owner="BuiltIn">
<msg time="2025-10-05T15:44:16.032623" level="INFO">🏁 Completed Test: Normal - Comprehensive Patch Management Summary | Status: PASS</msg>
<arg>🏁 Completed Test: ${test_name} | Status: ${status}</arg>
<arg>console=yes</arg>
<doc>Logs the given message with the given level.</doc>
<status status="PASS" start="2025-10-05T15:44:16.032424" elapsed="0.000285"/>
</kw>
<kw name="Log" owner="BuiltIn">
<msg time="2025-10-05T15:44:16.032958" level="INFO">================================================================================
</msg>
<arg>================================================================================\n</arg>
<arg>console=yes</arg>
<doc>Logs the given message with the given level.</doc>
<status status="PASS" start="2025-10-05T15:44:16.032847" elapsed="0.000198"/>
</kw>
<arg>${TEST_NAME}</arg>
<arg>${TEST_STATUS}</arg>
<doc>📝 Log the end of a test case with status</doc>
<status status="PASS" start="2025-10-05T15:44:16.031812" elapsed="0.001304"/>
</kw>
<doc>📊 Generate comprehensive summary of patch management and RSA configuration</doc>
<tag>compliance</tag>
<tag>comprehensive</tag>
<tag>normal</tag>
<tag>summary</tag>
<status status="PASS" start="2025-10-05T15:44:16.023389" elapsed="0.009763"/>
</test>
<kw name="Close All SSH Connections" owner="patch_keywords" type="TEARDOWN">
<kw name="Log" owner="BuiltIn">
<msg time="2025-10-05T15:44:16.034136" level="INFO">🔌 Closing SSH connections...</msg>
<arg>🔌 Closing SSH connections...</arg>
<arg>console=yes</arg>
<doc>Logs the given message with the given level.</doc>
<status status="PASS" start="2025-10-05T15:44:16.034028" elapsed="0.000203"/>
</kw>
<kw name="Close All Connections" owner="SSHLibrary">
<doc>Closes all open connections.</doc>
<status status="PASS" start="2025-10-05T15:44:16.034373" elapsed="0.000304"/>
</kw>
<kw name="Log" owner="BuiltIn">
<msg time="2025-10-05T15:44:16.034911" level="INFO">✅ SSH connections closed</msg>
<arg>✅ SSH connections closed</arg>
<arg>console=yes</arg>
<doc>Logs the given message with the given level.</doc>
<status status="PASS" start="2025-10-05T15:44:16.034778" elapsed="0.000243"/>
</kw>
<doc>🔌 Close all SSH connections</doc>
<status status="PASS" start="2025-10-05T15:44:16.033845" elapsed="0.001256"/>
</kw>
<doc>🔐 Patch Management &amp; RSA Authentication Test Suite - Test-18
🔍 Process: Find hostname in EDS → SSH to server → Check RSA configuration → Validate patch management registration
✅ Validates: RSA agent installation, RSA configuration files, RSA authentication settings, RSA server connectivity
📊 Documents: Patch management server registration (Ansible/Satellite), RSA agent status, authentication flow readiness
🔐 Focus: Two-factor authentication (RSA) setup validation for patch management access</doc>
<status status="FAIL" start="2025-10-05T15:43:58.398046" elapsed="17.637086"/>
</suite>
<statistics>
<total>
<stat pass="14" fail="1" skip="0">All Tests</stat>
</total>
<tag>
<stat pass="1" fail="0" skip="0">2fa</stat>
<stat pass="1" fail="0" skip="0">agent</stat>
<stat pass="2" fail="0" skip="0">ansible</stat>
<stat pass="1" fail="0" skip="0">authentication</stat>
<stat pass="1" fail="0" skip="0">authentication_flow</stat>
<stat pass="1" fail="0" skip="0">compliance</stat>
<stat pass="1" fail="0" skip="0">comprehensive</stat>
<stat pass="2" fail="0" skip="0">configuration</stat>
<stat pass="1" fail="0" skip="0">connection</stat>
<stat pass="2" fail="0" skip="0">connectivity</stat>
<stat pass="1" fail="0" skip="0">control_node</stat>
<stat pass="8" fail="0" skip="0">critical</stat>
<stat pass="1" fail="0" skip="0">files</stat>
<stat pass="1" fail="0" skip="0">infrastructure</stat>
<stat pass="1" fail="0" skip="0">installation</stat>
<stat pass="1" fail="0" skip="0">maintenance</stat>
<stat pass="1" fail="0" skip="0">network</stat>
<stat pass="7" fail="1" skip="0">normal</stat>
<stat pass="1" fail="1" skip="0">patches</stat>
<stat pass="1" fail="0" skip="0">patch_management</stat>
<stat pass="1" fail="0" skip="0">registration</stat>
<stat pass="1" fail="0" skip="0">rhel</stat>
<stat pass="7" fail="0" skip="0">rsa</stat>
<stat pass="2" fail="0" skip="0">satellite</stat>
<stat pass="1" fail="0" skip="0">schedule</stat>
<stat pass="1" fail="0" skip="0">security</stat>
<stat pass="1" fail="0" skip="0">service</stat>
<stat pass="1" fail="0" skip="0">settings</stat>
<stat pass="1" fail="0" skip="0">ssh</stat>
<stat pass="1" fail="0" skip="0">status</stat>
<stat pass="1" fail="0" skip="0">subscription</stat>
<stat pass="1" fail="0" skip="0">summary</stat>
<stat pass="1" fail="0" skip="0">token</stat>
<stat pass="1" fail="1" skip="0">updates</stat>
<stat pass="0" fail="1" skip="0">yum</stat>
</tag>
<suite>
<stat name="Patch Management" id="s1" pass="14" fail="1" skip="0">Patch Management</stat>
</suite>
</statistics>
<errors>
</errors>
</robot>
