<?xml version="1.0" encoding="UTF-8"?>
<robot generator="Robot 7.3.2 (Python 3.13.7 on win32)" generated="2025-10-01T16:13:47.596842" rpa="false" schemaversion="5">
<suite id="s1" name="Services Validation" source="C:\Users\sacpa\Projects\robot\robotframework\tests\test11_services_validation\services_validation.robot">
<kw name="Initialize Services Test Environment" owner="services_keywords" type="SETUP">
<kw name="Log" owner="BuiltIn">
<msg time="2025-10-01T16:13:52.047938" level="INFO">🚀 Initializing Test-11: Services Validation Environment...</msg>
<arg>🚀 Initializing Test-11: Services Validation Environment...</arg>
<arg>console=yes</arg>
<doc>Logs the given message with the given level.</doc>
<status status="PASS" start="2025-10-01T16:13:52.047575" elapsed="0.001206"/>
</kw>
<kw name="Create Directory" owner="OperatingSystem">
<msg time="2025-10-01T16:13:52.050095" level="INFO" html="true">Directory '&lt;a href="file://C:\Users\sacpa\Projects\robot\robotframework\results\test11_services_validation\data"&gt;C:\Users\sacpa\Projects\robot\robotframework\results\test11_services_validation\data&lt;/a&gt;' already exists.</msg>
<arg>${DATA_DIR}</arg>
<doc>Creates the specified directory.</doc>
<status status="PASS" start="2025-10-01T16:13:52.049352" elapsed="0.001203"/>
</kw>
<kw name="Lookup Server Config" owner="EDSLookup">
<msg time="2025-10-01T16:13:52.093326" level="INFO">Found matching row for hostname 'alhxvdvitap01'</msg>
<msg time="2025-10-01T16:13:52.093897" level="INFO">Extracted IP from EDS: 10.26.216.107</msg>
<msg time="2025-10-01T16:13:52.094043" level="INFO">Extracted subnet from EDS: 10.26.216.0/24</msg>
<msg time="2025-10-01T16:13:52.094133" level="INFO">Extracted mask from EDS: 255.255.255.0</msg>
<msg time="2025-10-01T16:13:52.094210" level="INFO">Extracted gateway from EDS: 10.26.216.4</msg>
<msg time="2025-10-01T16:13:52.094286" level="INFO">Extracted CNAME from EDS: alhxvdvitap01</msg>
<msg time="2025-10-01T16:13:52.094362" level="INFO">Extracted domain from EDS: gnscet.com</msg>
<msg time="2025-10-01T16:13:52.094444" level="INFO">Extracted CPU cores from EDS: 8</msg>
<msg time="2025-10-01T16:13:52.094522" level="INFO">Extracted RAM from EDS: 16</msg>
<msg time="2025-10-01T16:13:52.094601" level="INFO">Extracted storage type from EDS: VSAN</msg>
<msg time="2025-10-01T16:13:52.094685" level="INFO">Extracted storage total TB from EDS: 0.465</msg>
<msg time="2025-10-01T16:13:52.094765" level="INFO">Extracted drive/volume group from EDS: rootvg:</msg>
<msg time="2025-10-01T16:13:52.094844" level="INFO">Extracted file system from EDS: /dev/mapper/rootvg-rootlv</msg>
<msg time="2025-10-01T16:13:52.094923" level="INFO">Extracted logical volume/partition from EDS: /</msg>
<msg time="2025-10-01T16:13:52.094999" level="INFO">Extracted storage allocation GB from EDS: 20</msg>
<msg time="2025-10-01T16:13:52.095076" level="INFO">Extracted recommended storage allocation GB from EDS: 20</msg>
<msg time="2025-10-01T16:13:52.095150" level="INFO">Extracted drive purpose from EDS: OS</msg>
<msg time="2025-10-01T16:13:52.095224" level="INFO">Extracted OS type from EDS: RHEL 9.6</msg>
<msg time="2025-10-01T16:13:52.095308" level="INFO">EDS configuration for alhxvdvitap01: {'ip': '10.26.216.107', 'subnet': '10.26.216.0/24', 'mask': '255.255.255.0', 'gateway': '10.26.216.4', 'cname': 'alhxvdvitap01', 'domain': 'gnscet.com', 'cpu_cores': '8', 'ram': '16', 'storage_type': 'VSAN', 'storage_total_tb': '0.465', 'drive_volume_group': 'rootvg:', 'file_system': '/dev/mapper/rootvg-rootlv', 'logical_volume_partition': '/', 'storage_allocation_gb': '20', 'recommended_storage_gb': '20', 'drive_purpose': 'OS', 'os_type': 'RHEL 9.6'}</msg>
<msg time="2025-10-01T16:13:52.095876" level="INFO">${eds_config} = {'ip': '10.26.216.107', 'subnet': '10.26.216.0/24', 'mask': '255.255.255.0', 'gateway': '10.26.216.4', 'cname': 'alhxvdvitap01', 'domain': 'gnscet.com', 'cpu_cores': '8', 'ram': '16', 'storage_type': ...</msg>
<var>${eds_config}</var>
<arg>${TARGET_HOSTNAME}</arg>
<doc>Lookup server configuration from EDS sheet based on hostname</doc>
<status status="PASS" start="2025-10-01T16:13:52.050919" elapsed="0.045099"/>
</kw>
<kw name="Set Suite Variable" owner="BuiltIn">
<msg time="2025-10-01T16:13:52.098214" level="INFO">${TARGET_IP} = 10.26.216.107</msg>
<arg>${TARGET_IP}</arg>
<arg>${eds_config['ip']}</arg>
<doc>Makes a variable available everywhere within the scope of the current suite.</doc>
<status status="PASS" start="2025-10-01T16:13:52.096392" elapsed="0.001916"/>
</kw>
<kw name="Log" owner="BuiltIn">
<msg time="2025-10-01T16:13:52.098957" level="INFO">📋 Target Server: alhxvdvitap01</msg>
<arg>📋 Target Server: ${TARGET_HOSTNAME}</arg>
<arg>console=yes</arg>
<doc>Logs the given message with the given level.</doc>
<status status="PASS" start="2025-10-01T16:13:52.098549" elapsed="0.000867"/>
</kw>
<kw name="Log" owner="BuiltIn">
<msg time="2025-10-01T16:13:52.100636" level="INFO">📋 Target IP: 10.26.216.107</msg>
<arg>📋 Target IP: ${TARGET_IP}</arg>
<arg>console=yes</arg>
<doc>Logs the given message with the given level.</doc>
<status status="PASS" start="2025-10-01T16:13:52.100005" elapsed="0.001065"/>
</kw>
<kw name="Log" owner="BuiltIn">
<msg time="2025-10-01T16:13:52.102410" level="INFO">🔗 Connecting to target server: 10.26.216.107...</msg>
<arg>🔗 Connecting to target server: ${TARGET_IP}...</arg>
<arg>console=yes</arg>
<doc>Logs the given message with the given level.</doc>
<status status="PASS" start="2025-10-01T16:13:52.101774" elapsed="0.001250"/>
</kw>
<kw name="Open Connection" owner="SSHLibrary">
<arg>${TARGET_IP}</arg>
<doc>Opens a new SSH connection to the given ``host`` and ``port``.</doc>
<status status="PASS" start="2025-10-01T16:13:52.103777" elapsed="0.000720"/>
</kw>
<kw name="Login" owner="SSHLibrary">
<msg time="2025-10-01T16:13:52.105244" level="INFO">Logging into '10.26.216.107:22' as 'pauls6'.</msg>
<msg time="2025-10-01T16:13:55.115399" level="FAIL">TimeoutError: timed out</msg>
<arg>${SSH_USERNAME}</arg>
<arg>${SSH_PASSWORD}</arg>
<doc>Logs into the SSH server with the given ``username`` and ``password``.</doc>
<status status="FAIL" start="2025-10-01T16:13:52.104793" elapsed="3.019040">TimeoutError: timed out</status>
</kw>
<kw name="Log" owner="BuiltIn">
<arg>✅ SSH connection established successfully</arg>
<arg>console=yes</arg>
<doc>Logs the given message with the given level.</doc>
<status status="NOT RUN" start="2025-10-01T16:13:55.124410" elapsed="0.000081"/>
</kw>
<kw name="Log" owner="BuiltIn">
<arg>✅ Test-11 environment initialized</arg>
<arg>console=yes</arg>
<doc>Logs the given message with the given level.</doc>
<status status="NOT RUN" start="2025-10-01T16:13:55.124798" elapsed="0.000056"/>
</kw>
<doc>🏗️ Set up test environment for services validation</doc>
<status status="FAIL" start="2025-10-01T16:13:52.046285" elapsed="3.078918">TimeoutError: timed out</status>
</kw>
<test id="s1-t1" name="Critical - Connect to Target Server" line="20">
<doc>🔗 Establish direct connection to target machine via SSH</doc>
<tag>connection</tag>
<tag>critical</tag>
<tag>infrastructure</tag>
<tag>ssh</tag>
<status status="FAIL" start="2025-10-01T16:13:55.125472" elapsed="0.001631">Parent suite setup failed:
TimeoutError: timed out</status>
</test>
<test id="s1-t2" name="Critical - List All Running Services" line="33">
<doc>📋 Execute systemctl to list all services and their current status</doc>
<tag>critical</tag>
<tag>data_collection</tag>
<tag>services</tag>
<tag>systemctl</tag>
<status status="FAIL" start="2025-10-01T16:13:55.129071" elapsed="0.001653">Parent suite setup failed:
TimeoutError: timed out</status>
</test>
<test id="s1-t3" name="Critical - Document Service Status to File" line="49">
<doc>💾 Save complete service list output to file for compliance review</doc>
<tag>compliance</tag>
<tag>critical</tag>
<tag>documentation</tag>
<tag>file_output</tag>
<status status="FAIL" start="2025-10-01T16:13:55.133269" elapsed="0.001744">Parent suite setup failed:
TimeoutError: timed out</status>
</test>
<test id="s1-t4" name="Critical - Validate Required Services Enabled" line="67">
<doc>✅ Verify required services (autofs, sshd, sssd, chronyd, ntpd, syslog) are enabled</doc>
<tag>critical</tag>
<tag>enabled</tag>
<tag>services</tag>
<tag>validation</tag>
<status status="FAIL" start="2025-10-01T16:13:55.140850" elapsed="0.001281">Parent suite setup failed:
TimeoutError: timed out</status>
</test>
<test id="s1-t5" name="Critical - Validate Unnecessary Services Disabled" line="85">
<doc>❌ Verify unnecessary services (iptables, selinux) are disabled</doc>
<tag>critical</tag>
<tag>disabled</tag>
<tag>security</tag>
<tag>services</tag>
<tag>validation</tag>
<status status="FAIL" start="2025-10-01T16:13:55.143462" elapsed="0.001593">Parent suite setup failed:
TimeoutError: timed out</status>
</test>
<test id="s1-t6" name="Normal - Service Dependency Analysis" line="103">
<doc>🔗 Analyze service dependencies and relationships</doc>
<tag>analysis</tag>
<tag>dependencies</tag>
<tag>normal</tag>
<tag>services</tag>
<status status="FAIL" start="2025-10-01T16:13:55.145628" elapsed="0.000457">Parent suite setup failed:
TimeoutError: timed out</status>
</test>
<test id="s1-t7" name="Normal - Failed Services Report" line="121">
<doc>⚠️ Identify and report any failed services on the system</doc>
<tag>failed</tag>
<tag>monitoring</tag>
<tag>normal</tag>
<tag>troubleshooting</tag>
<status status="FAIL" start="2025-10-01T16:13:55.146601" elapsed="0.000669">Parent suite setup failed:
TimeoutError: timed out</status>
</test>
<test id="s1-t8" name="Normal - Service Startup Time Analysis" line="139">
<doc>⏱️ Analyze system boot time and service startup performance</doc>
<tag>boot</tag>
<tag>normal</tag>
<tag>performance</tag>
<tag>timing</tag>
<status status="FAIL" start="2025-10-01T16:13:55.147880" elapsed="0.000869">Parent suite setup failed:
TimeoutError: timed out</status>
</test>
<test id="s1-t9" name="Normal - Security Services Status" line="155">
<doc>🔒 Check status of security-related services and configurations</doc>
<tag>firewall</tag>
<tag>normal</tag>
<tag>security</tag>
<tag>selinux</tag>
<status status="FAIL" start="2025-10-01T16:13:55.149271" elapsed="0.000689">Parent suite setup failed:
TimeoutError: timed out</status>
</test>
<kw name="Close All SSH Connections" owner="services_keywords" type="TEARDOWN">
<kw name="Log" owner="BuiltIn">
<msg time="2025-10-01T16:13:55.154251" level="INFO">🔌 Closing SSH connections...</msg>
<arg>🔌 Closing SSH connections...</arg>
<arg>console=yes</arg>
<doc>Logs the given message with the given level.</doc>
<status status="PASS" start="2025-10-01T16:13:55.152755" elapsed="0.005864"/>
</kw>
<kw name="Close All Connections" owner="SSHLibrary">
<doc>Closes all open connections.</doc>
<status status="PASS" start="2025-10-01T16:13:55.159278" elapsed="0.000650"/>
</kw>
<kw name="Log" owner="BuiltIn">
<msg time="2025-10-01T16:13:55.161400" level="INFO">✅ SSH connections closed</msg>
<arg>✅ SSH connections closed</arg>
<arg>console=yes</arg>
<doc>Logs the given message with the given level.</doc>
<status status="PASS" start="2025-10-01T16:13:55.160796" elapsed="0.001751"/>
</kw>
<doc>🔌 Close all SSH connections</doc>
<status status="PASS" start="2025-10-01T16:13:55.151880" elapsed="0.011152"/>
</kw>
<doc>⚙️ Services Validation Test Suite - Test-11
🔍 Process: Find hostname in EDS → SSH to server → Collect service status data → Document all running services
✅ Validates: Required services (autofs, sshd, sssd, chronyd, ntpd, syslog) are enabled
❌ Validates: Unnecessary services (iptables, selinux) are disabled
📊 Documents complete service list for manual compliance review</doc>
<status status="FAIL" start="2025-10-01T16:13:47.600154" elapsed="7.563043">Suite setup failed:
TimeoutError: timed out</status>
</suite>
<statistics>
<total>
<stat pass="0" fail="9" skip="0">All Tests</stat>
</total>
<tag>
<stat pass="0" fail="1" skip="0">analysis</stat>
<stat pass="0" fail="1" skip="0">boot</stat>
<stat pass="0" fail="1" skip="0">compliance</stat>
<stat pass="0" fail="1" skip="0">connection</stat>
<stat pass="0" fail="5" skip="0">critical</stat>
<stat pass="0" fail="1" skip="0">data_collection</stat>
<stat pass="0" fail="1" skip="0">dependencies</stat>
<stat pass="0" fail="1" skip="0">disabled</stat>
<stat pass="0" fail="1" skip="0">documentation</stat>
<stat pass="0" fail="1" skip="0">enabled</stat>
<stat pass="0" fail="1" skip="0">failed</stat>
<stat pass="0" fail="1" skip="0">file_output</stat>
<stat pass="0" fail="1" skip="0">firewall</stat>
<stat pass="0" fail="1" skip="0">infrastructure</stat>
<stat pass="0" fail="1" skip="0">monitoring</stat>
<stat pass="0" fail="4" skip="0">normal</stat>
<stat pass="0" fail="1" skip="0">performance</stat>
<stat pass="0" fail="2" skip="0">security</stat>
<stat pass="0" fail="1" skip="0">selinux</stat>
<stat pass="0" fail="4" skip="0">services</stat>
<stat pass="0" fail="1" skip="0">ssh</stat>
<stat pass="0" fail="1" skip="0">systemctl</stat>
<stat pass="0" fail="1" skip="0">timing</stat>
<stat pass="0" fail="1" skip="0">troubleshooting</stat>
<stat pass="0" fail="2" skip="0">validation</stat>
</tag>
<suite>
<stat name="Services Validation" id="s1" pass="0" fail="9" skip="0">Services Validation</stat>
</suite>
</statistics>
<errors>
</errors>
</robot>
