<?xml version="1.0" encoding="UTF-8"?>
<robot generator="Robot 7.3.2 (Python 3.13.7 on win32)" generated="2025-09-30T17:22:35.506786" rpa="false" schemaversion="5">
<suite id="s1" name="Disk Space Validation" source="C:\Users\sacpa\Projects\robot\robotframework\tests\test5_disk_space_validation\disk_space_validation.robot">
<kw name="Initialize Storage Test Environment And Lookup Configuration" owner="storage_keywords" type="SETUP">
<kw name="Log" owner="BuiltIn">
<msg time="2025-09-30T17:22:36.336488" level="INFO">🚀 Initializing Test-5: Storage &amp; System Validation Environment...</msg>
<arg>🚀 Initializing Test-5: Storage &amp; System Validation Environment...</arg>
<arg>console=yes</arg>
<doc>Logs the given message with the given level.</doc>
<status status="PASS" start="2025-09-30T17:22:36.336283" elapsed="0.000485"/>
</kw>
<kw name="Create Directory" owner="OperatingSystem">
<msg time="2025-09-30T17:22:36.337237" level="INFO" html="true">Directory '&lt;a href="file://C:\Users\sacpa\Projects\robot\robotframework\results\test5_disk_space_validation\data"&gt;C:\Users\sacpa\Projects\robot\robotframework\results\test5_disk_space_validation\data&lt;/a&gt;' already exists.</msg>
<arg>${DATA_DIR}</arg>
<doc>Creates the specified directory.</doc>
<status status="PASS" start="2025-09-30T17:22:36.337036" elapsed="0.000257"/>
</kw>
<kw name="Lookup Server Config" owner="EDSLookup">
<msg time="2025-09-30T17:22:36.358417" level="INFO">Found matching row for hostname 'alhxvdvitap01'</msg>
<msg time="2025-09-30T17:22:36.358777" level="INFO">Extracted IP from EDS: 10.26.216.107</msg>
<msg time="2025-09-30T17:22:36.358926" level="INFO">Extracted subnet from EDS: 10.26.216.0/24</msg>
<msg time="2025-09-30T17:22:36.358989" level="INFO">Extracted mask from EDS: 255.255.255.0</msg>
<msg time="2025-09-30T17:22:36.359147" level="INFO">Extracted gateway from EDS: 10.26.216.4</msg>
<msg time="2025-09-30T17:22:36.359199" level="INFO">Extracted CNAME from EDS: alhxvdvitap01</msg>
<msg time="2025-09-30T17:22:36.359249" level="INFO">Extracted domain from EDS: gnscet.com</msg>
<msg time="2025-09-30T17:22:36.359340" level="INFO">Extracted CPU cores from EDS: 8</msg>
<msg time="2025-09-30T17:22:36.359429" level="INFO">Extracted RAM from EDS: 16</msg>
<msg time="2025-09-30T17:22:36.359589" level="INFO">Extracted storage type from EDS: VSAN</msg>
<msg time="2025-09-30T17:22:36.359638" level="INFO">Extracted storage total TB from EDS: 0.465</msg>
<msg time="2025-09-30T17:22:36.359670" level="INFO">Extracted drive/volume group from EDS: rootvg:</msg>
<msg time="2025-09-30T17:22:36.359700" level="INFO">Extracted file system from EDS: /dev/mapper/rootvg-rootlv</msg>
<msg time="2025-09-30T17:22:36.359729" level="INFO">Extracted logical volume/partition from EDS: /</msg>
<msg time="2025-09-30T17:22:36.359770" level="INFO">Extracted storage allocation GB from EDS: 20</msg>
<msg time="2025-09-30T17:22:36.359801" level="INFO">Extracted recommended storage allocation GB from EDS: 20</msg>
<msg time="2025-09-30T17:22:36.359827" level="INFO">Extracted drive purpose from EDS: OS</msg>
<msg time="2025-09-30T17:22:36.359853" level="INFO">Extracted OS type from EDS: RHEL 9.6</msg>
<msg time="2025-09-30T17:22:36.359889" level="INFO">EDS configuration for alhxvdvitap01: {'ip': '10.26.216.107', 'subnet': '10.26.216.0/24', 'mask': '255.255.255.0', 'gateway': '10.26.216.4', 'cname': 'alhxvdvitap01', 'domain': 'gnscet.com', 'cpu_cores': '8', 'ram': '16', 'storage_type': 'VSAN', 'storage_total_tb': '0.465', 'drive_volume_group': 'rootvg:', 'file_system': '/dev/mapper/rootvg-rootlv', 'logical_volume_partition': '/', 'storage_allocation_gb': '20', 'recommended_storage_gb': '20', 'drive_purpose': 'OS', 'os_type': 'RHEL 9.6'}</msg>
<msg time="2025-09-30T17:22:36.360233" level="INFO">${eds_config} = {'ip': '10.26.216.107', 'subnet': '10.26.216.0/24', 'mask': '255.255.255.0', 'gateway': '10.26.216.4', 'cname': 'alhxvdvitap01', 'domain': 'gnscet.com', 'cpu_cores': '8', 'ram': '16', 'storage_type': ...</msg>
<var>${eds_config}</var>
<arg>${TARGET_HOSTNAME}</arg>
<doc>Lookup server configuration from EDS sheet based on hostname</doc>
<status status="PASS" start="2025-09-30T17:22:36.337408" elapsed="0.022875"/>
</kw>
<kw name="Set Suite Variable" owner="BuiltIn">
<msg time="2025-09-30T17:22:36.365608" level="INFO">${TARGET_IP} = 10.26.216.107</msg>
<arg>${TARGET_IP}</arg>
<arg>${eds_config['ip']}</arg>
<doc>Makes a variable available everywhere within the scope of the current suite.</doc>
<status status="PASS" start="2025-09-30T17:22:36.360944" elapsed="0.004741"/>
</kw>
<kw name="Set Suite Variable" owner="BuiltIn">
<msg time="2025-09-30T17:22:36.366687" level="INFO">${TARGET_CPU_CORES} = 8</msg>
<arg>${TARGET_CPU_CORES}</arg>
<arg>${eds_config['cpu_cores']}</arg>
<doc>Makes a variable available everywhere within the scope of the current suite.</doc>
<status status="PASS" start="2025-09-30T17:22:36.365861" elapsed="0.000868"/>
</kw>
<kw name="Set Suite Variable" owner="BuiltIn">
<msg time="2025-09-30T17:22:36.367653" level="INFO">${TARGET_RAM} = 16</msg>
<arg>${TARGET_RAM}</arg>
<arg>${eds_config['ram']}</arg>
<doc>Makes a variable available everywhere within the scope of the current suite.</doc>
<status status="PASS" start="2025-09-30T17:22:36.366854" elapsed="0.000834"/>
</kw>
<kw name="Set Suite Variable" owner="BuiltIn">
<msg time="2025-09-30T17:22:36.368454" level="INFO">${TARGET_STORAGE_TYPE} = VSAN</msg>
<arg>${TARGET_STORAGE_TYPE}</arg>
<arg>${eds_config['storage_type']}</arg>
<doc>Makes a variable available everywhere within the scope of the current suite.</doc>
<status status="PASS" start="2025-09-30T17:22:36.367804" elapsed="0.000685"/>
</kw>
<kw name="Set Suite Variable" owner="BuiltIn">
<msg time="2025-09-30T17:22:36.369180" level="INFO">${TARGET_STORAGE_TOTAL_TB} = 0.465</msg>
<arg>${TARGET_STORAGE_TOTAL_TB}</arg>
<arg>${eds_config['storage_total_tb']}</arg>
<doc>Makes a variable available everywhere within the scope of the current suite.</doc>
<status status="PASS" start="2025-09-30T17:22:36.368585" elapsed="0.000629"/>
</kw>
<kw name="Set Suite Variable" owner="BuiltIn">
<msg time="2025-09-30T17:22:36.369967" level="INFO">${TARGET_DRIVE_VOLUME_GROUP} = rootvg:</msg>
<arg>${TARGET_DRIVE_VOLUME_GROUP}</arg>
<arg>${eds_config['drive_volume_group']}</arg>
<doc>Makes a variable available everywhere within the scope of the current suite.</doc>
<status status="PASS" start="2025-09-30T17:22:36.369307" elapsed="0.000710"/>
</kw>
<kw name="Set Suite Variable" owner="BuiltIn">
<msg time="2025-09-30T17:22:36.370819" level="INFO">${TARGET_FILE_SYSTEM} = /dev/mapper/rootvg-rootlv</msg>
<arg>${TARGET_FILE_SYSTEM}</arg>
<arg>${eds_config['file_system']}</arg>
<doc>Makes a variable available everywhere within the scope of the current suite.</doc>
<status status="PASS" start="2025-09-30T17:22:36.370128" elapsed="0.000725"/>
</kw>
<kw name="Set Suite Variable" owner="BuiltIn">
<msg time="2025-09-30T17:22:36.373181" level="INFO">${TARGET_LOGICAL_VOLUME} = /</msg>
<arg>${TARGET_LOGICAL_VOLUME}</arg>
<arg>${eds_config['logical_volume_partition']}</arg>
<doc>Makes a variable available everywhere within the scope of the current suite.</doc>
<status status="PASS" start="2025-09-30T17:22:36.370950" elapsed="0.002335"/>
</kw>
<kw name="Set Suite Variable" owner="BuiltIn">
<msg time="2025-09-30T17:22:36.375016" level="INFO">${TARGET_STORAGE_ALLOC_GB} = 20</msg>
<arg>${TARGET_STORAGE_ALLOC_GB}</arg>
<arg>${eds_config['storage_allocation_gb']}</arg>
<doc>Makes a variable available everywhere within the scope of the current suite.</doc>
<status status="PASS" start="2025-09-30T17:22:36.373541" elapsed="0.001560"/>
</kw>
<kw name="Set Suite Variable" owner="BuiltIn">
<msg time="2025-09-30T17:22:36.376445" level="INFO">${TARGET_RECOMMENDED_GB} = 20</msg>
<arg>${TARGET_RECOMMENDED_GB}</arg>
<arg>${eds_config['recommended_storage_gb']}</arg>
<doc>Makes a variable available everywhere within the scope of the current suite.</doc>
<status status="PASS" start="2025-09-30T17:22:36.375310" elapsed="0.001212"/>
</kw>
<kw name="Set Suite Variable" owner="BuiltIn">
<msg time="2025-09-30T17:22:36.379064" level="INFO">${TARGET_DRIVE_PURPOSE} = OS</msg>
<arg>${TARGET_DRIVE_PURPOSE}</arg>
<arg>${eds_config['drive_purpose']}</arg>
<doc>Makes a variable available everywhere within the scope of the current suite.</doc>
<status status="PASS" start="2025-09-30T17:22:36.376979" elapsed="0.002189"/>
</kw>
<kw name="Set Suite Variable" owner="BuiltIn">
<msg time="2025-09-30T17:22:36.381462" level="INFO">${TARGET_OS_TYPE} = RHEL 9.6</msg>
<arg>${TARGET_OS_TYPE}</arg>
<arg>${eds_config['os_type']}</arg>
<doc>Makes a variable available everywhere within the scope of the current suite.</doc>
<status status="PASS" start="2025-09-30T17:22:36.379420" elapsed="0.002128"/>
</kw>
<kw name="Log" owner="BuiltIn">
<msg time="2025-09-30T17:22:36.382078" level="INFO">📋 EDS Target IP: 10.26.216.107</msg>
<arg>📋 EDS Target IP: ${TARGET_IP}</arg>
<arg>console=yes</arg>
<doc>Logs the given message with the given level.</doc>
<status status="PASS" start="2025-09-30T17:22:36.381749" elapsed="0.000775"/>
</kw>
<kw name="Log" owner="BuiltIn">
<msg time="2025-09-30T17:22:36.383319" level="INFO">📋 EDS CPU Cores: 8</msg>
<arg>📋 EDS CPU Cores: ${TARGET_CPU_CORES}</arg>
<arg>console=yes</arg>
<doc>Logs the given message with the given level.</doc>
<status status="PASS" start="2025-09-30T17:22:36.382974" elapsed="0.000637"/>
</kw>
<kw name="Log" owner="BuiltIn">
<msg time="2025-09-30T17:22:36.384407" level="INFO">📋 EDS RAM: 16 GB</msg>
<arg>📋 EDS RAM: ${TARGET_RAM} GB</arg>
<arg>console=yes</arg>
<doc>Logs the given message with the given level.</doc>
<status status="PASS" start="2025-09-30T17:22:36.383828" elapsed="0.000972"/>
</kw>
<kw name="Log" owner="BuiltIn">
<msg time="2025-09-30T17:22:36.385379" level="INFO">📋 EDS Storage Type: VSAN</msg>
<arg>📋 EDS Storage Type: ${TARGET_STORAGE_TYPE}</arg>
<arg>console=yes</arg>
<doc>Logs the given message with the given level.</doc>
<status status="PASS" start="2025-09-30T17:22:36.385074" elapsed="0.000596"/>
</kw>
<kw name="Log" owner="BuiltIn">
<msg time="2025-09-30T17:22:36.386074" level="INFO">📋 EDS Storage Total: 0.465 TB</msg>
<arg>📋 EDS Storage Total: ${TARGET_STORAGE_TOTAL_TB} TB</arg>
<arg>console=yes</arg>
<doc>Logs the given message with the given level.</doc>
<status status="PASS" start="2025-09-30T17:22:36.385850" elapsed="0.000479"/>
</kw>
<kw name="Log" owner="BuiltIn">
<msg time="2025-09-30T17:22:36.386810" level="INFO">📋 EDS OS Type: RHEL 9.6</msg>
<arg>📋 EDS OS Type: ${TARGET_OS_TYPE}</arg>
<arg>console=yes</arg>
<doc>Logs the given message with the given level.</doc>
<status status="PASS" start="2025-09-30T17:22:36.386546" elapsed="0.000535"/>
</kw>
<kw name="Log" owner="BuiltIn">
<msg time="2025-09-30T17:22:36.387517" level="INFO">🔗 Connecting to target server: 10.26.216.107...</msg>
<arg>🔗 Connecting to target server: ${TARGET_IP}...</arg>
<arg>console=yes</arg>
<doc>Logs the given message with the given level.</doc>
<status status="PASS" start="2025-09-30T17:22:36.387286" elapsed="0.000441"/>
</kw>
<kw name="Open Connection" owner="SSHLibrary">
<arg>${TARGET_IP}</arg>
<doc>Opens a new SSH connection to the given ``host`` and ``port``.</doc>
<status status="PASS" start="2025-09-30T17:22:36.387899" elapsed="0.000246"/>
</kw>
<kw name="Login" owner="SSHLibrary">
<msg time="2025-09-30T17:22:36.388419" level="INFO">Logging into '10.26.216.107:22' as 'pauls6'.</msg>
<msg time="2025-09-30T17:22:39.404796" level="FAIL">TimeoutError: timed out</msg>
<arg>${SSH_USERNAME}</arg>
<arg>${SSH_PASSWORD}</arg>
<doc>Logs into the SSH server with the given ``username`` and ``password``.</doc>
<status status="FAIL" start="2025-09-30T17:22:36.388245" elapsed="3.021323">TimeoutError: timed out</status>
</kw>
<kw name="Log" owner="BuiltIn">
<arg>✅ SSH connection established successfully</arg>
<arg>console=yes</arg>
<doc>Logs the given message with the given level.</doc>
<status status="NOT RUN" start="2025-09-30T17:22:39.409878" elapsed="0.000049"/>
</kw>
<kw name="Log" owner="BuiltIn">
<arg>✅ Test-5 environment initialized</arg>
<arg>console=yes</arg>
<doc>Logs the given message with the given level.</doc>
<status status="NOT RUN" start="2025-09-30T17:22:39.410080" elapsed="0.000025"/>
</kw>
<doc>🏗️ Set up test environment and lookup EDS configuration</doc>
<status status="FAIL" start="2025-09-30T17:22:36.335641" elapsed="3.074658">TimeoutError: timed out</status>
</kw>
<test id="s1-t1" name="Critical - CPU Cores Validation" line="19">
<doc>💻 SSH to server and validate CPU core count matches EDS specification</doc>
<tag>compliance</tag>
<tag>cpu</tag>
<tag>critical</tag>
<tag>hardware</tag>
<status status="FAIL" start="2025-09-30T17:22:39.410450" elapsed="0.001027">Parent suite setup failed:
TimeoutError: timed out</status>
</test>
<test id="s1-t2" name="Critical - Memory Allocation Validation" line="36">
<doc>🧠 SSH to server and validate memory allocation matches EDS specification</doc>
<tag>compliance</tag>
<tag>critical</tag>
<tag>hardware</tag>
<tag>memory</tag>
<status status="FAIL" start="2025-09-30T17:22:39.412418" elapsed="0.000507">Parent suite setup failed:
TimeoutError: timed out</status>
</test>
<test id="s1-t3" name="Critical - Disk Space Allocation Validation" line="53">
<doc>💾 SSH to server and validate disk space allocation against EDS requirements</doc>
<tag>compliance</tag>
<tag>critical</tag>
<tag>disk</tag>
<tag>storage</tag>
<status status="FAIL" start="2025-09-30T17:22:39.413592" elapsed="0.000716">Parent suite setup failed:
TimeoutError: timed out</status>
</test>
<test id="s1-t4" name="Critical - Storage Type Validation" line="70">
<doc>📡 SSH to server and validate storage infrastructure matches EDS specification</doc>
<tag>compliance</tag>
<tag>critical</tag>
<tag>infrastructure</tag>
<tag>storage</tag>
<status status="FAIL" start="2025-09-30T17:22:39.414831" elapsed="0.000644">Parent suite setup failed:
TimeoutError: timed out</status>
</test>
<test id="s1-t5" name="Critical - Root Filesystem Validation" line="87">
<doc>🗂️ SSH to server and validate root filesystem configuration against EDS</doc>
<tag>compliance</tag>
<tag>critical</tag>
<tag>filesystem</tag>
<tag>storage</tag>
<status status="FAIL" start="2025-09-30T17:22:39.416001" elapsed="0.000423">Parent suite setup failed:
TimeoutError: timed out</status>
</test>
<test id="s1-t6" name="Normal - Storage Capacity Analysis" line="107">
<doc>📊 Analyze overall storage capacity and utilization patterns</doc>
<tag>analysis</tag>
<tag>capacity</tag>
<tag>normal</tag>
<tag>storage</tag>
<status status="FAIL" start="2025-09-30T17:22:39.417045" elapsed="0.000543">Parent suite setup failed:
TimeoutError: timed out</status>
</test>
<test id="s1-t7" name="Normal - Volume Group Analysis" line="127">
<doc>🏗️ Analyze volume group and logical volume configuration</doc>
<tag>analysis</tag>
<tag>lvm</tag>
<tag>normal</tag>
<tag>volumes</tag>
<status status="FAIL" start="2025-09-30T17:22:39.418473" elapsed="0.001028">Parent suite setup failed:
TimeoutError: timed out</status>
</test>
<test id="s1-t8" name="Normal - Operating System Validation" line="146">
<doc>🖥️ Validate operating system type matches EDS specification</doc>
<tag>compliance</tag>
<tag>normal</tag>
<tag>os</tag>
<tag>system</tag>
<status status="FAIL" start="2025-09-30T17:22:39.420336" elapsed="0.000676">Parent suite setup failed:
TimeoutError: timed out</status>
</test>
<kw name="Generate Storage Executive Summary" owner="storage_keywords" type="TEARDOWN">
<kw name="Log" owner="BuiltIn">
<msg time="2025-09-30T17:22:39.422913" level="INFO">📊 Generating Test-5 Storage Validation Executive Summary...</msg>
<arg>📊 Generating Test-5 Storage Validation Executive Summary...</arg>
<arg>console=yes</arg>
<doc>Logs the given message with the given level.</doc>
<status status="PASS" start="2025-09-30T17:22:39.422707" elapsed="0.000393"/>
</kw>
<kw name="Get Current Date" owner="DateTime">
<msg time="2025-09-30T17:22:39.423898" level="INFO">${timestamp} = 2025-09-30 17:22:39</msg>
<var>${timestamp}</var>
<arg>result_format=%Y-%m-%d %H:%M:%S</arg>
<doc>Returns current local or UTC time with an optional increment.</doc>
<status status="PASS" start="2025-09-30T17:22:39.423372" elapsed="0.000557"/>
</kw>
<kw name="Set Variable" owner="BuiltIn">
<msg time="2025-09-30T17:22:39.424168" level="INFO">${summary_file} = results/test5_disk_space_validation/Test5_Storage_Executive_Summary.txt</msg>
<var>${summary_file}</var>
<arg>results/test5_disk_space_validation/Test5_Storage_Executive_Summary.txt</arg>
<doc>Returns the given values which can then be assigned to a variables.</doc>
<status status="PASS" start="2025-09-30T17:22:39.424051" elapsed="0.000139"/>
</kw>
<kw name="Catenate" owner="BuiltIn">
<msg time="2025-09-30T17:22:39.424829" level="INFO">${summary_content} = ========================================
🗄️ TEST-5: STORAGE &amp; SYSTEM VALIDATION
📊 EXECUTIVE SUMMARY REPORT
========================================

📅 Report Generated: 2025-09-30 17:22:39
🎯 Target Sy...</msg>
<var>${summary_content}</var>
<arg>SEPARATOR=\n</arg>
<arg>========================================</arg>
<arg>🗄️ TEST-5: STORAGE &amp; SYSTEM VALIDATION</arg>
<arg>📊 EXECUTIVE SUMMARY REPORT</arg>
<arg>========================================</arg>
<arg>📅 Report Generated: ${timestamp}</arg>
<arg>🎯 Target System: ${TARGET_HOSTNAME} (${TARGET_IP})</arg>
<arg>📋 Test Suite: Test-5 Disk Space &amp; System Validation</arg>
<arg>========================================</arg>
<arg>📋 EDS BASELINE CONFIGURATION</arg>
<arg>========================================</arg>
<arg>💻 CPU Cores (Expected): ${TARGET_CPU_CORES}</arg>
<arg>🧠 RAM (Expected): ${TARGET_RAM} GB</arg>
<arg>📡 Storage Type (Expected): ${TARGET_STORAGE_TYPE}</arg>
<arg>💾 Storage Total (Expected): ${TARGET_STORAGE_TOTAL_TB} TB</arg>
<arg>🗂️ Mount Point (Expected): ${TARGET_LOGICAL_VOLUME}</arg>
<arg>📊 Storage Allocation (Expected): ${TARGET_STORAGE_ALLOC_GB} GB</arg>
<arg>🎯 Drive Purpose: ${TARGET_DRIVE_PURPOSE}</arg>
<arg>🖥️ OS Type (Expected): ${TARGET_OS_TYPE}</arg>
<arg>========================================</arg>
<arg>✅ VALIDATION RESULTS</arg>
<arg>========================================</arg>
<arg>Results available in detailed test reports.</arg>
<arg>========================================</arg>
<arg>📁 SUPPORTING DOCUMENTATION</arg>
<arg>========================================</arg>
<arg>📄 Detailed data files: results/test5_disk_space_validation/data/</arg>
<arg>📊 Robot Framework reports: results/test5_disk_space_validation/</arg>
<arg>========================================</arg>
<arg>🏆 COMPLIANCE STATUS</arg>
<arg>========================================</arg>
<arg>✅ Test execution completed successfully</arg>
<arg>📋 All data collected and validated against EDS</arg>
<arg>🔍 Results ready for stakeholder review</arg>
<arg>End of Executive Summary</arg>
<arg>========================================</arg>
<doc>Catenates the given items together and returns the resulted string.</doc>
<status status="PASS" start="2025-09-30T17:22:39.424279" elapsed="0.000607"/>
</kw>
<kw name="Create File" owner="OperatingSystem">
<msg time="2025-09-30T17:22:39.426291" level="INFO" html="true">Created file '&lt;a href="file://C:\Users\sacpa\Projects\robot\robotframework\results\test5_disk_space_validation\Test5_Storage_Executive_Summary.txt"&gt;C:\Users\sacpa\Projects\robot\robotframework\results\test5_disk_space_validation\Test5_Storage_Executive_Summary.txt&lt;/a&gt;'.</msg>
<arg>${summary_file}</arg>
<arg>${summary_content}</arg>
<doc>Creates a file with the given content and encoding.</doc>
<status status="PASS" start="2025-09-30T17:22:39.425089" elapsed="0.001292"/>
</kw>
<kw name="Log" owner="BuiltIn">
<msg time="2025-09-30T17:22:39.426700" level="INFO">📊 Executive summary generated: results/test5_disk_space_validation/Test5_Storage_Executive_Summary.txt</msg>
<arg>📊 Executive summary generated: ${summary_file}</arg>
<arg>console=yes</arg>
<doc>Logs the given message with the given level.</doc>
<status status="PASS" start="2025-09-30T17:22:39.426499" elapsed="0.000367"/>
</kw>
<kw name="Log" owner="BuiltIn">
<msg time="2025-09-30T17:22:39.427271" level="INFO">✅ Test-5 Storage Validation completed successfully!</msg>
<arg>✅ Test-5 Storage Validation completed successfully!</arg>
<arg>console=yes</arg>
<doc>Logs the given message with the given level.</doc>
<status status="PASS" start="2025-09-30T17:22:39.427049" elapsed="0.000450"/>
</kw>
<doc>📊 Generate executive summary for storage validation results</doc>
<status status="PASS" start="2025-09-30T17:22:39.422408" elapsed="0.005215"/>
</kw>
<doc>🗄️ Storage &amp; System Validation Test Suite - Test-5
🔍 Process: Find hostname in EDS → SSH to server → Collect disk/CPU/memory data → Compare server vs EDS
✅ Pass if server resources match EDS requirements, ❌ Fail if mismatch
📊 Validates: CPU cores, RAM, disk space allocation, filesystem types, storage configuration</doc>
<status status="FAIL" start="2025-09-30T17:22:35.510232" elapsed="3.917462">Suite setup failed:
TimeoutError: timed out</status>
</suite>
<statistics>
<total>
<stat pass="0" fail="8" skip="0">All Tests</stat>
</total>
<tag>
<stat pass="0" fail="2" skip="0">analysis</stat>
<stat pass="0" fail="1" skip="0">capacity</stat>
<stat pass="0" fail="6" skip="0">compliance</stat>
<stat pass="0" fail="1" skip="0">cpu</stat>
<stat pass="0" fail="5" skip="0">critical</stat>
<stat pass="0" fail="1" skip="0">disk</stat>
<stat pass="0" fail="1" skip="0">filesystem</stat>
<stat pass="0" fail="2" skip="0">hardware</stat>
<stat pass="0" fail="1" skip="0">infrastructure</stat>
<stat pass="0" fail="1" skip="0">lvm</stat>
<stat pass="0" fail="1" skip="0">memory</stat>
<stat pass="0" fail="3" skip="0">normal</stat>
<stat pass="0" fail="1" skip="0">os</stat>
<stat pass="0" fail="4" skip="0">storage</stat>
<stat pass="0" fail="1" skip="0">system</stat>
<stat pass="0" fail="1" skip="0">volumes</stat>
</tag>
<suite>
<stat name="Disk Space Validation" id="s1" pass="0" fail="8" skip="0">Disk Space Validation</stat>
</suite>
</statistics>
<errors>
</errors>
</robot>
